-------------------------------------------------------------------------------
Test set: com.ningmeng.manage_course.dao.TestDao
-------------------------------------------------------------------------------
Tests run: 2, Failures: 0, Errors: 2, Skipped: 0, Time elapsed: 100.553 s <<< FAILURE! - in com.ningmeng.manage_course.dao.TestDao
testCourseMapper(com.ningmeng.manage_course.dao.TestDao)  Time elapsed: 0.002 s  <<< ERROR!
java.lang.IllegalStateException: Failed to load ApplicationContext
Caused by: org.springframework.beans.factory.BeanCreationException: 
Error creating bean with name 'org.springframework.cloud.autoconfigure.RefreshAutoConfiguration$JpaInvokerConfiguration': Invocation of init method failed; nested exception is org.springframework.beans.factory.BeanCreationException: Error creating bean with name 'org.springframework.boot.autoconfigure.jdbc.DataSourceInitializerInvoker': Invocation of init method failed; nested exception is org.springframework.beans.factory.BeanCreationException: Error creating bean with name 'dataSource' defined in class path resource [com/alibaba/druid/spring/boot/autoconfigure/DruidDataSourceAutoConfigure.class]: Invocation of init method failed; nested exception is com.mysql.jdbc.exceptions.jdbc4.CommunicationsException: Communications link failure

The last packet successfully received from the server was 10,449 milliseconds ago.  The last packet sent successfully to the server was 10,368 milliseconds ago.
Caused by: org.springframework.beans.factory.BeanCreationException: 
Error creating bean with name 'org.springframework.boot.autoconfigure.jdbc.DataSourceInitializerInvoker': Invocation of init method failed; nested exception is org.springframework.beans.factory.BeanCreationException: Error creating bean with name 'dataSource' defined in class path resource [com/alibaba/druid/spring/boot/autoconfigure/DruidDataSourceAutoConfigure.class]: Invocation of init method failed; nested exception is com.mysql.jdbc.exceptions.jdbc4.CommunicationsException: Communications link failure

The last packet successfully received from the server was 10,449 milliseconds ago.  The last packet sent successfully to the server was 10,368 milliseconds ago.
Caused by: org.springframework.beans.factory.BeanCreationException: 
Error creating bean with name 'dataSource' defined in class path resource [com/alibaba/druid/spring/boot/autoconfigure/DruidDataSourceAutoConfigure.class]: Invocation of init method failed; nested exception is com.mysql.jdbc.exceptions.jdbc4.CommunicationsException: Communications link failure

The last packet successfully received from the server was 10,449 milliseconds ago.  The last packet sent successfully to the server was 10,368 milliseconds ago.
Caused by: com.mysql.jdbc.exceptions.jdbc4.CommunicationsException: 
Communications link failure

The last packet successfully received from the server was 10,449 milliseconds ago.  The last packet sent successfully to the server was 10,368 milliseconds ago.
Caused by: java.io.EOFException: Can not read response from server. Expected to read 4 bytes, read 0 bytes before connection was unexpectedly lost.

testCourseBaseRepository(com.ningmeng.manage_course.dao.TestDao)  Time elapsed: 0 s  <<< ERROR!
java.lang.IllegalStateException: Failed to load ApplicationContext
Caused by: org.springframework.beans.factory.UnsatisfiedDependencyException: Error creating bean with name 'courseController': Unsatisfied dependency expressed through field 'courseService'; nested exception is org.springframework.beans.factory.UnsatisfiedDependencyException: Error creating bean with name 'courseService': Unsatisfied dependency expressed through field 'teachplanMapper'; nested exception is org.springframework.beans.factory.BeanCreationException: Error creating bean with name 'teachplanMapper' defined in file [E:\nginx-1.14\hdservicecode\hdservicecode\nm-service-manage-course\target\classes\com\ningmeng\manage_course\dao\TeachplanMapper.class]: Invocation of init method failed; nested exception is java.lang.IllegalArgumentException: org.apache.ibatis.builder.BuilderException: Error parsing Mapper XML. Cause: org.apache.ibatis.builder.BuilderException: Error resolving class. Cause: org.apache.ibatis.type.TypeException: Could not resolve type alias 'com.xuecheng.framework.domain.course.ext.TeachplanNode'.  Cause: java.lang.ClassNotFoundException: Cannot find class: com.xuecheng.framework.domain.course.ext.TeachplanNode
Caused by: org.springframework.beans.factory.UnsatisfiedDependencyException: Error creating bean with name 'courseService': Unsatisfied dependency expressed through field 'teachplanMapper'; nested exception is org.springframework.beans.factory.BeanCreationException: Error creating bean with name 'teachplanMapper' defined in file [E:\nginx-1.14\hdservicecode\hdservicecode\nm-service-manage-course\target\classes\com\ningmeng\manage_course\dao\TeachplanMapper.class]: Invocation of init method failed; nested exception is java.lang.IllegalArgumentException: org.apache.ibatis.builder.BuilderException: Error parsing Mapper XML. Cause: org.apache.ibatis.builder.BuilderException: Error resolving class. Cause: org.apache.ibatis.type.TypeException: Could not resolve type alias 'com.xuecheng.framework.domain.course.ext.TeachplanNode'.  Cause: java.lang.ClassNotFoundException: Cannot find class: com.xuecheng.framework.domain.course.ext.TeachplanNode
Caused by: org.springframework.beans.factory.BeanCreationException: Error creating bean with name 'teachplanMapper' defined in file [E:\nginx-1.14\hdservicecode\hdservicecode\nm-service-manage-course\target\classes\com\ningmeng\manage_course\dao\TeachplanMapper.class]: Invocation of init method failed; nested exception is java.lang.IllegalArgumentException: org.apache.ibatis.builder.BuilderException: Error parsing Mapper XML. Cause: org.apache.ibatis.builder.BuilderException: Error resolving class. Cause: org.apache.ibatis.type.TypeException: Could not resolve type alias 'com.xuecheng.framework.domain.course.ext.TeachplanNode'.  Cause: java.lang.ClassNotFoundException: Cannot find class: com.xuecheng.framework.domain.course.ext.TeachplanNode
Caused by: java.lang.IllegalArgumentException: org.apache.ibatis.builder.BuilderException: Error parsing Mapper XML. Cause: org.apache.ibatis.builder.BuilderException: Error resolving class. Cause: org.apache.ibatis.type.TypeException: Could not resolve type alias 'com.xuecheng.framework.domain.course.ext.TeachplanNode'.  Cause: java.lang.ClassNotFoundException: Cannot find class: com.xuecheng.framework.domain.course.ext.TeachplanNode
Caused by: org.apache.ibatis.builder.BuilderException: Error parsing Mapper XML. Cause: org.apache.ibatis.builder.BuilderException: Error resolving class. Cause: org.apache.ibatis.type.TypeException: Could not resolve type alias 'com.xuecheng.framework.domain.course.ext.TeachplanNode'.  Cause: java.lang.ClassNotFoundException: Cannot find class: com.xuecheng.framework.domain.course.ext.TeachplanNode
Caused by: org.apache.ibatis.builder.BuilderException: Error resolving class. Cause: org.apache.ibatis.type.TypeException: Could not resolve type alias 'com.xuecheng.framework.domain.course.ext.TeachplanNode'.  Cause: java.lang.ClassNotFoundException: Cannot find class: com.xuecheng.framework.domain.course.ext.TeachplanNode
Caused by: org.apache.ibatis.type.TypeException: Could not resolve type alias 'com.xuecheng.framework.domain.course.ext.TeachplanNode'.  Cause: java.lang.ClassNotFoundException: Cannot find class: com.xuecheng.framework.domain.course.ext.TeachplanNode
Caused by: java.lang.ClassNotFoundException: Cannot find class: com.xuecheng.framework.domain.course.ext.TeachplanNode

