<?xml version="1.0" encoding="UTF-8"?>
<testsuite xmlns:xsi="http://www.w3.org/2001/XMLSchema-instance" xsi:noNamespaceSchemaLocation="https://maven.apache.org/surefire/maven-surefire-plugin/xsd/surefire-test-report.xsd" name="com.ningmeng.manage_course.dao.FeignTest" time="28.695" tests="1" errors="1" skipped="0" failures="0">
  <properties>
[...]
</properties>
  <testcase name="testfeign" classname="com.ningmeng.manage_course.dao.FeignTest" time="6.907">
    <error message="com.netflix.client.ClientException: Load balancer does not have available server for client: nm-service-manage-cms" type="java.lang.RuntimeException">java.lang.RuntimeException: com.netflix.client.ClientException: Load balancer does not have available server for client: nm-service-manage-cms
	at com.ningmeng.manage_course.dao.FeignTest.testfeign(FeignTest.java:23)
Caused by: com.netflix.client.ClientException: Load balancer does not have available server for client: nm-service-manage-cms
	at com.ningmeng.manage_course.dao.FeignTest.testfeign(FeignTest.java:23)
</error>
    <system-out><![CDATA[20:54:38.866 [main] DEBUG org.springframework.test.context.junit4.SpringJUnit4ClassRunner - SpringJUnit4ClassRunner constructor called with [class com.ningmeng.manage_course.dao.FeignTest]
20:54:38.872 [main] DEBUG org.springframework.test.context.BootstrapUtils - Instantiating CacheAwareContextLoaderDelegate from class [org.springframework.test.context.cache.DefaultCacheAwareContextLoaderDelegate]
20:54:38.885 [main] DEBUG org.springframework.test.context.BootstrapUtils - Instantiating BootstrapContext using constructor [public org.springframework.test.context.support.DefaultBootstrapContext(java.lang.Class,org.springframework.test.context.CacheAwareContextLoaderDelegate)]
20:54:38.907 [main] DEBUG org.springframework.test.context.BootstrapUtils - Instantiating TestContextBootstrapper for test class [com.ningmeng.manage_course.dao.FeignTest] from class [org.springframework.boot.test.context.SpringBootTestContextBootstrapper]
20:54:38.925 [main] INFO org.springframework.boot.test.context.SpringBootTestContextBootstrapper - Neither @ContextConfiguration nor @ContextHierarchy found for test class [com.ningmeng.manage_course.dao.FeignTest], using SpringBootContextLoader
20:54:38.929 [main] DEBUG org.springframework.test.context.support.AbstractContextLoader - Did not detect default resource location for test class [com.ningmeng.manage_course.dao.FeignTest]: class path resource [com/ningmeng/manage_course/dao/FeignTest-context.xml] does not exist
20:54:38.930 [main] DEBUG org.springframework.test.context.support.AbstractContextLoader - Did not detect default resource location for test class [com.ningmeng.manage_course.dao.FeignTest]: class path resource [com/ningmeng/manage_course/dao/FeignTestContext.groovy] does not exist
20:54:38.930 [main] INFO org.springframework.test.context.support.AbstractContextLoader - Could not detect default resource locations for test class [com.ningmeng.manage_course.dao.FeignTest]: no resource found for suffixes {-context.xml, Context.groovy}.
20:54:38.931 [main] INFO org.springframework.test.context.support.AnnotationConfigContextLoaderUtils - Could not detect default configuration classes for test class [com.ningmeng.manage_course.dao.FeignTest]: FeignTest does not declare any static, non-private, non-final, nested classes annotated with @Configuration.
20:54:38.984 [main] DEBUG org.springframework.test.context.support.ActiveProfilesUtils - Could not find an 'annotation declaring class' for annotation type [org.springframework.test.context.ActiveProfiles] and class [com.ningmeng.manage_course.dao.FeignTest]
20:54:38.992 [main] DEBUG org.springframework.core.env.StandardEnvironment - Adding PropertySource 'systemProperties' with lowest search precedence
20:54:38.992 [main] DEBUG org.springframework.core.env.StandardEnvironment - Adding PropertySource 'systemEnvironment' with lowest search precedence
20:54:38.992 [main] DEBUG org.springframework.core.env.StandardEnvironment - Initialized StandardEnvironment with PropertySources [MapPropertySource@1519736165 {name='systemProperties', properties={idea.version=2017.1.2, java.runtime.name=Java(TM) SE Runtime Environment, sun.boot.library.path=C:\Program Files\Java\jdk1.8.0_91\jre\bin, java.vm.version=25.91-b14, java.vm.vendor=Oracle Corporation, java.vendor.url=http://java.oracle.com/, path.separator=;, java.vm.name=Java HotSpot(TM) 64-Bit Server VM, file.encoding.pkg=sun.io, user.country=CN, user.script=, sun.java.launcher=SUN_STANDARD, sun.os.patch.level=, java.vm.specification.name=Java Virtual Machine Specification, user.dir=E:\nginx-1.14\hdservicecode\hdservicecode\nm-service-manage-course, java.runtime.version=1.8.0_91-b14, basedir=E:\nginx-1.14\hdservicecode\hdservicecode\nm-service-manage-course, java.awt.graphicsenv=sun.awt.Win32GraphicsEnvironment, java.endorsed.dirs=C:\Program Files\Java\jdk1.8.0_91\jre\lib\endorsed, os.arch=amd64, surefire.real.class.path=C:\Users\ASUS\AppData\Local\Temp\surefire3031866665741347682\surefirebooter599786619540887596.jar, java.io.tmpdir=C:\Users\ASUS\AppData\Local\Temp\, line.separator=
, java.vm.specification.vendor=Oracle Corporation, user.variant=, os.name=Windows 10, sun.jnu.encoding=GBK, java.library.path=C:\Program Files\Java\jdk1.8.0_91\jre\bin;C:\WINDOWS\Sun\Java\bin;C:\WINDOWS\system32;C:\WINDOWS;F:\app\ASUS\product\11.2.0\dbhome_1\bin;E:\maven\bin;E:\maven\apache-maven-3.6.1\bin;C:\Program Files (x86)\Intel\iCLS Client\;C:\Program Files\Intel\iCLS Client\;C:\Windows\system32;C:\Windows;C:\Windows\System32\Wbem;C:\Windows\System32\WindowsPowerShell\v1.0\;C:\Program Files (x86)\NVIDIA Corporation\PhysX\Common;C:\Program Files (x86)\Intel\Intel(R) Management Engine Components\DAL;C:\Program Files\Intel\Intel(R) Management Engine Components\DAL;C:\Program Files (x86)\Intel\Intel(R) Management Engine Components\IPT;C:\Program Files\Intel\Intel(R) Management Engine Components\IPT;C:\Program Files\Intel\WiFi\bin\;C:\Program Files\Common Files\Intel\WirelessCommon\;C:\WINDOWS\system32;C:\WINDOWS;C:\WINDOWS\System32\Wbem;C:\WINDOWS\System32\WindowsPowerShell\v1.0\;C:\WINDOWS\System32\OpenSSH\;C:\Program Files\MySQL\MySQL Server 5.5\bin;C:\Program Files\NVIDIA Corporation\NVIDIA NvDLISR;E:\Head\;E:\vue\visual\bin;C:\WINDOWS\system32;C:\WINDOWS;C:\WINDOWS\System32\Wbem;C:\WINDOWS\System32\WindowsPowerShell\v1.0\;C:\WINDOWS\System32\OpenSSH\;E:\Git\cmd;E:\ffmpeg\ffmpeg-20180227-fa0c9d6-win64-static\bin;C:\Users\ASUS\AppData\Local\Microsoft\WindowsApps;C:\Users\ASUS\AppData\Roaming\npm;E:\vue\bin;E:\vue\visual\bin;;., surefire.test.class.path=E:\nginx-1.14\hdservicecode\hdservicecode\nm-service-manage-course\target\test-classes;E:\nginx-1.14\hdservicecode\hdservicecode\nm-service-manage-course\target\classes;E:\nginx-1.14\hdservicecode\hdservicecode\nm-service-api\target\nm-service-api.jar;E:\nginx-1.14\maven_config\repository\commons-fileupload\commons-fileupload\1.3.3\commons-fileupload-1.3.3.jar;E:\nginx-1.14\maven_config\repository\io\springfox\springfox-swagger2\2.7.0\springfox-swagger2-2.7.0.jar;E:\nginx-1.14\maven_config\repository\io\swagger\swagger-annotations\1.5.13\swagger-annotations-1.5.13.jar;E:\nginx-1.14\maven_config\repository\io\swagger\swagger-models\1.5.13\swagger-models-1.5.13.jar;E:\nginx-1.14\maven_config\repository\io\springfox\springfox-spi\2.7.0\springfox-spi-2.7.0.jar;E:\nginx-1.14\maven_config\repository\io\springfox\springfox-core\2.7.0\springfox-core-2.7.0.jar;E:\nginx-1.14\maven_config\repository\io\springfox\springfox-schema\2.7.0\springfox-schema-2.7.0.jar;E:\nginx-1.14\maven_config\repository\io\springfox\springfox-swagger-common\2.7.0\springfox-swagger-common-2.7.0.jar;E:\nginx-1.14\maven_config\repository\io\springfox\springfox-spring-web\2.7.0\springfox-spring-web-2.7.0.jar;E:\nginx-1.14\maven_config\repository\org\reflections\reflections\0.9.11\reflections-0.9.11.jar;E:\nginx-1.14\maven_config\repository\com\fasterxml\classmate\1.3.4\classmate-1.3.4.jar;E:\nginx-1.14\maven_config\repository\org\springframework\plugin\spring-plugin-core\1.2.0.RELEASE\spring-plugin-core-1.2.0.RELEASE.jar;E:\nginx-1.14\maven_config\repository\org\springframework\plugin\spring-plugin-metadata\1.2.0.RELEASE\spring-plugin-metadata-1.2.0.RELEASE.jar;E:\nginx-1.14\maven_config\repository\org\mapstruct\mapstruct\1.1.0.Final\mapstruct-1.1.0.Final.jar;E:\nginx-1.14\maven_config\repository\io\springfox\springfox-swagger-ui\2.7.0\springfox-swagger-ui-2.7.0.jar;E:\nginx-1.14\hdservicecode\hdservicecode\nm-framework-model\target\nm-framework-model.jar;E:\nginx-1.14\maven_config\repository\org\projectlombok\lombok\1.16.16\lombok-1.16.16.jar;E:\nginx-1.14\maven_config\repository\org\springframework\data\spring-data-commons\2.0.6.RELEASE\spring-data-commons-2.0.6.RELEASE.jar;E:\nginx-1.14\maven_config\repository\org\springframework\data\spring-data-mongodb\2.0.6.RELEASE\spring-data-mongodb-2.0.6.RELEASE.jar;E:\nginx-1.14\maven_config\repository\org\springframework\spring-context\5.0.5.RELEASE\spring-context-5.0.5.RELEASE.jar;E:\nginx-1.14\maven_config\repository\org\springframework\spring-expression\5.0.5.RELEASE\spring-expression-5.0.5.RELEASE.jar;E:\nginx-1.14\maven_config\repository\org\mongodb\mongo-java-driver\3.6.3\mongo-java-driver-3.6.3.jar;E:\nginx-1.14\maven_config\repository\org\hibernate\hibernate-core\5.2.16.Final\hibernate-core-5.2.16.Final.jar;E:\nginx-1.14\maven_config\repository\org\jboss\logging\jboss-logging\3.3.2.Final\jboss-logging-3.3.2.Final.jar;E:\nginx-1.14\maven_config\repository\org\hibernate\javax\persistence\hibernate-jpa-2.1-api\1.0.0.Final\hibernate-jpa-2.1-api-1.0.0.Final.jar;E:\nginx-1.14\maven_config\repository\org\javassist\javassist\3.22.0-GA\javassist-3.22.0-GA.jar;E:\nginx-1.14\maven_config\repository\antlr\antlr\2.7.7\antlr-2.7.7.jar;E:\nginx-1.14\maven_config\repository\org\jboss\spec\javax\transaction\jboss-transaction-api_1.2_spec\1.0.1.Final\jboss-transaction-api_1.2_spec-1.0.1.Final.jar;E:\nginx-1.14\maven_config\repository\org\jboss\jandex\2.0.3.Final\jandex-2.0.3.Final.jar;E:\nginx-1.14\maven_config\repository\dom4j\dom4j\1.6.1\dom4j-1.6.1.jar;E:\nginx-1.14\maven_config\repository\org\hibernate\common\hibernate-commons-annotations\5.0.1.Final\hibernate-commons-annotations-5.0.1.Final.jar;E:\nginx-1.14\maven_config\repository\com\google\guava\guava\24.0-jre\guava-24.0-jre.jar;E:\nginx-1.14\maven_config\repository\com\google\code\findbugs\jsr305\1.3.9\jsr305-1.3.9.jar;E:\nginx-1.14\maven_config\repository\org\checkerframework\checker-compat-qual\2.0.0\checker-compat-qual-2.0.0.jar;E:\nginx-1.14\maven_config\repository\com\google\errorprone\error_prone_annotations\2.1.3\error_prone_annotations-2.1.3.jar;E:\nginx-1.14\maven_config\repository\com\google\j2objc\j2objc-annotations\1.1\j2objc-annotations-1.1.jar;E:\nginx-1.14\maven_config\repository\org\codehaus\mojo\animal-sniffer-annotations\1.14\animal-sniffer-annotations-1.14.jar;E:\nginx-1.14\hdservicecode\hdservicecode\nm-framework-utils\target\nm-framework-utils.jar;E:\nginx-1.14\maven_config\repository\javax\servlet\javax.servlet-api\3.1.0\javax.servlet-api-3.1.0.jar;E:\nginx-1.14\maven_config\repository\org\springframework\boot\spring-boot-starter-logging\2.0.1.RELEASE\spring-boot-starter-logging-2.0.1.RELEASE.jar;E:\nginx-1.14\maven_config\repository\ch\qos\logback\logback-classic\1.2.3\logback-classic-1.2.3.jar;E:\nginx-1.14\maven_config\repository\ch\qos\logback\logback-core\1.2.3\logback-core-1.2.3.jar;E:\nginx-1.14\maven_config\repository\org\apache\logging\log4j\log4j-to-slf4j\2.10.0\log4j-to-slf4j-2.10.0.jar;E:\nginx-1.14\maven_config\repository\org\apache\logging\log4j\log4j-api\2.10.0\log4j-api-2.10.0.jar;E:\nginx-1.14\maven_config\repository\org\slf4j\jul-to-slf4j\1.7.25\jul-to-slf4j-1.7.25.jar;E:\nginx-1.14\maven_config\repository\org\apache\httpcomponents\httpclient\4.5.5\httpclient-4.5.5.jar;E:\nginx-1.14\maven_config\repository\org\apache\httpcomponents\httpcore\4.4.9\httpcore-4.4.9.jar;E:\nginx-1.14\maven_config\repository\commons-codec\commons-codec\1.10\commons-codec-1.10.jar;E:\nginx-1.14\maven_config\repository\net\lingala\zip4j\zip4j\1.3.1\zip4j-1.3.1.jar;E:\nginx-1.14\maven_config\repository\org\springframework\security\spring-security-crypto\5.0.4.RELEASE\spring-security-crypto-5.0.4.RELEASE.jar;E:\nginx-1.14\maven_config\repository\org\springframework\security\spring-security-jwt\1.0.8.RELEASE\spring-security-jwt-1.0.8.RELEASE.jar;E:\nginx-1.14\maven_config\repository\org\bouncycastle\bcpkix-jdk15on\1.56\bcpkix-jdk15on-1.56.jar;E:\nginx-1.14\maven_config\repository\org\bouncycastle\bcprov-jdk15on\1.56\bcprov-jdk15on-1.56.jar;E:\nginx-1.14\hdservicecode\hdservicecode\nm-framework-common\target\nm-framework-common.jar;E:\nginx-1.14\maven_config\repository\org\springframework\spring-web\5.0.5.RELEASE\spring-web-5.0.5.RELEASE.jar;E:\nginx-1.14\maven_config\repository\org\springframework\boot\spring-boot-starter-web\2.0.1.RELEASE\spring-boot-starter-web-2.0.1.RELEASE.jar;E:\nginx-1.14\maven_config\repository\org\springframework\boot\spring-boot-starter\2.0.1.RELEASE\spring-boot-starter-2.0.1.RELEASE.jar;E:\nginx-1.14\maven_config\repository\org\springframework\boot\spring-boot\2.0.1.RELEASE\spring-boot-2.0.1.RELEASE.jar;E:\nginx-1.14\maven_config\repository\javax\annotation\javax.annotation-api\1.3.2\javax.annotation-api-1.3.2.jar;E:\nginx-1.14\maven_config\repository\org\yaml\snakeyaml\1.19\snakeyaml-1.19.jar;E:\nginx-1.14\maven_config\repository\org\springframework\boot\spring-boot-starter-json\2.0.1.RELEASE\spring-boot-starter-json-2.0.1.RELEASE.jar;E:\nginx-1.14\maven_config\repository\com\fasterxml\jackson\core\jackson-databind\2.9.5\jackson-databind-2.9.5.jar;E:\nginx-1.14\maven_config\repository\com\fasterxml\jackson\datatype\jackson-datatype-jdk8\2.9.5\jackson-datatype-jdk8-2.9.5.jar;E:\nginx-1.14\maven_config\repository\com\fasterxml\jackson\datatype\jackson-datatype-jsr310\2.9.5\jackson-datatype-jsr310-2.9.5.jar;E:\nginx-1.14\maven_config\repository\com\fasterxml\jackson\module\jackson-module-parameter-names\2.9.5\jackson-module-parameter-names-2.9.5.jar;E:\nginx-1.14\maven_config\repository\org\springframework\boot\spring-boot-starter-tomcat\2.0.1.RELEASE\spring-boot-starter-tomcat-2.0.1.RELEASE.jar;E:\nginx-1.14\maven_config\repository\org\apache\tomcat\embed\tomcat-embed-core\8.5.28\tomcat-embed-core-8.5.28.jar;E:\nginx-1.14\maven_config\repository\org\apache\tomcat\embed\tomcat-embed-el\8.5.28\tomcat-embed-el-8.5.28.jar;E:\nginx-1.14\maven_config\repository\org\apache\tomcat\embed\tomcat-embed-websocket\8.5.28\tomcat-embed-websocket-8.5.28.jar;E:\nginx-1.14\maven_config\repository\org\hibernate\validator\hibernate-validator\6.0.9.Final\hibernate-validator-6.0.9.Final.jar;E:\nginx-1.14\maven_config\repository\javax\validation\validation-api\2.0.1.Final\validation-api-2.0.1.Final.jar;E:\nginx-1.14\maven_config\repository\org\springframework\spring-webmvc\5.0.5.RELEASE\spring-webmvc-5.0.5.RELEASE.jar;E:\nginx-1.14\maven_config\repository\org\springframework\spring-aop\5.0.5.RELEASE\spring-aop-5.0.5.RELEASE.jar;E:\nginx-1.14\maven_config\repository\mysql\mysql-connector-java\5.1.40\mysql-connector-java-5.1.40.jar;E:\nginx-1.14\maven_config\repository\com\alibaba\druid-spring-boot-starter\1.1.10\druid-spring-boot-starter-1.1.10.jar;E:\nginx-1.14\maven_config\repository\com\alibaba\druid\1.1.6\druid-1.1.6.jar;E:\nginx-1.14\maven_config\repository\org\slf4j\slf4j-api\1.7.25\slf4j-api-1.7.25.jar;E:\nginx-1.14\maven_config\repository\org\springframework\boot\spring-boot-autoconfigure\2.0.1.RELEASE\spring-boot-autoconfigure-2.0.1.RELEASE.jar;E:\nginx-1.14\maven_config\repository\org\mybatis\spring\boot\mybatis-spring-boot-starter\1.3.1\mybatis-spring-boot-starter-1.3.1.jar;E:\nginx-1.14\maven_config\repository\org\springframework\boot\spring-boot-starter-jdbc\2.0.1.RELEASE\spring-boot-starter-jdbc-2.0.1.RELEASE.jar;E:\nginx-1.14\maven_config\repository\com\zaxxer\HikariCP\2.7.8\HikariCP-2.7.8.jar;E:\nginx-1.14\maven_config\repository\org\mybatis\spring\boot\mybatis-spring-boot-autoconfigure\1.3.1\mybatis-spring-boot-autoconfigure-1.3.1.jar;E:\nginx-1.14\maven_config\repository\org\mybatis\mybatis\3.4.5\mybatis-3.4.5.jar;E:\nginx-1.14\maven_config\repository\org\mybatis\mybatis-spring\1.3.1\mybatis-spring-1.3.1.jar;E:\nginx-1.14\maven_config\repository\org\springframework\spring-orm\5.0.5.RELEASE\spring-orm-5.0.5.RELEASE.jar;E:\nginx-1.14\maven_config\repository\org\springframework\spring-beans\5.0.5.RELEASE\spring-beans-5.0.5.RELEASE.jar;E:\nginx-1.14\maven_config\repository\org\springframework\spring-core\5.0.5.RELEASE\spring-core-5.0.5.RELEASE.jar;E:\nginx-1.14\maven_config\repository\org\springframework\spring-jcl\5.0.5.RELEASE\spring-jcl-5.0.5.RELEASE.jar;E:\nginx-1.14\maven_config\repository\org\springframework\spring-jdbc\5.0.5.RELEASE\spring-jdbc-5.0.5.RELEASE.jar;E:\nginx-1.14\maven_config\repository\org\springframework\spring-tx\5.0.5.RELEASE\spring-tx-5.0.5.RELEASE.jar;E:\nginx-1.14\maven_config\repository\org\springframework\boot\spring-boot-starter-data-jpa\2.0.1.RELEASE\spring-boot-starter-data-jpa-2.0.1.RELEASE.jar;E:\nginx-1.14\maven_config\repository\org\springframework\boot\spring-boot-starter-aop\2.0.1.RELEASE\spring-boot-starter-aop-2.0.1.RELEASE.jar;E:\nginx-1.14\maven_config\repository\org\aspectj\aspectjweaver\1.8.13\aspectjweaver-1.8.13.jar;E:\nginx-1.14\maven_config\repository\javax\transaction\javax.transaction-api\1.2\javax.transaction-api-1.2.jar;E:\nginx-1.14\maven_config\repository\org\springframework\data\spring-data-jpa\2.0.6.RELEASE\spring-data-jpa-2.0.6.RELEASE.jar;E:\nginx-1.14\maven_config\repository\org\springframework\spring-aspects\5.0.5.RELEASE\spring-aspects-5.0.5.RELEASE.jar;E:\nginx-1.14\maven_config\repository\com\squareup\okhttp3\okhttp\3.9.1\okhttp-3.9.1.jar;E:\nginx-1.14\maven_config\repository\com\squareup\okio\okio\1.13.0\okio-1.13.0.jar;E:\nginx-1.14\maven_config\repository\com\alibaba\fastjson\1.2.30\fastjson-1.2.30.jar;E:\nginx-1.14\maven_config\repository\commons-io\commons-io\2.6\commons-io-2.6.jar;E:\nginx-1.14\maven_config\repository\org\apache\commons\commons-lang3\3.6\commons-lang3-3.6.jar;E:\nginx-1.14\maven_config\repository\org\springframework\boot\spring-boot-starter-test\2.0.1.RELEASE\spring-boot-starter-test-2.0.1.RELEASE.jar;E:\nginx-1.14\maven_config\repository\org\springframework\boot\spring-boot-test\2.0.1.RELEASE\spring-boot-test-2.0.1.RELEASE.jar;E:\nginx-1.14\maven_config\repository\org\springframework\boot\spring-boot-test-autoconfigure\2.0.1.RELEASE\spring-boot-test-autoconfigure-2.0.1.RELEASE.jar;E:\nginx-1.14\maven_config\repository\com\jayway\jsonpath\json-path\2.4.0\json-path-2.4.0.jar;E:\nginx-1.14\maven_config\repository\net\minidev\json-smart\2.3\json-smart-2.3.jar;E:\nginx-1.14\maven_config\repository\net\minidev\accessors-smart\1.2\accessors-smart-1.2.jar;E:\nginx-1.14\maven_config\repository\org\ow2\asm\asm\5.0.4\asm-5.0.4.jar;E:\nginx-1.14\maven_config\repository\junit\junit\4.12\junit-4.12.jar;E:\nginx-1.14\maven_config\repository\org\assertj\assertj-core\3.9.1\assertj-core-3.9.1.jar;E:\nginx-1.14\maven_config\repository\org\mockito\mockito-core\2.15.0\mockito-core-2.15.0.jar;E:\nginx-1.14\maven_config\repository\net\bytebuddy\byte-buddy\1.7.11\byte-buddy-1.7.11.jar;E:\nginx-1.14\maven_config\repository\net\bytebuddy\byte-buddy-agent\1.7.11\byte-buddy-agent-1.7.11.jar;E:\nginx-1.14\maven_config\repository\org\objenesis\objenesis\2.6\objenesis-2.6.jar;E:\nginx-1.14\maven_config\repository\org\hamcrest\hamcrest-core\1.3\hamcrest-core-1.3.jar;E:\nginx-1.14\maven_config\repository\org\hamcrest\hamcrest-library\1.3\hamcrest-library-1.3.jar;E:\nginx-1.14\maven_config\repository\org\skyscreamer\jsonassert\1.5.0\jsonassert-1.5.0.jar;E:\nginx-1.14\maven_config\repository\com\vaadin\external\google\android-json\0.0.20131108.vaadin1\android-json-0.0.20131108.vaadin1.jar;E:\nginx-1.14\maven_config\repository\org\springframework\spring-test\5.0.5.RELEASE\spring-test-5.0.5.RELEASE.jar;E:\nginx-1.14\maven_config\repository\org\xmlunit\xmlunit-core\2.5.1\xmlunit-core-2.5.1.jar;E:\nginx-1.14\maven_config\repository\com\github\pagehelper\pagehelper-spring-boot-starter\1.2.4\pagehelper-spring-boot-starter-1.2.4.jar;E:\nginx-1.14\maven_config\repository\com\github\pagehelper\pagehelper-spring-boot-autoconfigure\1.2.4\pagehelper-spring-boot-autoconfigure-1.2.4.jar;E:\nginx-1.14\maven_config\repository\com\github\pagehelper\pagehelper\5.1.3\pagehelper-5.1.3.jar;E:\nginx-1.14\maven_config\repository\com\github\jsqlparser\jsqlparser\1.0\jsqlparser-1.0.jar;E:\nginx-1.14\maven_config\repository\org\springframework\cloud\spring-cloud-starter-netflix-eureka-client\2.0.1.RELEASE\spring-cloud-starter-netflix-eureka-client-2.0.1.RELEASE.jar;E:\nginx-1.14\maven_config\repository\org\springframework\cloud\spring-cloud-starter\2.0.1.RELEASE\spring-cloud-starter-2.0.1.RELEASE.jar;E:\nginx-1.14\maven_config\repository\org\springframework\cloud\spring-cloud-context\2.0.1.RELEASE\spring-cloud-context-2.0.1.RELEASE.jar;E:\nginx-1.14\maven_config\repository\org\springframework\security\spring-security-rsa\1.0.5.RELEASE\spring-security-rsa-1.0.5.RELEASE.jar;E:\nginx-1.14\maven_config\repository\org\springframework\cloud\spring-cloud-netflix-core\2.0.1.RELEASE\spring-cloud-netflix-core-2.0.1.RELEASE.jar;E:\nginx-1.14\maven_config\repository\org\springframework\cloud\spring-cloud-netflix-eureka-client\2.0.1.RELEASE\spring-cloud-netflix-eureka-client-2.0.1.RELEASE.jar;E:\nginx-1.14\maven_config\repository\com\netflix\eureka\eureka-client\1.9.3\eureka-client-1.9.3.jar;E:\nginx-1.14\maven_config\repository\org\codehaus\jettison\jettison\1.3.7\jettison-1.3.7.jar;E:\nginx-1.14\maven_config\repository\stax\stax-api\1.0.1\stax-api-1.0.1.jar;E:\nginx-1.14\maven_config\repository\com\netflix\netflix-commons\netflix-eventbus\0.3.0\netflix-eventbus-0.3.0.jar;E:\nginx-1.14\maven_config\repository\com\netflix\netflix-commons\netflix-infix\0.3.0\netflix-infix-0.3.0.jar;E:\nginx-1.14\maven_config\repository\commons-jxpath\commons-jxpath\1.3\commons-jxpath-1.3.jar;E:\nginx-1.14\maven_config\repository\joda-time\joda-time\2.9.9\joda-time-2.9.9.jar;E:\nginx-1.14\maven_config\repository\org\antlr\antlr-runtime\3.4\antlr-runtime-3.4.jar;E:\nginx-1.14\maven_config\repository\org\antlr\stringtemplate\3.2.1\stringtemplate-3.2.1.jar;E:\nginx-1.14\maven_config\repository\com\google\code\gson\gson\2.8.2\gson-2.8.2.jar;E:\nginx-1.14\maven_config\repository\org\apache\commons\commons-math\2.2\commons-math-2.2.jar;E:\nginx-1.14\maven_config\repository\com\netflix\archaius\archaius-core\0.7.6\archaius-core-0.7.6.jar;E:\nginx-1.14\maven_config\repository\javax\ws\rs\jsr311-api\1.1.1\jsr311-api-1.1.1.jar;E:\nginx-1.14\maven_config\repository\com\netflix\servo\servo-core\0.12.21\servo-core-0.12.21.jar;E:\nginx-1.14\maven_config\repository\com\sun\jersey\jersey-core\1.19.1\jersey-core-1.19.1.jar;E:\nginx-1.14\maven_config\repository\com\sun\jersey\jersey-client\1.19.1\jersey-client-1.19.1.jar;E:\nginx-1.14\maven_config\repository\com\sun\jersey\contribs\jersey-apache-client4\1.19.1\jersey-apache-client4-1.19.1.jar;E:\nginx-1.14\maven_config\repository\com\google\inject\guice\4.1.0\guice-4.1.0.jar;E:\nginx-1.14\maven_config\repository\javax\inject\javax.inject\1\javax.inject-1.jar;E:\nginx-1.14\maven_config\repository\aopalliance\aopalliance\1.0\aopalliance-1.0.jar;E:\nginx-1.14\maven_config\repository\com\github\vlsi\compactmap\compactmap\1.2.1\compactmap-1.2.1.jar;E:\nginx-1.14\maven_config\repository\com\github\andrewoma\dexx\dexx-collections\0.2\dexx-collections-0.2.jar;E:\nginx-1.14\maven_config\repository\com\fasterxml\jackson\core\jackson-annotations\2.9.0\jackson-annotations-2.9.0.jar;E:\nginx-1.14\maven_config\repository\com\fasterxml\jackson\core\jackson-core\2.9.5\jackson-core-2.9.5.jar;E:\nginx-1.14\maven_config\repository\com\netflix\eureka\eureka-core\1.9.3\eureka-core-1.9.3.jar;E:\nginx-1.14\maven_config\repository\org\codehaus\woodstox\woodstox-core-asl\4.4.1\woodstox-core-asl-4.4.1.jar;E:\nginx-1.14\maven_config\repository\javax\xml\stream\stax-api\1.0-2\stax-api-1.0-2.jar;E:\nginx-1.14\maven_config\repository\org\codehaus\woodstox\stax2-api\3.1.4\stax2-api-3.1.4.jar;E:\nginx-1.14\maven_config\repository\org\springframework\cloud\spring-cloud-starter-netflix-archaius\2.0.1.RELEASE\spring-cloud-starter-netflix-archaius-2.0.1.RELEASE.jar;E:\nginx-1.14\maven_config\repository\org\springframework\cloud\spring-cloud-netflix-ribbon\2.0.1.RELEASE\spring-cloud-netflix-ribbon-2.0.1.RELEASE.jar;E:\nginx-1.14\maven_config\repository\org\springframework\cloud\spring-cloud-netflix-archaius\2.0.1.RELEASE\spring-cloud-netflix-archaius-2.0.1.RELEASE.jar;E:\nginx-1.14\maven_config\repository\commons-configuration\commons-configuration\1.8\commons-configuration-1.8.jar;E:\nginx-1.14\maven_config\repository\commons-lang\commons-lang\2.6\commons-lang-2.6.jar;E:\nginx-1.14\maven_config\repository\org\springframework\cloud\spring-cloud-starter-netflix-ribbon\2.0.1.RELEASE\spring-cloud-starter-netflix-ribbon-2.0.1.RELEASE.jar;E:\nginx-1.14\maven_config\repository\com\netflix\ribbon\ribbon\2.2.5\ribbon-2.2.5.jar;E:\nginx-1.14\maven_config\repository\com\netflix\ribbon\ribbon-transport\2.2.5\ribbon-transport-2.2.5.jar;E:\nginx-1.14\maven_config\repository\io\reactivex\rxnetty-contexts\0.4.9\rxnetty-contexts-0.4.9.jar;E:\nginx-1.14\maven_config\repository\io\reactivex\rxnetty-servo\0.4.9\rxnetty-servo-0.4.9.jar;E:\nginx-1.14\maven_config\repository\io\reactivex\rxnetty\0.4.9\rxnetty-0.4.9.jar;E:\nginx-1.14\maven_config\repository\io\netty\netty-codec-http\4.1.23.Final\netty-codec-http-4.1.23.Final.jar;E:\nginx-1.14\maven_config\repository\io\netty\netty-codec\4.1.23.Final\netty-codec-4.1.23.Final.jar;E:\nginx-1.14\maven_config\repository\io\netty\netty-transport-native-epoll\4.1.23.Final\netty-transport-native-epoll-4.1.23.Final.jar;E:\nginx-1.14\maven_config\repository\io\netty\netty-common\4.1.23.Final\netty-common-4.1.23.Final.jar;E:\nginx-1.14\maven_config\repository\io\netty\netty-buffer\4.1.23.Final\netty-buffer-4.1.23.Final.jar;E:\nginx-1.14\maven_config\repository\io\netty\netty-transport-native-unix-common\4.1.23.Final\netty-transport-native-unix-common-4.1.23.Final.jar;E:\nginx-1.14\maven_config\repository\io\netty\netty-transport\4.1.23.Final\netty-transport-4.1.23.Final.jar;E:\nginx-1.14\maven_config\repository\io\netty\netty-resolver\4.1.23.Final\netty-resolver-4.1.23.Final.jar;E:\nginx-1.14\maven_config\repository\com\netflix\ribbon\ribbon-core\2.2.5\ribbon-core-2.2.5.jar;E:\nginx-1.14\maven_config\repository\com\netflix\ribbon\ribbon-httpclient\2.2.5\ribbon-httpclient-2.2.5.jar;E:\nginx-1.14\maven_config\repository\commons-collections\commons-collections\3.2.2\commons-collections-3.2.2.jar;E:\nginx-1.14\maven_config\repository\com\netflix\netflix-commons\netflix-commons-util\0.3.0\netflix-commons-util-0.3.0.jar;E:\nginx-1.14\maven_config\repository\com\netflix\ribbon\ribbon-loadbalancer\2.2.5\ribbon-loadbalancer-2.2.5.jar;E:\nginx-1.14\maven_config\repository\com\netflix\netflix-commons\netflix-statistics\0.1.1\netflix-statistics-0.1.1.jar;E:\nginx-1.14\maven_config\repository\io\reactivex\rxjava\1.3.8\rxjava-1.3.8.jar;E:\nginx-1.14\maven_config\repository\com\netflix\ribbon\ribbon-eureka\2.2.5\ribbon-eureka-2.2.5.jar;E:\nginx-1.14\maven_config\repository\com\thoughtworks\xstream\xstream\1.4.10\xstream-1.4.10.jar;E:\nginx-1.14\maven_config\repository\xmlpull\xmlpull\1.1.3.1\xmlpull-1.1.3.1.jar;E:\nginx-1.14\maven_config\repository\xpp3\xpp3_min\1.1.4c\xpp3_min-1.1.4c.jar;E:\nginx-1.14\maven_config\repository\org\springframework\cloud\spring-cloud-starter-openfeign\2.0.1.RELEASE\spring-cloud-starter-openfeign-2.0.1.RELEASE.jar;E:\nginx-1.14\maven_config\repository\org\springframework\cloud\spring-cloud-openfeign-core\2.0.1.RELEASE\spring-cloud-openfeign-core-2.0.1.RELEASE.jar;E:\nginx-1.14\maven_config\repository\org\springframework\cloud\spring-cloud-commons\2.0.1.RELEASE\spring-cloud-commons-2.0.1.RELEASE.jar;E:\nginx-1.14\maven_config\repository\io\github\openfeign\feign-core\9.5.1\feign-core-9.5.1.jar;E:\nginx-1.14\maven_config\repository\io\github\openfeign\feign-slf4j\9.5.1\feign-slf4j-9.5.1.jar;E:\nginx-1.14\maven_config\repository\io\github\openfeign\feign-hystrix\9.5.1\feign-hystrix-9.5.1.jar;E:\nginx-1.14\maven_config\repository\com\netflix\hystrix\hystrix-core\1.5.12\hystrix-core-1.5.12.jar;E:\nginx-1.14\maven_config\repository\org\hdrhistogram\HdrHistogram\2.1.9\HdrHistogram-2.1.9.jar;E:\nginx-1.14\maven_config\repository\io\github\openfeign\feign-java8\9.5.1\feign-java8-9.5.1.jar;E:\nginx-1.14\maven_config\repository\com\netflix\feign\feign-okhttp\8.18.0\feign-okhttp-8.18.0.jar;E:\nginx-1.14\maven_config\repository\com\netflix\feign\feign-core\8.18.0\feign-core-8.18.0.jar;E:\nginx-1.14\maven_config\repository\org\jvnet\animal-sniffer-annotation\1.0\animal-sniffer-annotation-1.0.jar;, java.specification.name=Java Platform API Specification, java.class.version=52.0, sun.management.compiler=HotSpot 64-Bit Tiered Compilers, maven.repo.local=E:\nginx-1.14\maven_config\repository, os.version=10.0, user.home=C:\Users\ASUS, user.timezone=Asia/Shanghai, java.awt.printerjob=sun.awt.windows.WPrinterJob, file.encoding=GBK, java.specification.version=1.8, java.class.path=E:\nginx-1.14\hdservicecode\hdservicecode\nm-service-manage-course\target\test-classes;E:\nginx-1.14\hdservicecode\hdservicecode\nm-service-manage-course\target\classes;E:\nginx-1.14\hdservicecode\hdservicecode\nm-service-api\target\nm-service-api.jar;E:\nginx-1.14\maven_config\repository\commons-fileupload\commons-fileupload\1.3.3\commons-fileupload-1.3.3.jar;E:\nginx-1.14\maven_config\repository\io\springfox\springfox-swagger2\2.7.0\springfox-swagger2-2.7.0.jar;E:\nginx-1.14\maven_config\repository\io\swagger\swagger-annotations\1.5.13\swagger-annotations-1.5.13.jar;E:\nginx-1.14\maven_config\repository\io\swagger\swagger-models\1.5.13\swagger-models-1.5.13.jar;E:\nginx-1.14\maven_config\repository\io\springfox\springfox-spi\2.7.0\springfox-spi-2.7.0.jar;E:\nginx-1.14\maven_config\repository\io\springfox\springfox-core\2.7.0\springfox-core-2.7.0.jar;E:\nginx-1.14\maven_config\repository\io\springfox\springfox-schema\2.7.0\springfox-schema-2.7.0.jar;E:\nginx-1.14\maven_config\repository\io\springfox\springfox-swagger-common\2.7.0\springfox-swagger-common-2.7.0.jar;E:\nginx-1.14\maven_config\repository\io\springfox\springfox-spring-web\2.7.0\springfox-spring-web-2.7.0.jar;E:\nginx-1.14\maven_config\repository\org\reflections\reflections\0.9.11\reflections-0.9.11.jar;E:\nginx-1.14\maven_config\repository\com\fasterxml\classmate\1.3.4\classmate-1.3.4.jar;E:\nginx-1.14\maven_config\repository\org\springframework\plugin\spring-plugin-core\1.2.0.RELEASE\spring-plugin-core-1.2.0.RELEASE.jar;E:\nginx-1.14\maven_config\repository\org\springframework\plugin\spring-plugin-metadata\1.2.0.RELEASE\spring-plugin-metadata-1.2.0.RELEASE.jar;E:\nginx-1.14\maven_config\repository\org\mapstruct\mapstruct\1.1.0.Final\mapstruct-1.1.0.Final.jar;E:\nginx-1.14\maven_config\repository\io\springfox\springfox-swagger-ui\2.7.0\springfox-swagger-ui-2.7.0.jar;E:\nginx-1.14\hdservicecode\hdservicecode\nm-framework-model\target\nm-framework-model.jar;E:\nginx-1.14\maven_config\repository\org\projectlombok\lombok\1.16.16\lombok-1.16.16.jar;E:\nginx-1.14\maven_config\repository\org\springframework\data\spring-data-commons\2.0.6.RELEASE\spring-data-commons-2.0.6.RELEASE.jar;E:\nginx-1.14\maven_config\repository\org\springframework\data\spring-data-mongodb\2.0.6.RELEASE\spring-data-mongodb-2.0.6.RELEASE.jar;E:\nginx-1.14\maven_config\repository\org\springframework\spring-context\5.0.5.RELEASE\spring-context-5.0.5.RELEASE.jar;E:\nginx-1.14\maven_config\repository\org\springframework\spring-expression\5.0.5.RELEASE\spring-expression-5.0.5.RELEASE.jar;E:\nginx-1.14\maven_config\repository\org\mongodb\mongo-java-driver\3.6.3\mongo-java-driver-3.6.3.jar;E:\nginx-1.14\maven_config\repository\org\hibernate\hibernate-core\5.2.16.Final\hibernate-core-5.2.16.Final.jar;E:\nginx-1.14\maven_config\repository\org\jboss\logging\jboss-logging\3.3.2.Final\jboss-logging-3.3.2.Final.jar;E:\nginx-1.14\maven_config\repository\org\hibernate\javax\persistence\hibernate-jpa-2.1-api\1.0.0.Final\hibernate-jpa-2.1-api-1.0.0.Final.jar;E:\nginx-1.14\maven_config\repository\org\javassist\javassist\3.22.0-GA\javassist-3.22.0-GA.jar;E:\nginx-1.14\maven_config\repository\antlr\antlr\2.7.7\antlr-2.7.7.jar;E:\nginx-1.14\maven_config\repository\org\jboss\spec\javax\transaction\jboss-transaction-api_1.2_spec\1.0.1.Final\jboss-transaction-api_1.2_spec-1.0.1.Final.jar;E:\nginx-1.14\maven_config\repository\org\jboss\jandex\2.0.3.Final\jandex-2.0.3.Final.jar;E:\nginx-1.14\maven_config\repository\dom4j\dom4j\1.6.1\dom4j-1.6.1.jar;E:\nginx-1.14\maven_config\repository\org\hibernate\common\hibernate-commons-annotations\5.0.1.Final\hibernate-commons-annotations-5.0.1.Final.jar;E:\nginx-1.14\maven_config\repository\com\google\guava\guava\24.0-jre\guava-24.0-jre.jar;E:\nginx-1.14\maven_config\repository\com\google\code\findbugs\jsr305\1.3.9\jsr305-1.3.9.jar;E:\nginx-1.14\maven_config\repository\org\checkerframework\checker-compat-qual\2.0.0\checker-compat-qual-2.0.0.jar;E:\nginx-1.14\maven_config\repository\com\google\errorprone\error_prone_annotations\2.1.3\error_prone_annotations-2.1.3.jar;E:\nginx-1.14\maven_config\repository\com\google\j2objc\j2objc-annotations\1.1\j2objc-annotations-1.1.jar;E:\nginx-1.14\maven_config\repository\org\codehaus\mojo\animal-sniffer-annotations\1.14\animal-sniffer-annotations-1.14.jar;E:\nginx-1.14\hdservicecode\hdservicecode\nm-framework-utils\target\nm-framework-utils.jar;E:\nginx-1.14\maven_config\repository\javax\servlet\javax.servlet-api\3.1.0\javax.servlet-api-3.1.0.jar;E:\nginx-1.14\maven_config\repository\org\springframework\boot\spring-boot-starter-logging\2.0.1.RELEASE\spring-boot-starter-logging-2.0.1.RELEASE.jar;E:\nginx-1.14\maven_config\repository\ch\qos\logback\logback-classic\1.2.3\logback-classic-1.2.3.jar;E:\nginx-1.14\maven_config\repository\ch\qos\logback\logback-core\1.2.3\logback-core-1.2.3.jar;E:\nginx-1.14\maven_config\repository\org\apache\logging\log4j\log4j-to-slf4j\2.10.0\log4j-to-slf4j-2.10.0.jar;E:\nginx-1.14\maven_config\repository\org\apache\logging\log4j\log4j-api\2.10.0\log4j-api-2.10.0.jar;E:\nginx-1.14\maven_config\repository\org\slf4j\jul-to-slf4j\1.7.25\jul-to-slf4j-1.7.25.jar;E:\nginx-1.14\maven_config\repository\org\apache\httpcomponents\httpclient\4.5.5\httpclient-4.5.5.jar;E:\nginx-1.14\maven_config\repository\org\apache\httpcomponents\httpcore\4.4.9\httpcore-4.4.9.jar;E:\nginx-1.14\maven_config\repository\commons-codec\commons-codec\1.10\commons-codec-1.10.jar;E:\nginx-1.14\maven_config\repository\net\lingala\zip4j\zip4j\1.3.1\zip4j-1.3.1.jar;E:\nginx-1.14\maven_config\repository\org\springframework\security\spring-security-crypto\5.0.4.RELEASE\spring-security-crypto-5.0.4.RELEASE.jar;E:\nginx-1.14\maven_config\repository\org\springframework\security\spring-security-jwt\1.0.8.RELEASE\spring-security-jwt-1.0.8.RELEASE.jar;E:\nginx-1.14\maven_config\repository\org\bouncycastle\bcpkix-jdk15on\1.56\bcpkix-jdk15on-1.56.jar;E:\nginx-1.14\maven_config\repository\org\bouncycastle\bcprov-jdk15on\1.56\bcprov-jdk15on-1.56.jar;E:\nginx-1.14\hdservicecode\hdservicecode\nm-framework-common\target\nm-framework-common.jar;E:\nginx-1.14\maven_config\repository\org\springframework\spring-web\5.0.5.RELEASE\spring-web-5.0.5.RELEASE.jar;E:\nginx-1.14\maven_config\repository\org\springframework\boot\spring-boot-starter-web\2.0.1.RELEASE\spring-boot-starter-web-2.0.1.RELEASE.jar;E:\nginx-1.14\maven_config\repository\org\springframework\boot\spring-boot-starter\2.0.1.RELEASE\spring-boot-starter-2.0.1.RELEASE.jar;E:\nginx-1.14\maven_config\repository\org\springframework\boot\spring-boot\2.0.1.RELEASE\spring-boot-2.0.1.RELEASE.jar;E:\nginx-1.14\maven_config\repository\javax\annotation\javax.annotation-api\1.3.2\javax.annotation-api-1.3.2.jar;E:\nginx-1.14\maven_config\repository\org\yaml\snakeyaml\1.19\snakeyaml-1.19.jar;E:\nginx-1.14\maven_config\repository\org\springframework\boot\spring-boot-starter-json\2.0.1.RELEASE\spring-boot-starter-json-2.0.1.RELEASE.jar;E:\nginx-1.14\maven_config\repository\com\fasterxml\jackson\core\jackson-databind\2.9.5\jackson-databind-2.9.5.jar;E:\nginx-1.14\maven_config\repository\com\fasterxml\jackson\datatype\jackson-datatype-jdk8\2.9.5\jackson-datatype-jdk8-2.9.5.jar;E:\nginx-1.14\maven_config\repository\com\fasterxml\jackson\datatype\jackson-datatype-jsr310\2.9.5\jackson-datatype-jsr310-2.9.5.jar;E:\nginx-1.14\maven_config\repository\com\fasterxml\jackson\module\jackson-module-parameter-names\2.9.5\jackson-module-parameter-names-2.9.5.jar;E:\nginx-1.14\maven_config\repository\org\springframework\boot\spring-boot-starter-tomcat\2.0.1.RELEASE\spring-boot-starter-tomcat-2.0.1.RELEASE.jar;E:\nginx-1.14\maven_config\repository\org\apache\tomcat\embed\tomcat-embed-core\8.5.28\tomcat-embed-core-8.5.28.jar;E:\nginx-1.14\maven_config\repository\org\apache\tomcat\embed\tomcat-embed-el\8.5.28\tomcat-embed-el-8.5.28.jar;E:\nginx-1.14\maven_config\repository\org\apache\tomcat\embed\tomcat-embed-websocket\8.5.28\tomcat-embed-websocket-8.5.28.jar;E:\nginx-1.14\maven_config\repository\org\hibernate\validator\hibernate-validator\6.0.9.Final\hibernate-validator-6.0.9.Final.jar;E:\nginx-1.14\maven_config\repository\javax\validation\validation-api\2.0.1.Final\validation-api-2.0.1.Final.jar;E:\nginx-1.14\maven_config\repository\org\springframework\spring-webmvc\5.0.5.RELEASE\spring-webmvc-5.0.5.RELEASE.jar;E:\nginx-1.14\maven_config\repository\org\springframework\spring-aop\5.0.5.RELEASE\spring-aop-5.0.5.RELEASE.jar;E:\nginx-1.14\maven_config\repository\mysql\mysql-connector-java\5.1.40\mysql-connector-java-5.1.40.jar;E:\nginx-1.14\maven_config\repository\com\alibaba\druid-spring-boot-starter\1.1.10\druid-spring-boot-starter-1.1.10.jar;E:\nginx-1.14\maven_config\repository\com\alibaba\druid\1.1.6\druid-1.1.6.jar;E:\nginx-1.14\maven_config\repository\org\slf4j\slf4j-api\1.7.25\slf4j-api-1.7.25.jar;E:\nginx-1.14\maven_config\repository\org\springframework\boot\spring-boot-autoconfigure\2.0.1.RELEASE\spring-boot-autoconfigure-2.0.1.RELEASE.jar;E:\nginx-1.14\maven_config\repository\org\mybatis\spring\boot\mybatis-spring-boot-starter\1.3.1\mybatis-spring-boot-starter-1.3.1.jar;E:\nginx-1.14\maven_config\repository\org\springframework\boot\spring-boot-starter-jdbc\2.0.1.RELEASE\spring-boot-starter-jdbc-2.0.1.RELEASE.jar;E:\nginx-1.14\maven_config\repository\com\zaxxer\HikariCP\2.7.8\HikariCP-2.7.8.jar;E:\nginx-1.14\maven_config\repository\org\mybatis\spring\boot\mybatis-spring-boot-autoconfigure\1.3.1\mybatis-spring-boot-autoconfigure-1.3.1.jar;E:\nginx-1.14\maven_config\repository\org\mybatis\mybatis\3.4.5\mybatis-3.4.5.jar;E:\nginx-1.14\maven_config\repository\org\mybatis\mybatis-spring\1.3.1\mybatis-spring-1.3.1.jar;E:\nginx-1.14\maven_config\repository\org\springframework\spring-orm\5.0.5.RELEASE\spring-orm-5.0.5.RELEASE.jar;E:\nginx-1.14\maven_config\repository\org\springframework\spring-beans\5.0.5.RELEASE\spring-beans-5.0.5.RELEASE.jar;E:\nginx-1.14\maven_config\repository\org\springframework\spring-core\5.0.5.RELEASE\spring-core-5.0.5.RELEASE.jar;E:\nginx-1.14\maven_config\repository\org\springframework\spring-jcl\5.0.5.RELEASE\spring-jcl-5.0.5.RELEASE.jar;E:\nginx-1.14\maven_config\repository\org\springframework\spring-jdbc\5.0.5.RELEASE\spring-jdbc-5.0.5.RELEASE.jar;E:\nginx-1.14\maven_config\repository\org\springframework\spring-tx\5.0.5.RELEASE\spring-tx-5.0.5.RELEASE.jar;E:\nginx-1.14\maven_config\repository\org\springframework\boot\spring-boot-starter-data-jpa\2.0.1.RELEASE\spring-boot-starter-data-jpa-2.0.1.RELEASE.jar;E:\nginx-1.14\maven_config\repository\org\springframework\boot\spring-boot-starter-aop\2.0.1.RELEASE\spring-boot-starter-aop-2.0.1.RELEASE.jar;E:\nginx-1.14\maven_config\repository\org\aspectj\aspectjweaver\1.8.13\aspectjweaver-1.8.13.jar;E:\nginx-1.14\maven_config\repository\javax\transaction\javax.transaction-api\1.2\javax.transaction-api-1.2.jar;E:\nginx-1.14\maven_config\repository\org\springframework\data\spring-data-jpa\2.0.6.RELEASE\spring-data-jpa-2.0.6.RELEASE.jar;E:\nginx-1.14\maven_config\repository\org\springframework\spring-aspects\5.0.5.RELEASE\spring-aspects-5.0.5.RELEASE.jar;E:\nginx-1.14\maven_config\repository\com\squareup\okhttp3\okhttp\3.9.1\okhttp-3.9.1.jar;E:\nginx-1.14\maven_config\repository\com\squareup\okio\okio\1.13.0\okio-1.13.0.jar;E:\nginx-1.14\maven_config\repository\com\alibaba\fastjson\1.2.30\fastjson-1.2.30.jar;E:\nginx-1.14\maven_config\repository\commons-io\commons-io\2.6\commons-io-2.6.jar;E:\nginx-1.14\maven_config\repository\org\apache\commons\commons-lang3\3.6\commons-lang3-3.6.jar;E:\nginx-1.14\maven_config\repository\org\springframework\boot\spring-boot-starter-test\2.0.1.RELEASE\spring-boot-starter-test-2.0.1.RELEASE.jar;E:\nginx-1.14\maven_config\repository\org\springframework\boot\spring-boot-test\2.0.1.RELEASE\spring-boot-test-2.0.1.RELEASE.jar;E:\nginx-1.14\maven_config\repository\org\springframework\boot\spring-boot-test-autoconfigure\2.0.1.RELEASE\spring-boot-test-autoconfigure-2.0.1.RELEASE.jar;E:\nginx-1.14\maven_config\repository\com\jayway\jsonpath\json-path\2.4.0\json-path-2.4.0.jar;E:\nginx-1.14\maven_config\repository\net\minidev\json-smart\2.3\json-smart-2.3.jar;E:\nginx-1.14\maven_config\repository\net\minidev\accessors-smart\1.2\accessors-smart-1.2.jar;E:\nginx-1.14\maven_config\repository\org\ow2\asm\asm\5.0.4\asm-5.0.4.jar;E:\nginx-1.14\maven_config\repository\junit\junit\4.12\junit-4.12.jar;E:\nginx-1.14\maven_config\repository\org\assertj\assertj-core\3.9.1\assertj-core-3.9.1.jar;E:\nginx-1.14\maven_config\repository\org\mockito\mockito-core\2.15.0\mockito-core-2.15.0.jar;E:\nginx-1.14\maven_config\repository\net\bytebuddy\byte-buddy\1.7.11\byte-buddy-1.7.11.jar;E:\nginx-1.14\maven_config\repository\net\bytebuddy\byte-buddy-agent\1.7.11\byte-buddy-agent-1.7.11.jar;E:\nginx-1.14\maven_config\repository\org\objenesis\objenesis\2.6\objenesis-2.6.jar;E:\nginx-1.14\maven_config\repository\org\hamcrest\hamcrest-core\1.3\hamcrest-core-1.3.jar;E:\nginx-1.14\maven_config\repository\org\hamcrest\hamcrest-library\1.3\hamcrest-library-1.3.jar;E:\nginx-1.14\maven_config\repository\org\skyscreamer\jsonassert\1.5.0\jsonassert-1.5.0.jar;E:\nginx-1.14\maven_config\repository\com\vaadin\external\google\android-json\0.0.20131108.vaadin1\android-json-0.0.20131108.vaadin1.jar;E:\nginx-1.14\maven_config\repository\org\springframework\spring-test\5.0.5.RELEASE\spring-test-5.0.5.RELEASE.jar;E:\nginx-1.14\maven_config\repository\org\xmlunit\xmlunit-core\2.5.1\xmlunit-core-2.5.1.jar;E:\nginx-1.14\maven_config\repository\com\github\pagehelper\pagehelper-spring-boot-starter\1.2.4\pagehelper-spring-boot-starter-1.2.4.jar;E:\nginx-1.14\maven_config\repository\com\github\pagehelper\pagehelper-spring-boot-autoconfigure\1.2.4\pagehelper-spring-boot-autoconfigure-1.2.4.jar;E:\nginx-1.14\maven_config\repository\com\github\pagehelper\pagehelper\5.1.3\pagehelper-5.1.3.jar;E:\nginx-1.14\maven_config\repository\com\github\jsqlparser\jsqlparser\1.0\jsqlparser-1.0.jar;E:\nginx-1.14\maven_config\repository\org\springframework\cloud\spring-cloud-starter-netflix-eureka-client\2.0.1.RELEASE\spring-cloud-starter-netflix-eureka-client-2.0.1.RELEASE.jar;E:\nginx-1.14\maven_config\repository\org\springframework\cloud\spring-cloud-starter\2.0.1.RELEASE\spring-cloud-starter-2.0.1.RELEASE.jar;E:\nginx-1.14\maven_config\repository\org\springframework\cloud\spring-cloud-context\2.0.1.RELEASE\spring-cloud-context-2.0.1.RELEASE.jar;E:\nginx-1.14\maven_config\repository\org\springframework\security\spring-security-rsa\1.0.5.RELEASE\spring-security-rsa-1.0.5.RELEASE.jar;E:\nginx-1.14\maven_config\repository\org\springframework\cloud\spring-cloud-netflix-core\2.0.1.RELEASE\spring-cloud-netflix-core-2.0.1.RELEASE.jar;E:\nginx-1.14\maven_config\repository\org\springframework\cloud\spring-cloud-netflix-eureka-client\2.0.1.RELEASE\spring-cloud-netflix-eureka-client-2.0.1.RELEASE.jar;E:\nginx-1.14\maven_config\repository\com\netflix\eureka\eureka-client\1.9.3\eureka-client-1.9.3.jar;E:\nginx-1.14\maven_config\repository\org\codehaus\jettison\jettison\1.3.7\jettison-1.3.7.jar;E:\nginx-1.14\maven_config\repository\stax\stax-api\1.0.1\stax-api-1.0.1.jar;E:\nginx-1.14\maven_config\repository\com\netflix\netflix-commons\netflix-eventbus\0.3.0\netflix-eventbus-0.3.0.jar;E:\nginx-1.14\maven_config\repository\com\netflix\netflix-commons\netflix-infix\0.3.0\netflix-infix-0.3.0.jar;E:\nginx-1.14\maven_config\repository\commons-jxpath\commons-jxpath\1.3\commons-jxpath-1.3.jar;E:\nginx-1.14\maven_config\repository\joda-time\joda-time\2.9.9\joda-time-2.9.9.jar;E:\nginx-1.14\maven_config\repository\org\antlr\antlr-runtime\3.4\antlr-runtime-3.4.jar;E:\nginx-1.14\maven_config\repository\org\antlr\stringtemplate\3.2.1\stringtemplate-3.2.1.jar;E:\nginx-1.14\maven_config\repository\com\google\code\gson\gson\2.8.2\gson-2.8.2.jar;E:\nginx-1.14\maven_config\repository\org\apache\commons\commons-math\2.2\commons-math-2.2.jar;E:\nginx-1.14\maven_config\repository\com\netflix\archaius\archaius-core\0.7.6\archaius-core-0.7.6.jar;E:\nginx-1.14\maven_config\repository\javax\ws\rs\jsr311-api\1.1.1\jsr311-api-1.1.1.jar;E:\nginx-1.14\maven_config\repository\com\netflix\servo\servo-core\0.12.21\servo-core-0.12.21.jar;E:\nginx-1.14\maven_config\repository\com\sun\jersey\jersey-core\1.19.1\jersey-core-1.19.1.jar;E:\nginx-1.14\maven_config\repository\com\sun\jersey\jersey-client\1.19.1\jersey-client-1.19.1.jar;E:\nginx-1.14\maven_config\repository\com\sun\jersey\contribs\jersey-apache-client4\1.19.1\jersey-apache-client4-1.19.1.jar;E:\nginx-1.14\maven_config\repository\com\google\inject\guice\4.1.0\guice-4.1.0.jar;E:\nginx-1.14\maven_config\repository\javax\inject\javax.inject\1\javax.inject-1.jar;E:\nginx-1.14\maven_config\repository\aopalliance\aopalliance\1.0\aopalliance-1.0.jar;E:\nginx-1.14\maven_config\repository\com\github\vlsi\compactmap\compactmap\1.2.1\compactmap-1.2.1.jar;E:\nginx-1.14\maven_config\repository\com\github\andrewoma\dexx\dexx-collections\0.2\dexx-collections-0.2.jar;E:\nginx-1.14\maven_config\repository\com\fasterxml\jackson\core\jackson-annotations\2.9.0\jackson-annotations-2.9.0.jar;E:\nginx-1.14\maven_config\repository\com\fasterxml\jackson\core\jackson-core\2.9.5\jackson-core-2.9.5.jar;E:\nginx-1.14\maven_config\repository\com\netflix\eureka\eureka-core\1.9.3\eureka-core-1.9.3.jar;E:\nginx-1.14\maven_config\repository\org\codehaus\woodstox\woodstox-core-asl\4.4.1\woodstox-core-asl-4.4.1.jar;E:\nginx-1.14\maven_config\repository\javax\xml\stream\stax-api\1.0-2\stax-api-1.0-2.jar;E:\nginx-1.14\maven_config\repository\org\codehaus\woodstox\stax2-api\3.1.4\stax2-api-3.1.4.jar;E:\nginx-1.14\maven_config\repository\org\springframework\cloud\spring-cloud-starter-netflix-archaius\2.0.1.RELEASE\spring-cloud-starter-netflix-archaius-2.0.1.RELEASE.jar;E:\nginx-1.14\maven_config\repository\org\springframework\cloud\spring-cloud-netflix-ribbon\2.0.1.RELEASE\spring-cloud-netflix-ribbon-2.0.1.RELEASE.jar;E:\nginx-1.14\maven_config\repository\org\springframework\cloud\spring-cloud-netflix-archaius\2.0.1.RELEASE\spring-cloud-netflix-archaius-2.0.1.RELEASE.jar;E:\nginx-1.14\maven_config\repository\commons-configuration\commons-configuration\1.8\commons-configuration-1.8.jar;E:\nginx-1.14\maven_config\repository\commons-lang\commons-lang\2.6\commons-lang-2.6.jar;E:\nginx-1.14\maven_config\repository\org\springframework\cloud\spring-cloud-starter-netflix-ribbon\2.0.1.RELEASE\spring-cloud-starter-netflix-ribbon-2.0.1.RELEASE.jar;E:\nginx-1.14\maven_config\repository\com\netflix\ribbon\ribbon\2.2.5\ribbon-2.2.5.jar;E:\nginx-1.14\maven_config\repository\com\netflix\ribbon\ribbon-transport\2.2.5\ribbon-transport-2.2.5.jar;E:\nginx-1.14\maven_config\repository\io\reactivex\rxnetty-contexts\0.4.9\rxnetty-contexts-0.4.9.jar;E:\nginx-1.14\maven_config\repository\io\reactivex\rxnetty-servo\0.4.9\rxnetty-servo-0.4.9.jar;E:\nginx-1.14\maven_config\repository\io\reactivex\rxnetty\0.4.9\rxnetty-0.4.9.jar;E:\nginx-1.14\maven_config\repository\io\netty\netty-codec-http\4.1.23.Final\netty-codec-http-4.1.23.Final.jar;E:\nginx-1.14\maven_config\repository\io\netty\netty-codec\4.1.23.Final\netty-codec-4.1.23.Final.jar;E:\nginx-1.14\maven_config\repository\io\netty\netty-transport-native-epoll\4.1.23.Final\netty-transport-native-epoll-4.1.23.Final.jar;E:\nginx-1.14\maven_config\repository\io\netty\netty-common\4.1.23.Final\netty-common-4.1.23.Final.jar;E:\nginx-1.14\maven_config\repository\io\netty\netty-buffer\4.1.23.Final\netty-buffer-4.1.23.Final.jar;E:\nginx-1.14\maven_config\repository\io\netty\netty-transport-native-unix-common\4.1.23.Final\netty-transport-native-unix-common-4.1.23.Final.jar;E:\nginx-1.14\maven_config\repository\io\netty\netty-transport\4.1.23.Final\netty-transport-4.1.23.Final.jar;E:\nginx-1.14\maven_config\repository\io\netty\netty-resolver\4.1.23.Final\netty-resolver-4.1.23.Final.jar;E:\nginx-1.14\maven_config\repository\com\netflix\ribbon\ribbon-core\2.2.5\ribbon-core-2.2.5.jar;E:\nginx-1.14\maven_config\repository\com\netflix\ribbon\ribbon-httpclient\2.2.5\ribbon-httpclient-2.2.5.jar;E:\nginx-1.14\maven_config\repository\commons-collections\commons-collections\3.2.2\commons-collections-3.2.2.jar;E:\nginx-1.14\maven_config\repository\com\netflix\netflix-commons\netflix-commons-util\0.3.0\netflix-commons-util-0.3.0.jar;E:\nginx-1.14\maven_config\repository\com\netflix\ribbon\ribbon-loadbalancer\2.2.5\ribbon-loadbalancer-2.2.5.jar;E:\nginx-1.14\maven_config\repository\com\netflix\netflix-commons\netflix-statistics\0.1.1\netflix-statistics-0.1.1.jar;E:\nginx-1.14\maven_config\repository\io\reactivex\rxjava\1.3.8\rxjava-1.3.8.jar;E:\nginx-1.14\maven_config\repository\com\netflix\ribbon\ribbon-eureka\2.2.5\ribbon-eureka-2.2.5.jar;E:\nginx-1.14\maven_config\repository\com\thoughtworks\xstream\xstream\1.4.10\xstream-1.4.10.jar;E:\nginx-1.14\maven_config\repository\xmlpull\xmlpull\1.1.3.1\xmlpull-1.1.3.1.jar;E:\nginx-1.14\maven_config\repository\xpp3\xpp3_min\1.1.4c\xpp3_min-1.1.4c.jar;E:\nginx-1.14\maven_config\repository\org\springframework\cloud\spring-cloud-starter-openfeign\2.0.1.RELEASE\spring-cloud-starter-openfeign-2.0.1.RELEASE.jar;E:\nginx-1.14\maven_config\repository\org\springframework\cloud\spring-cloud-openfeign-core\2.0.1.RELEASE\spring-cloud-openfeign-core-2.0.1.RELEASE.jar;E:\nginx-1.14\maven_config\repository\org\springframework\cloud\spring-cloud-commons\2.0.1.RELEASE\spring-cloud-commons-2.0.1.RELEASE.jar;E:\nginx-1.14\maven_config\repository\io\github\openfeign\feign-core\9.5.1\feign-core-9.5.1.jar;E:\nginx-1.14\maven_config\repository\io\github\openfeign\feign-slf4j\9.5.1\feign-slf4j-9.5.1.jar;E:\nginx-1.14\maven_config\repository\io\github\openfeign\feign-hystrix\9.5.1\feign-hystrix-9.5.1.jar;E:\nginx-1.14\maven_config\repository\com\netflix\hystrix\hystrix-core\1.5.12\hystrix-core-1.5.12.jar;E:\nginx-1.14\maven_config\repository\org\hdrhistogram\HdrHistogram\2.1.9\HdrHistogram-2.1.9.jar;E:\nginx-1.14\maven_config\repository\io\github\openfeign\feign-java8\9.5.1\feign-java8-9.5.1.jar;E:\nginx-1.14\maven_config\repository\com\netflix\feign\feign-okhttp\8.18.0\feign-okhttp-8.18.0.jar;E:\nginx-1.14\maven_config\repository\com\netflix\feign\feign-core\8.18.0\feign-core-8.18.0.jar;E:\nginx-1.14\maven_config\repository\org\jvnet\animal-sniffer-annotation\1.0\animal-sniffer-annotation-1.0.jar;, user.name=ASUS, java.vm.specification.version=1.8, sun.java.command=C:\Users\ASUS\AppData\Local\Temp\surefire3031866665741347682\surefirebooter599786619540887596.jar C:\Users\ASUS\AppData\Local\Temp\surefire3031866665741347682 2020-03-05T20-54-34_681-jvmRun1 surefire5818495549436950457tmp surefire_01929371420490371881tmp, java.home=C:\Program Files\Java\jdk1.8.0_91\jre, sun.arch.data.model=64, user.language=zh, java.specification.vendor=Oracle Corporation, awt.toolkit=sun.awt.windows.WToolkit, java.vm.info=mixed mode, java.version=1.8.0_91, java.ext.dirs=C:\Program Files\Java\jdk1.8.0_91\jre\lib\ext;C:\WINDOWS\Sun\Java\lib\ext, sun.boot.class.path=C:\Program Files\Java\jdk1.8.0_91\jre\lib\resources.jar;C:\Program Files\Java\jdk1.8.0_91\jre\lib\rt.jar;C:\Program Files\Java\jdk1.8.0_91\jre\lib\sunrsasign.jar;C:\Program Files\Java\jdk1.8.0_91\jre\lib\jsse.jar;C:\Program Files\Java\jdk1.8.0_91\jre\lib\jce.jar;C:\Program Files\Java\jdk1.8.0_91\jre\lib\charsets.jar;C:\Program Files\Java\jdk1.8.0_91\jre\lib\jfr.jar;C:\Program Files\Java\jdk1.8.0_91\jre\classes, java.vendor=Oracle Corporation, localRepository=E:\nginx-1.14\maven_config\repository, file.separator=\, java.vendor.url.bug=http://bugreport.sun.com/bugreport/, sun.io.unicode.encoding=UnicodeLittle, sun.cpu.endian=little, sun.desktop=windows, sun.cpu.isalist=amd64}}, SystemEnvironmentPropertySource@1653844940 {name='systemEnvironment', properties={PATH=F:\app\ASUS\product\11.2.0\dbhome_1\bin;E:\maven\bin;E:\maven\apache-maven-3.6.1\bin;C:\Program Files (x86)\Intel\iCLS Client\;C:\Program Files\Intel\iCLS Client\;C:\Windows\system32;C:\Windows;C:\Windows\System32\Wbem;C:\Windows\System32\WindowsPowerShell\v1.0\;C:\Program Files (x86)\NVIDIA Corporation\PhysX\Common;C:\Program Files (x86)\Intel\Intel(R) Management Engine Components\DAL;C:\Program Files\Intel\Intel(R) Management Engine Components\DAL;C:\Program Files (x86)\Intel\Intel(R) Management Engine Components\IPT;C:\Program Files\Intel\Intel(R) Management Engine Components\IPT;C:\Program Files\Intel\WiFi\bin\;C:\Program Files\Common Files\Intel\WirelessCommon\;C:\WINDOWS\system32;C:\WINDOWS;C:\WINDOWS\System32\Wbem;C:\WINDOWS\System32\WindowsPowerShell\v1.0\;C:\WINDOWS\System32\OpenSSH\;C:\Program Files\MySQL\MySQL Server 5.5\bin;C:\Program Files\NVIDIA Corporation\NVIDIA NvDLISR;E:\Head\;E:\vue\visual\bin;C:\WINDOWS\system32;C:\WINDOWS;C:\WINDOWS\System32\Wbem;C:\WINDOWS\System32\WindowsPowerShell\v1.0\;C:\WINDOWS\System32\OpenSSH\;E:\Git\cmd;E:\ffmpeg\ffmpeg-20180227-fa0c9d6-win64-static\bin;C:\Users\ASUS\AppData\Local\Microsoft\WindowsApps;C:\Users\ASUS\AppData\Roaming\npm;E:\vue\bin;E:\vue\visual\bin;, USERDOMAIN_ROAMINGPROFILE=DESKTOP-LTOBJA5, PROCESSOR_LEVEL=6, SYSTEMDRIVE=C:, SESSIONNAME=Console, ALLUSERSPROFILE=C:\ProgramData, PROCESSOR_ARCHITECTURE=AMD64, DRIVERDATA=C:\Windows\System32\Drivers\DriverData, JRE_HOME=C:\Program Files\Java\jdk1.8.0_91\jre, =E:=E:\nginx-1.14\hdservicecode\hdservicecode\nm-service-manage-course, PROGRAMFILES=C:\Program Files, PSMODULEPATH=C:\Program Files\WindowsPowerShell\Modules;C:\WINDOWS\system32\WindowsPowerShell\v1.0\Modules, PROGRAMDATA=C:\ProgramData, USERNAME=ASUS, FPS_BROWSER_USER_PROFILE_STRING=Default, ONEDRIVE=C:\Users\ASUS\OneDrive, PATHEXT=.COM;.EXE;.BAT;.CMD;.VBS;.VBE;.JS;.JSE;.WSF;.WSH;.MSC, ONEDRIVECONSUMER=C:\Users\ASUS\OneDrive, WINDIR=C:\WINDOWS, =F:=F:\, HOMEPATH=\Users\ASUS, PROCESSOR_IDENTIFIER=Intel64 Family 6 Model 158 Stepping 9, GenuineIntel, PUBLIC=C:\Users\Public, =::=::\, LOCALAPPDATA=C:\Users\ASUS\AppData\Local, COMMONPROGRAMFILES(X86)=C:\Program Files (x86)\Common Files, USERDOMAIN=DESKTOP-LTOBJA5, FPS_BROWSER_APP_PROFILE_STRING=Internet Explorer, LOGONSERVER=\\DESKTOP-LTOBJA5, JAVA_HOME=C:\Program Files\Java\jdk1.8.0_91, PROMPT=$P$G, PROGRAMFILES(X86)=C:\Program Files (x86), ERLANG_HOME=E:\rabbit\erl9.2, APPDATA=C:\Users\ASUS\AppData\Roaming, PROGRAMW6432=C:\Program Files, SYSTEMROOT=C:\WINDOWS, NODE_PATH=E:\Head\node_global\node_modules, OS=Windows_NT, COMMONPROGRAMW6432=C:\Program Files\Common Files, COMPUTERNAME=DESKTOP-LTOBJA5, COMMONPROGRAMFILES=C:\Program Files\Common Files, COMSPEC=C:\WINDOWS\system32\cmd.exe, PROCESSOR_REVISION=9e09, CLASSPATH=.;C:\Program Files\Java\jdk1.8.0_91\lib\dt.jar;C:\Program Files\Java\jdk1.8.0_91\lib\tools.jar;, TEMP=C:\Users\ASUS\AppData\Local\Temp, HOMEDRIVE=C:, USERPROFILE=C:\Users\ASUS, TMP=C:\Users\ASUS\AppData\Local\Temp, NUMBER_OF_PROCESSORS=8}}]
20:54:39.018 [main] DEBUG org.springframework.core.io.support.PathMatchingResourcePatternResolver - Resolved classpath location [com/ningmeng/manage_course/dao/] to resources [URL [file:/E:/nginx-1.14/hdservicecode/hdservicecode/nm-service-manage-course/target/test-classes/com/ningmeng/manage_course/dao/], URL [file:/E:/nginx-1.14/hdservicecode/hdservicecode/nm-service-manage-course/target/classes/com/ningmeng/manage_course/dao/]]
20:54:39.019 [main] DEBUG org.springframework.core.io.support.PathMatchingResourcePatternResolver - Looking for matching resources in directory tree [E:\nginx-1.14\hdservicecode\hdservicecode\nm-service-manage-course\target\test-classes\com\ningmeng\manage_course\dao]
20:54:39.019 [main] DEBUG org.springframework.core.io.support.PathMatchingResourcePatternResolver - Searching directory [E:\nginx-1.14\hdservicecode\hdservicecode\nm-service-manage-course\target\test-classes\com\ningmeng\manage_course\dao] for files matching pattern [E:/nginx-1.14/hdservicecode/hdservicecode/nm-service-manage-course/target/test-classes/com/ningmeng/manage_course/dao/*.class]
20:54:39.024 [main] DEBUG org.springframework.core.io.support.PathMatchingResourcePatternResolver - Looking for matching resources in directory tree [E:\nginx-1.14\hdservicecode\hdservicecode\nm-service-manage-course\target\classes\com\ningmeng\manage_course\dao]
20:54:39.025 [main] DEBUG org.springframework.core.io.support.PathMatchingResourcePatternResolver - Searching directory [E:\nginx-1.14\hdservicecode\hdservicecode\nm-service-manage-course\target\classes\com\ningmeng\manage_course\dao] for files matching pattern [E:/nginx-1.14/hdservicecode/hdservicecode/nm-service-manage-course/target/classes/com/ningmeng/manage_course/dao/*.class]
20:54:39.028 [main] DEBUG org.springframework.core.io.support.PathMatchingResourcePatternResolver - Resolved location pattern [classpath*:com/ningmeng/manage_course/dao/*.class] to resources [file [E:\nginx-1.14\hdservicecode\hdservicecode\nm-service-manage-course\target\test-classes\com\ningmeng\manage_course\dao\FeignTest.class], file [E:\nginx-1.14\hdservicecode\hdservicecode\nm-service-manage-course\target\test-classes\com\ningmeng\manage_course\dao\TestDao.class], file [E:\nginx-1.14\hdservicecode\hdservicecode\nm-service-manage-course\target\classes\com\ningmeng\manage_course\dao\CategoryMapper.class], file [E:\nginx-1.14\hdservicecode\hdservicecode\nm-service-manage-course\target\classes\com\ningmeng\manage_course\dao\CourseBaseRepository.class], file [E:\nginx-1.14\hdservicecode\hdservicecode\nm-service-manage-course\target\classes\com\ningmeng\manage_course\dao\CourseMapper.class], file [E:\nginx-1.14\hdservicecode\hdservicecode\nm-service-manage-course\target\classes\com\ningmeng\manage_course\dao\CourseMarketRepository.class], file [E:\nginx-1.14\hdservicecode\hdservicecode\nm-service-manage-course\target\classes\com\ningmeng\manage_course\dao\CoursePicRepository.class], file [E:\nginx-1.14\hdservicecode\hdservicecode\nm-service-manage-course\target\classes\com\ningmeng\manage_course\dao\CoursePubRepository.class], file [E:\nginx-1.14\hdservicecode\hdservicecode\nm-service-manage-course\target\classes\com\ningmeng\manage_course\dao\TeachplanMapper.class], file [E:\nginx-1.14\hdservicecode\hdservicecode\nm-service-manage-course\target\classes\com\ningmeng\manage_course\dao\TeachplanRepository.class]]
20:54:39.079 [main] DEBUG org.springframework.core.io.support.PathMatchingResourcePatternResolver - Resolved classpath location [com/ningmeng/manage_course/] to resources [URL [file:/E:/nginx-1.14/hdservicecode/hdservicecode/nm-service-manage-course/target/test-classes/com/ningmeng/manage_course/], URL [file:/E:/nginx-1.14/hdservicecode/hdservicecode/nm-service-manage-course/target/classes/com/ningmeng/manage_course/]]
20:54:39.080 [main] DEBUG org.springframework.core.io.support.PathMatchingResourcePatternResolver - Looking for matching resources in directory tree [E:\nginx-1.14\hdservicecode\hdservicecode\nm-service-manage-course\target\test-classes\com\ningmeng\manage_course]
20:54:39.080 [main] DEBUG org.springframework.core.io.support.PathMatchingResourcePatternResolver - Searching directory [E:\nginx-1.14\hdservicecode\hdservicecode\nm-service-manage-course\target\test-classes\com\ningmeng\manage_course] for files matching pattern [E:/nginx-1.14/hdservicecode/hdservicecode/nm-service-manage-course/target/test-classes/com/ningmeng/manage_course/*.class]
20:54:39.081 [main] DEBUG org.springframework.core.io.support.PathMatchingResourcePatternResolver - Looking for matching resources in directory tree [E:\nginx-1.14\hdservicecode\hdservicecode\nm-service-manage-course\target\classes\com\ningmeng\manage_course]
20:54:39.081 [main] DEBUG org.springframework.core.io.support.PathMatchingResourcePatternResolver - Searching directory [E:\nginx-1.14\hdservicecode\hdservicecode\nm-service-manage-course\target\classes\com\ningmeng\manage_course] for files matching pattern [E:/nginx-1.14/hdservicecode/hdservicecode/nm-service-manage-course/target/classes/com/ningmeng/manage_course/*.class]
20:54:39.083 [main] DEBUG org.springframework.core.io.support.PathMatchingResourcePatternResolver - Resolved location pattern [classpath*:com/ningmeng/manage_course/*.class] to resources [file [E:\nginx-1.14\hdservicecode\hdservicecode\nm-service-manage-course\target\classes\com\ningmeng\manage_course\ManageCourseApplication.class]]
20:54:39.177 [main] DEBUG org.springframework.context.annotation.ClassPathScanningCandidateComponentProvider - Identified candidate component class: file [E:\nginx-1.14\hdservicecode\hdservicecode\nm-service-manage-course\target\classes\com\ningmeng\manage_course\ManageCourseApplication.class]
20:54:39.180 [main] INFO org.springframework.boot.test.context.SpringBootTestContextBootstrapper - Found @SpringBootConfiguration com.ningmeng.manage_course.ManageCourseApplication for test class com.ningmeng.manage_course.dao.FeignTest
20:54:39.393 [main] DEBUG org.springframework.boot.test.context.SpringBootTestContextBootstrapper - @TestExecutionListeners is not present for class [com.ningmeng.manage_course.dao.FeignTest]: using defaults.
20:54:39.393 [main] INFO org.springframework.boot.test.context.SpringBootTestContextBootstrapper - Loaded default TestExecutionListener class names from location [META-INF/spring.factories]: [org.springframework.boot.test.mock.mockito.MockitoTestExecutionListener, org.springframework.boot.test.mock.mockito.ResetMocksTestExecutionListener, org.springframework.boot.test.autoconfigure.restdocs.RestDocsTestExecutionListener, org.springframework.boot.test.autoconfigure.web.client.MockRestServiceServerResetTestExecutionListener, org.springframework.boot.test.autoconfigure.web.servlet.MockMvcPrintOnlyOnFailureTestExecutionListener, org.springframework.boot.test.autoconfigure.web.servlet.WebDriverTestExecutionListener, org.springframework.test.context.web.ServletTestExecutionListener, org.springframework.test.context.support.DirtiesContextBeforeModesTestExecutionListener, org.springframework.test.context.support.DependencyInjectionTestExecutionListener, org.springframework.test.context.support.DirtiesContextTestExecutionListener, org.springframework.test.context.transaction.TransactionalTestExecutionListener, org.springframework.test.context.jdbc.SqlScriptsTestExecutionListener]
20:54:39.441 [main] INFO org.springframework.boot.test.context.SpringBootTestContextBootstrapper - Using TestExecutionListeners: [org.springframework.test.context.web.ServletTestExecutionListener@47e2e487, org.springframework.test.context.support.DirtiesContextBeforeModesTestExecutionListener@201a4587, org.springframework.boot.test.mock.mockito.MockitoTestExecutionListener@61001b64, org.springframework.boot.test.autoconfigure.SpringBootDependencyInjectionTestExecutionListener@4310d43, org.springframework.test.context.support.DirtiesContextTestExecutionListener@54a7079e, org.springframework.test.context.transaction.TransactionalTestExecutionListener@26e356f0, org.springframework.test.context.jdbc.SqlScriptsTestExecutionListener@47d9a273, org.springframework.boot.test.mock.mockito.ResetMocksTestExecutionListener@4b8ee4de, org.springframework.boot.test.autoconfigure.restdocs.RestDocsTestExecutionListener@27f981c6, org.springframework.boot.test.autoconfigure.web.client.MockRestServiceServerResetTestExecutionListener@1b11171f, org.springframework.boot.test.autoconfigure.web.servlet.MockMvcPrintOnlyOnFailureTestExecutionListener@1151e434, org.springframework.boot.test.autoconfigure.web.servlet.WebDriverTestExecutionListener@2dc54ad4]
20:54:39.443 [main] DEBUG org.springframework.test.annotation.ProfileValueUtils - Retrieved @ProfileValueSourceConfiguration [null] for test class [com.ningmeng.manage_course.dao.FeignTest]
20:54:39.444 [main] DEBUG org.springframework.test.annotation.ProfileValueUtils - Retrieved ProfileValueSource type [class org.springframework.test.annotation.SystemProfileValueSource] for class [com.ningmeng.manage_course.dao.FeignTest]
20:54:39.445 [main] DEBUG org.springframework.test.annotation.ProfileValueUtils - Retrieved @ProfileValueSourceConfiguration [null] for test class [com.ningmeng.manage_course.dao.FeignTest]
20:54:39.446 [main] DEBUG org.springframework.test.annotation.ProfileValueUtils - Retrieved ProfileValueSource type [class org.springframework.test.annotation.SystemProfileValueSource] for class [com.ningmeng.manage_course.dao.FeignTest]
20:54:39.447 [main] DEBUG org.springframework.test.annotation.ProfileValueUtils - Retrieved @ProfileValueSourceConfiguration [null] for test class [com.ningmeng.manage_course.dao.FeignTest]
20:54:39.447 [main] DEBUG org.springframework.test.annotation.ProfileValueUtils - Retrieved ProfileValueSource type [class org.springframework.test.annotation.SystemProfileValueSource] for class [com.ningmeng.manage_course.dao.FeignTest]
20:54:39.451 [main] DEBUG org.springframework.test.context.support.AbstractDirtiesContextTestExecutionListener - Before test class: context [DefaultTestContext@60bd273d testClass = FeignTest, testInstance = [null], testMethod = [null], testException = [null], mergedContextConfiguration = [WebMergedContextConfiguration@121314f7 testClass = FeignTest, locations = '{}', classes = '{class com.ningmeng.manage_course.ManageCourseApplication}', contextInitializerClasses = '[]', activeProfiles = '{}', propertySourceLocations = '{}', propertySourceProperties = '{org.springframework.boot.test.context.SpringBootTestContextBootstrapper=true}', contextCustomizers = set[org.springframework.boot.test.context.filter.ExcludeFilterContextCustomizer@55a1c291, org.springframework.boot.test.json.DuplicateJsonObjectContextCustomizerFactory$DuplicateJsonObjectContextCustomizer@40e6dfe1, org.springframework.boot.test.mock.mockito.MockitoContextCustomizer@0, org.springframework.boot.test.web.client.TestRestTemplateContextCustomizer@50a7bc6e, org.springframework.boot.test.autoconfigure.properties.PropertyMappingContextCustomizer@0, org.springframework.boot.test.autoconfigure.web.servlet.WebDriverContextCustomizerFactory$Customizer@475e586c], resourceBasePath = 'src/main/webapp', contextLoader = 'org.springframework.boot.test.context.SpringBootContextLoader', parent = [null]], attributes = map['org.springframework.test.context.web.ServletTestExecutionListener.activateListener' -> true]], class annotated with @DirtiesContext [false] with mode [null].
20:54:39.452 [main] DEBUG org.springframework.test.annotation.ProfileValueUtils - Retrieved @ProfileValueSourceConfiguration [null] for test class [com.ningmeng.manage_course.dao.FeignTest]
20:54:39.452 [main] DEBUG org.springframework.test.annotation.ProfileValueUtils - Retrieved ProfileValueSource type [class org.springframework.test.annotation.SystemProfileValueSource] for class [com.ningmeng.manage_course.dao.FeignTest]
20:54:39.482 [main] DEBUG org.springframework.core.env.StandardEnvironment - Adding PropertySource 'systemProperties' with lowest search precedence
20:54:39.482 [main] DEBUG org.springframework.core.env.StandardEnvironment - Adding PropertySource 'systemEnvironment' with lowest search precedence
20:54:39.483 [main] DEBUG org.springframework.core.env.StandardEnvironment - Initialized StandardEnvironment with PropertySources [MapPropertySource@1959910454 {name='systemProperties', properties={idea.version=2017.1.2, java.runtime.name=Java(TM) SE Runtime Environment, sun.boot.library.path=C:\Program Files\Java\jdk1.8.0_91\jre\bin, java.vm.version=25.91-b14, java.vm.vendor=Oracle Corporation, java.vendor.url=http://java.oracle.com/, path.separator=;, java.vm.name=Java HotSpot(TM) 64-Bit Server VM, file.encoding.pkg=sun.io, user.country=CN, user.script=, sun.java.launcher=SUN_STANDARD, sun.os.patch.level=, java.vm.specification.name=Java Virtual Machine Specification, user.dir=E:\nginx-1.14\hdservicecode\hdservicecode\nm-service-manage-course, java.runtime.version=1.8.0_91-b14, basedir=E:\nginx-1.14\hdservicecode\hdservicecode\nm-service-manage-course, java.awt.graphicsenv=sun.awt.Win32GraphicsEnvironment, java.endorsed.dirs=C:\Program Files\Java\jdk1.8.0_91\jre\lib\endorsed, os.arch=amd64, surefire.real.class.path=C:\Users\ASUS\AppData\Local\Temp\surefire3031866665741347682\surefirebooter599786619540887596.jar, java.io.tmpdir=C:\Users\ASUS\AppData\Local\Temp\, line.separator=
, java.vm.specification.vendor=Oracle Corporation, user.variant=, os.name=Windows 10, sun.jnu.encoding=GBK, java.library.path=C:\Program Files\Java\jdk1.8.0_91\jre\bin;C:\WINDOWS\Sun\Java\bin;C:\WINDOWS\system32;C:\WINDOWS;F:\app\ASUS\product\11.2.0\dbhome_1\bin;E:\maven\bin;E:\maven\apache-maven-3.6.1\bin;C:\Program Files (x86)\Intel\iCLS Client\;C:\Program Files\Intel\iCLS Client\;C:\Windows\system32;C:\Windows;C:\Windows\System32\Wbem;C:\Windows\System32\WindowsPowerShell\v1.0\;C:\Program Files (x86)\NVIDIA Corporation\PhysX\Common;C:\Program Files (x86)\Intel\Intel(R) Management Engine Components\DAL;C:\Program Files\Intel\Intel(R) Management Engine Components\DAL;C:\Program Files (x86)\Intel\Intel(R) Management Engine Components\IPT;C:\Program Files\Intel\Intel(R) Management Engine Components\IPT;C:\Program Files\Intel\WiFi\bin\;C:\Program Files\Common Files\Intel\WirelessCommon\;C:\WINDOWS\system32;C:\WINDOWS;C:\WINDOWS\System32\Wbem;C:\WINDOWS\System32\WindowsPowerShell\v1.0\;C:\WINDOWS\System32\OpenSSH\;C:\Program Files\MySQL\MySQL Server 5.5\bin;C:\Program Files\NVIDIA Corporation\NVIDIA NvDLISR;E:\Head\;E:\vue\visual\bin;C:\WINDOWS\system32;C:\WINDOWS;C:\WINDOWS\System32\Wbem;C:\WINDOWS\System32\WindowsPowerShell\v1.0\;C:\WINDOWS\System32\OpenSSH\;E:\Git\cmd;E:\ffmpeg\ffmpeg-20180227-fa0c9d6-win64-static\bin;C:\Users\ASUS\AppData\Local\Microsoft\WindowsApps;C:\Users\ASUS\AppData\Roaming\npm;E:\vue\bin;E:\vue\visual\bin;;., surefire.test.class.path=E:\nginx-1.14\hdservicecode\hdservicecode\nm-service-manage-course\target\test-classes;E:\nginx-1.14\hdservicecode\hdservicecode\nm-service-manage-course\target\classes;E:\nginx-1.14\hdservicecode\hdservicecode\nm-service-api\target\nm-service-api.jar;E:\nginx-1.14\maven_config\repository\commons-fileupload\commons-fileupload\1.3.3\commons-fileupload-1.3.3.jar;E:\nginx-1.14\maven_config\repository\io\springfox\springfox-swagger2\2.7.0\springfox-swagger2-2.7.0.jar;E:\nginx-1.14\maven_config\repository\io\swagger\swagger-annotations\1.5.13\swagger-annotations-1.5.13.jar;E:\nginx-1.14\maven_config\repository\io\swagger\swagger-models\1.5.13\swagger-models-1.5.13.jar;E:\nginx-1.14\maven_config\repository\io\springfox\springfox-spi\2.7.0\springfox-spi-2.7.0.jar;E:\nginx-1.14\maven_config\repository\io\springfox\springfox-core\2.7.0\springfox-core-2.7.0.jar;E:\nginx-1.14\maven_config\repository\io\springfox\springfox-schema\2.7.0\springfox-schema-2.7.0.jar;E:\nginx-1.14\maven_config\repository\io\springfox\springfox-swagger-common\2.7.0\springfox-swagger-common-2.7.0.jar;E:\nginx-1.14\maven_config\repository\io\springfox\springfox-spring-web\2.7.0\springfox-spring-web-2.7.0.jar;E:\nginx-1.14\maven_config\repository\org\reflections\reflections\0.9.11\reflections-0.9.11.jar;E:\nginx-1.14\maven_config\repository\com\fasterxml\classmate\1.3.4\classmate-1.3.4.jar;E:\nginx-1.14\maven_config\repository\org\springframework\plugin\spring-plugin-core\1.2.0.RELEASE\spring-plugin-core-1.2.0.RELEASE.jar;E:\nginx-1.14\maven_config\repository\org\springframework\plugin\spring-plugin-metadata\1.2.0.RELEASE\spring-plugin-metadata-1.2.0.RELEASE.jar;E:\nginx-1.14\maven_config\repository\org\mapstruct\mapstruct\1.1.0.Final\mapstruct-1.1.0.Final.jar;E:\nginx-1.14\maven_config\repository\io\springfox\springfox-swagger-ui\2.7.0\springfox-swagger-ui-2.7.0.jar;E:\nginx-1.14\hdservicecode\hdservicecode\nm-framework-model\target\nm-framework-model.jar;E:\nginx-1.14\maven_config\repository\org\projectlombok\lombok\1.16.16\lombok-1.16.16.jar;E:\nginx-1.14\maven_config\repository\org\springframework\data\spring-data-commons\2.0.6.RELEASE\spring-data-commons-2.0.6.RELEASE.jar;E:\nginx-1.14\maven_config\repository\org\springframework\data\spring-data-mongodb\2.0.6.RELEASE\spring-data-mongodb-2.0.6.RELEASE.jar;E:\nginx-1.14\maven_config\repository\org\springframework\spring-context\5.0.5.RELEASE\spring-context-5.0.5.RELEASE.jar;E:\nginx-1.14\maven_config\repository\org\springframework\spring-expression\5.0.5.RELEASE\spring-expression-5.0.5.RELEASE.jar;E:\nginx-1.14\maven_config\repository\org\mongodb\mongo-java-driver\3.6.3\mongo-java-driver-3.6.3.jar;E:\nginx-1.14\maven_config\repository\org\hibernate\hibernate-core\5.2.16.Final\hibernate-core-5.2.16.Final.jar;E:\nginx-1.14\maven_config\repository\org\jboss\logging\jboss-logging\3.3.2.Final\jboss-logging-3.3.2.Final.jar;E:\nginx-1.14\maven_config\repository\org\hibernate\javax\persistence\hibernate-jpa-2.1-api\1.0.0.Final\hibernate-jpa-2.1-api-1.0.0.Final.jar;E:\nginx-1.14\maven_config\repository\org\javassist\javassist\3.22.0-GA\javassist-3.22.0-GA.jar;E:\nginx-1.14\maven_config\repository\antlr\antlr\2.7.7\antlr-2.7.7.jar;E:\nginx-1.14\maven_config\repository\org\jboss\spec\javax\transaction\jboss-transaction-api_1.2_spec\1.0.1.Final\jboss-transaction-api_1.2_spec-1.0.1.Final.jar;E:\nginx-1.14\maven_config\repository\org\jboss\jandex\2.0.3.Final\jandex-2.0.3.Final.jar;E:\nginx-1.14\maven_config\repository\dom4j\dom4j\1.6.1\dom4j-1.6.1.jar;E:\nginx-1.14\maven_config\repository\org\hibernate\common\hibernate-commons-annotations\5.0.1.Final\hibernate-commons-annotations-5.0.1.Final.jar;E:\nginx-1.14\maven_config\repository\com\google\guava\guava\24.0-jre\guava-24.0-jre.jar;E:\nginx-1.14\maven_config\repository\com\google\code\findbugs\jsr305\1.3.9\jsr305-1.3.9.jar;E:\nginx-1.14\maven_config\repository\org\checkerframework\checker-compat-qual\2.0.0\checker-compat-qual-2.0.0.jar;E:\nginx-1.14\maven_config\repository\com\google\errorprone\error_prone_annotations\2.1.3\error_prone_annotations-2.1.3.jar;E:\nginx-1.14\maven_config\repository\com\google\j2objc\j2objc-annotations\1.1\j2objc-annotations-1.1.jar;E:\nginx-1.14\maven_config\repository\org\codehaus\mojo\animal-sniffer-annotations\1.14\animal-sniffer-annotations-1.14.jar;E:\nginx-1.14\hdservicecode\hdservicecode\nm-framework-utils\target\nm-framework-utils.jar;E:\nginx-1.14\maven_config\repository\javax\servlet\javax.servlet-api\3.1.0\javax.servlet-api-3.1.0.jar;E:\nginx-1.14\maven_config\repository\org\springframework\boot\spring-boot-starter-logging\2.0.1.RELEASE\spring-boot-starter-logging-2.0.1.RELEASE.jar;E:\nginx-1.14\maven_config\repository\ch\qos\logback\logback-classic\1.2.3\logback-classic-1.2.3.jar;E:\nginx-1.14\maven_config\repository\ch\qos\logback\logback-core\1.2.3\logback-core-1.2.3.jar;E:\nginx-1.14\maven_config\repository\org\apache\logging\log4j\log4j-to-slf4j\2.10.0\log4j-to-slf4j-2.10.0.jar;E:\nginx-1.14\maven_config\repository\org\apache\logging\log4j\log4j-api\2.10.0\log4j-api-2.10.0.jar;E:\nginx-1.14\maven_config\repository\org\slf4j\jul-to-slf4j\1.7.25\jul-to-slf4j-1.7.25.jar;E:\nginx-1.14\maven_config\repository\org\apache\httpcomponents\httpclient\4.5.5\httpclient-4.5.5.jar;E:\nginx-1.14\maven_config\repository\org\apache\httpcomponents\httpcore\4.4.9\httpcore-4.4.9.jar;E:\nginx-1.14\maven_config\repository\commons-codec\commons-codec\1.10\commons-codec-1.10.jar;E:\nginx-1.14\maven_config\repository\net\lingala\zip4j\zip4j\1.3.1\zip4j-1.3.1.jar;E:\nginx-1.14\maven_config\repository\org\springframework\security\spring-security-crypto\5.0.4.RELEASE\spring-security-crypto-5.0.4.RELEASE.jar;E:\nginx-1.14\maven_config\repository\org\springframework\security\spring-security-jwt\1.0.8.RELEASE\spring-security-jwt-1.0.8.RELEASE.jar;E:\nginx-1.14\maven_config\repository\org\bouncycastle\bcpkix-jdk15on\1.56\bcpkix-jdk15on-1.56.jar;E:\nginx-1.14\maven_config\repository\org\bouncycastle\bcprov-jdk15on\1.56\bcprov-jdk15on-1.56.jar;E:\nginx-1.14\hdservicecode\hdservicecode\nm-framework-common\target\nm-framework-common.jar;E:\nginx-1.14\maven_config\repository\org\springframework\spring-web\5.0.5.RELEASE\spring-web-5.0.5.RELEASE.jar;E:\nginx-1.14\maven_config\repository\org\springframework\boot\spring-boot-starter-web\2.0.1.RELEASE\spring-boot-starter-web-2.0.1.RELEASE.jar;E:\nginx-1.14\maven_config\repository\org\springframework\boot\spring-boot-starter\2.0.1.RELEASE\spring-boot-starter-2.0.1.RELEASE.jar;E:\nginx-1.14\maven_config\repository\org\springframework\boot\spring-boot\2.0.1.RELEASE\spring-boot-2.0.1.RELEASE.jar;E:\nginx-1.14\maven_config\repository\javax\annotation\javax.annotation-api\1.3.2\javax.annotation-api-1.3.2.jar;E:\nginx-1.14\maven_config\repository\org\yaml\snakeyaml\1.19\snakeyaml-1.19.jar;E:\nginx-1.14\maven_config\repository\org\springframework\boot\spring-boot-starter-json\2.0.1.RELEASE\spring-boot-starter-json-2.0.1.RELEASE.jar;E:\nginx-1.14\maven_config\repository\com\fasterxml\jackson\core\jackson-databind\2.9.5\jackson-databind-2.9.5.jar;E:\nginx-1.14\maven_config\repository\com\fasterxml\jackson\datatype\jackson-datatype-jdk8\2.9.5\jackson-datatype-jdk8-2.9.5.jar;E:\nginx-1.14\maven_config\repository\com\fasterxml\jackson\datatype\jackson-datatype-jsr310\2.9.5\jackson-datatype-jsr310-2.9.5.jar;E:\nginx-1.14\maven_config\repository\com\fasterxml\jackson\module\jackson-module-parameter-names\2.9.5\jackson-module-parameter-names-2.9.5.jar;E:\nginx-1.14\maven_config\repository\org\springframework\boot\spring-boot-starter-tomcat\2.0.1.RELEASE\spring-boot-starter-tomcat-2.0.1.RELEASE.jar;E:\nginx-1.14\maven_config\repository\org\apache\tomcat\embed\tomcat-embed-core\8.5.28\tomcat-embed-core-8.5.28.jar;E:\nginx-1.14\maven_config\repository\org\apache\tomcat\embed\tomcat-embed-el\8.5.28\tomcat-embed-el-8.5.28.jar;E:\nginx-1.14\maven_config\repository\org\apache\tomcat\embed\tomcat-embed-websocket\8.5.28\tomcat-embed-websocket-8.5.28.jar;E:\nginx-1.14\maven_config\repository\org\hibernate\validator\hibernate-validator\6.0.9.Final\hibernate-validator-6.0.9.Final.jar;E:\nginx-1.14\maven_config\repository\javax\validation\validation-api\2.0.1.Final\validation-api-2.0.1.Final.jar;E:\nginx-1.14\maven_config\repository\org\springframework\spring-webmvc\5.0.5.RELEASE\spring-webmvc-5.0.5.RELEASE.jar;E:\nginx-1.14\maven_config\repository\org\springframework\spring-aop\5.0.5.RELEASE\spring-aop-5.0.5.RELEASE.jar;E:\nginx-1.14\maven_config\repository\mysql\mysql-connector-java\5.1.40\mysql-connector-java-5.1.40.jar;E:\nginx-1.14\maven_config\repository\com\alibaba\druid-spring-boot-starter\1.1.10\druid-spring-boot-starter-1.1.10.jar;E:\nginx-1.14\maven_config\repository\com\alibaba\druid\1.1.6\druid-1.1.6.jar;E:\nginx-1.14\maven_config\repository\org\slf4j\slf4j-api\1.7.25\slf4j-api-1.7.25.jar;E:\nginx-1.14\maven_config\repository\org\springframework\boot\spring-boot-autoconfigure\2.0.1.RELEASE\spring-boot-autoconfigure-2.0.1.RELEASE.jar;E:\nginx-1.14\maven_config\repository\
[...]
	at feign.SynchronousMethodHandler.invoke(SynchronousMethodHandler.java:76)
	at feign.ReflectiveFeign$FeignInvocationHandler.invoke(ReflectiveFeign.java:103)
	at com.sun.proxy.$Proxy158.findById(Unknown Source)
	at com.ningmeng.manage_course.dao.FeignTest.testfeign(FeignTest.java:23)
	at sun.reflect.NativeMethodAccessorImpl.invoke0(Native Method)
	at sun.reflect.NativeMethodAccessorImpl.invoke(NativeMethodAccessorImpl.java:62)
	at sun.reflect.DelegatingMethodAccessorImpl.invoke(DelegatingMethodAccessorImpl.java:43)
	at java.lang.reflect.Method.invoke(Method.java:498)
	at org.junit.runners.model.FrameworkMethod$1.runReflectiveCall(FrameworkMethod.java:50)
	at org.junit.internal.runners.model.ReflectiveCallable.run(ReflectiveCallable.java:12)
	at org.junit.runners.model.FrameworkMethod.invokeExplosively(FrameworkMethod.java:47)
	at org.junit.internal.runners.statements.InvokeMethod.evaluate(InvokeMethod.java:17)
	at org.springframework.test.context.junit4.statements.RunBeforeTestExecutionCallbacks.evaluate(RunBeforeTestExecutionCallbacks.java:73)
	at org.springframework.test.context.junit4.statements.RunAfterTestExecutionCallbacks.evaluate(RunAfterTestExecutionCallbacks.java:83)
	at org.springframework.test.context.junit4.statements.RunBeforeTestMethodCallbacks.evaluate(RunBeforeTestMethodCallbacks.java:75)
	at org.springframework.test.context.junit4.statements.RunAfterTestMethodCallbacks.evaluate(RunAfterTestMethodCallbacks.java:86)
	at org.springframework.test.context.junit4.statements.SpringRepeat.evaluate(SpringRepeat.java:84)
	at org.junit.runners.ParentRunner.runLeaf(ParentRunner.java:325)
	at org.springframework.test.context.junit4.SpringJUnit4ClassRunner.runChild(SpringJUnit4ClassRunner.java:251)
	at org.springframework.test.context.junit4.SpringJUnit4ClassRunner.runChild(SpringJUnit4ClassRunner.java:97)
	at org.junit.runners.ParentRunner$3.run(ParentRunner.java:290)
	at org.junit.runners.ParentRunner$1.schedule(ParentRunner.java:71)
	at org.junit.runners.ParentRunner.runChildren(ParentRunner.java:288)
	at org.junit.runners.ParentRunner.access$000(ParentRunner.java:58)
	at org.junit.runners.ParentRunner$2.evaluate(ParentRunner.java:268)
	at org.springframework.test.context.junit4.statements.RunBeforeTestClassCallbacks.evaluate(RunBeforeTestClassCallbacks.java:61)
	at org.springframework.test.context.junit4.statements.RunAfterTestClassCallbacks.evaluate(RunAfterTestClassCallbacks.java:70)
	at org.junit.runners.ParentRunner.run(ParentRunner.java:363)
	at org.springframework.test.context.junit4.SpringJUnit4ClassRunner.run(SpringJUnit4ClassRunner.java:190)
	at org.apache.maven.surefire.junit4.JUnit4Provider.execute(JUnit4Provider.java:365)
	at org.apache.maven.surefire.junit4.JUnit4Provider.executeWithRerun(JUnit4Provider.java:273)
	at org.apache.maven.surefire.junit4.JUnit4Provider.executeTestSet(JUnit4Provider.java:238)
	at org.apache.maven.surefire.junit4.JUnit4Provider.invoke(JUnit4Provider.java:159)
	at org.apache.maven.surefire.booter.ForkedBooter.invokeProviderInSameClassLoader(ForkedBooter.java:379)
	at org.apache.maven.surefire.booter.ForkedBooter.runSuitesInProcess(ForkedBooter.java:340)
	at org.apache.maven.surefire.booter.ForkedBooter.execute(ForkedBooter.java:125)
	at org.apache.maven.surefire.booter.ForkedBooter.main(ForkedBooter.java:413)
Caused by: java.net.ConnectException: Connection refused: connect
	at java.net.DualStackPlainSocketImpl.waitForConnect(Native Method)
	at java.net.DualStackPlainSocketImpl.socketConnect(DualStackPlainSocketImpl.java:85)
	at java.net.AbstractPlainSocketImpl.doConnect(AbstractPlainSocketImpl.java:350)
	at java.net.AbstractPlainSocketImpl.connectToAddress(AbstractPlainSocketImpl.java:206)
	at java.net.AbstractPlainSocketImpl.connect(AbstractPlainSocketImpl.java:188)
	at java.net.PlainSocketImpl.connect(PlainSocketImpl.java:172)
	at java.net.SocksSocketImpl.connect(SocksSocketImpl.java:392)
	at java.net.Socket.connect(Socket.java:589)
	at org.apache.http.conn.scheme.PlainSocketFactory.connectSocket(PlainSocketFactory.java:121)
	at org.apache.http.impl.conn.DefaultClientConnectionOperator.openConnection(DefaultClientConnectionOperator.java:180)
	at org.apache.http.impl.conn.AbstractPoolEntry.open(AbstractPoolEntry.java:144)
	at org.apache.http.impl.conn.AbstractPooledConnAdapter.open(AbstractPooledConnAdapter.java:134)
	at org.apache.http.impl.client.DefaultRequestDirector.tryConnect(DefaultRequestDirector.java:610)
	at org.apache.http.impl.client.DefaultRequestDirector.execute(DefaultRequestDirector.java:445)
	at org.apache.http.impl.client.AbstractHttpClient.doExecute(AbstractHttpClient.java:835)
	at org.apache.http.impl.client.CloseableHttpClient.execute(CloseableHttpClient.java:118)
	at org.apache.http.impl.client.CloseableHttpClient.execute(CloseableHttpClient.java:56)
	at com.sun.jersey.client.apache4.ApacheHttpClient4Handler.handle(ApacheHttpClient4Handler.java:173)
	... 140 common frames omitted
2020-03-05 20:55:07.117 [main] WARN  c.n.d.s.t.d.RetryableEurekaHttpClient - Request execution failed with message: java.net.ConnectException: Connection refused: connect
2020-03-05 20:55:07.118 [main] ERROR c.netflix.discovery.DiscoveryClient - DiscoveryClient_NM-SERVICE-MANAGE-COURSE/nm-service-manage-course:-1 - was unable to refresh its cache! status = Cannot execute request on any known server
com.netflix.discovery.shared.transport.TransportException: Cannot execute request on any known server
	at com.netflix.discovery.shared.transport.decorator.RetryableEurekaHttpClient.execute(RetryableEurekaHttpClient.java:112)
	at com.netflix.discovery.shared.transport.decorator.EurekaHttpClientDecorator.getApplications(EurekaHttpClientDecorator.java:134)
	at com.netflix.discovery.shared.transport.decorator.EurekaHttpClientDecorator$6.execute(EurekaHttpClientDecorator.java:137)
	at com.netflix.discovery.shared.transport.decorator.SessionedEurekaHttpClient.execute(SessionedEurekaHttpClient.java:77)
	at com.netflix.discovery.shared.transport.decorator.EurekaHttpClientDecorator.getApplications(EurekaHttpClientDecorator.java:134)
	at com.netflix.discovery.DiscoveryClient.getAndStoreFullRegistry(DiscoveryClient.java:1051)
	at com.netflix.discovery.DiscoveryClient.fetchRegistry(DiscoveryClient.java:965)
	at com.netflix.discovery.DiscoveryClient.<init>(DiscoveryClient.java:414)
	at com.netflix.discovery.DiscoveryClient.<init>(DiscoveryClient.java:269)
	at org.springframework.cloud.netflix.eureka.CloudEurekaClient.<init>(CloudEurekaClient.java:63)
	at org.springframework.cloud.netflix.eureka.EurekaClientAutoConfiguration$RefreshableEurekaClientConfiguration.eurekaClient(EurekaClientAutoConfiguration.java:290)
	at org.springframework.cloud.netflix.eureka.EurekaClientAutoConfiguration$RefreshableEurekaClientConfiguration$$EnhancerBySpringCGLIB$$8cff4a1d.CGLIB$eurekaClient$0(<generated>)
	at org.springframework.cloud.netflix.eureka.EurekaClientAutoConfiguration$RefreshableEurekaClientConfiguration$$EnhancerBySpringCGLIB$$8cff4a1d$$FastClassBySpringCGLIB$$6cacd7ad.invoke(<generated>)
	at org.springframework.cglib.proxy.MethodProxy.invokeSuper(MethodProxy.java:228)
	at org.springframework.context.annotation.ConfigurationClassEnhancer$BeanMethodInterceptor.intercept(ConfigurationClassEnhancer.java:361)
	at org.springframework.cloud.netflix.eureka.EurekaClientAutoConfiguration$RefreshableEurekaClientConfiguration$$EnhancerBySpringCGLIB$$8cff4a1d.eurekaClient(<generated>)
	at sun.reflect.NativeMethodAccessorImpl.invoke0(Native Method)
	at sun.reflect.NativeMethodAccessorImpl.invoke(NativeMethodAccessorImpl.java:62)
	at sun.reflect.DelegatingMethodAccessorImpl.invoke(DelegatingMethodAccessorImpl.java:43)
	at java.lang.reflect.Method.invoke(Method.java:498)
	at org.springframework.beans.factory.support.SimpleInstantiationStrategy.instantiate(SimpleInstantiationStrategy.java:154)
	at org.springframework.beans.factory.support.ConstructorResolver.instantiateUsingFactoryMethod(ConstructorResolver.java:579)
	at org.springframework.beans.factory.support.AbstractAutowireCapableBeanFactory.instantiateUsingFactoryMethod(AbstractAutowireCapableBeanFactory.java:1250)
	at org.springframework.beans.factory.support.AbstractAutowireCapableBeanFactory.createBeanInstance(AbstractAutowireCapableBeanFactory.java:1099)
	at org.springframework.beans.factory.support.AbstractAutowireCapableBeanFactory.doCreateBean(AbstractAutowireCapableBeanFactory.java:541)
	at org.springframework.beans.factory.support.AbstractAutowireCapableBeanFactory.createBean(AbstractAutowireCapableBeanFactory.java:501)
	at org.springframework.beans.factory.support.AbstractBeanFactory.lambda$doGetBean$1(AbstractBeanFactory.java:353)
	at org.springframework.cloud.context.scope.GenericScope$BeanLifecycleWrapper.getBean(GenericScope.java:390)
	at org.springframework.cloud.context.scope.GenericScope.get(GenericScope.java:184)
	at org.springframework.beans.factory.support.AbstractBeanFactory.doGetBean(AbstractBeanFactory.java:350)
	at org.springframework.beans.factory.support.AbstractBeanFactory.getBean(AbstractBeanFactory.java:199)
	at org.springframework.aop.target.SimpleBeanTargetSource.getTarget(SimpleBeanTargetSource.java:35)
	at org.springframework.aop.framework.JdkDynamicAopProxy.invoke(JdkDynamicAopProxy.java:193)
	at com.sun.proxy.$Proxy170.getInstancesByVipAddress(Unknown Source)
	at com.netflix.niws.loadbalancer.DiscoveryEnabledNIWSServerList.obtainServersViaDiscovery(DiscoveryEnabledNIWSServerList.java:167)
	at com.netflix.niws.loadbalancer.DiscoveryEnabledNIWSServerList.getUpdatedListOfServers(DiscoveryEnabledNIWSServerList.java:152)
	at org.springframework.cloud.netflix.ribbon.eureka.DomainExtractingServerList.getUpdatedListOfServers(DomainExtractingServerList.java:57)
	at com.netflix.loadbalancer.DynamicServerListLoadBalancer.updateListOfServers(DynamicServerListLoadBalancer.java:240)
	at com.netflix.loadbalancer.DynamicServerListLoadBalancer.restOfInit(DynamicServerListLoadBalancer.java:144)
	at com.netflix.loadbalancer.DynamicServerListLoadBalancer.<init>(DynamicServerListLoadBalancer.java:95)
	at com.netflix.loadbalancer.ZoneAwareLoadBalancer.<init>(ZoneAwareLoadBalancer.java:82)
	at org.springframework.cloud.netflix.ribbon.RibbonClientConfiguration.ribbonLoadBalancer(RibbonClientConfiguration.java:137)
	at org.springframework.cloud.netflix.ribbon.RibbonClientConfiguration$$EnhancerBySpringCGLIB$$452d723f.CGLIB$ribbonLoadBalancer$8(<generated>)
	at org.springframework.cloud.netflix.ribbon.RibbonClientConfiguration$$EnhancerBySpringCGLIB$$452d723f$$FastClassBySpringCGLIB$$74073a81.invoke(<generated>)
	at org.springframework.cglib.proxy.MethodProxy.invokeSuper(MethodProxy.java:228)
	at org.springframework.context.annotation.ConfigurationClassEnhancer$BeanMethodInterceptor.intercept(ConfigurationClassEnhancer.java:361)
	at org.springframework.cloud.netflix.ribbon.RibbonClientConfiguration$$EnhancerBySpringCGLIB$$452d723f.ribbonLoadBalancer(<generated>)
	at sun.reflect.NativeMethodAccessorImpl.invoke0(Native Method)
	at sun.reflect.NativeMethodAccessorImpl.invoke(NativeMethodAccessorImpl.java:62)
	at sun.reflect.DelegatingMethodAccessorImpl.invoke(DelegatingMethodAccessorImpl.java:43)
	at java.lang.reflect.Method.invoke(Method.java:498)
	at org.springframework.beans.factory.support.SimpleInstantiationStrategy.instantiate(SimpleInstantiationStrategy.java:154)
	at org.springframework.beans.factory.support.ConstructorResolver.instantiateUsingFactoryMethod(ConstructorResolver.java:579)
	at org.springframework.beans.factory.support.AbstractAutowireCapableBeanFactory.instantiateUsingFactoryMethod(AbstractAutowireCapableBeanFactory.java:1250)
	at org.springframework.beans.factory.support.AbstractAutowireCapableBeanFactory.createBeanInstance(AbstractAutowireCapableBeanFactory.java:1099)
	at org.springframework.beans.factory.support.AbstractAutowireCapableBeanFactory.doCreateBean(AbstractAutowireCapableBeanFactory.java:541)
	at org.springframework.beans.factory.support.AbstractAutowireCapableBeanFactory.createBean(AbstractAutowireCapableBeanFactory.java:501)
	at org.springframework.beans.factory.support.AbstractBeanFactory.lambda$doGetBean$0(AbstractBeanFactory.java:317)
	at org.springframework.beans.factory.support.DefaultSingletonBeanRegistry.getSingleton(DefaultSingletonBeanRegistry.java:228)
	at org.springframework.beans.factory.support.AbstractBeanFactory.doGetBean(AbstractBeanFactory.java:315)
	at org.springframework.beans.factory.support.AbstractBeanFactory.getBean(AbstractBeanFactory.java:199)
	at org.springframework.beans.factory.config.DependencyDescriptor.resolveCandidate(DependencyDescriptor.java:251)
	at org.springframework.beans.factory.support.DefaultListableBeanFactory.doResolveDependency(DefaultListableBeanFactory.java:1138)
	at org.springframework.beans.factory.support.DefaultListableBeanFactory.resolveDependency(DefaultListableBeanFactory.java:1065)
	at org.springframework.beans.factory.support.ConstructorResolver.resolveAutowiredArgument(ConstructorResolver.java:815)
	at org.springframework.beans.factory.support.ConstructorResolver.createArgumentArray(ConstructorResolver.java:721)
	at org.springframework.beans.factory.support.ConstructorResolver.instantiateUsingFactoryMethod(ConstructorResolver.java:470)
	at org.springframework.beans.factory.support.AbstractAutowireCapableBeanFactory.instantiateUsingFactoryMethod(AbstractAutowireCapableBeanFactory.java:1250)
	at org.springframework.beans.factory.support.AbstractAutowireCapableBeanFactory.createBeanInstance(AbstractAutowireCapableBeanFactory.java:1099)
	at org.springframework.beans.factory.support.AbstractAutowireCapableBeanFactory.doCreateBean(AbstractAutowireCapableBeanFactory.java:541)
	at org.springframework.beans.factory.support.AbstractAutowireCapableBeanFactory.createBean(AbstractAutowireCapableBeanFactory.java:501)
	at org.springframework.beans.factory.support.AbstractBeanFactory.lambda$doGetBean$0(AbstractBeanFactory.java:317)
	at org.springframework.beans.factory.support.DefaultSingletonBeanRegistry.getSingleton(DefaultSingletonBeanRegistry.java:228)
	at org.springframework.beans.factory.support.AbstractBeanFactory.doGetBean(AbstractBeanFactory.java:315)
	at org.springframework.beans.factory.support.AbstractBeanFactory.getBean(AbstractBeanFactory.java:199)
	at org.springframework.beans.factory.support.DefaultListableBeanFactory.preInstantiateSingletons(DefaultListableBeanFactory.java:760)
	at org.springframework.context.support.AbstractApplicationContext.finishBeanFactoryInitialization(AbstractApplicationContext.java:869)
	at org.springframework.context.support.AbstractApplicationContext.refresh(AbstractApplicationContext.java:550)
	at org.springframework.cloud.context.named.NamedContextFactory.createContext(NamedContextFactory.java:117)
	at org.springframework.cloud.context.named.NamedContextFactory.getContext(NamedContextFactory.java:85)
	at org.springframework.cloud.netflix.ribbon.SpringClientFactory.getContext(SpringClientFactory.java:118)
	at org.springframework.cloud.context.named.NamedContextFactory.getInstance(NamedContextFactory.java:126)
	at org.springframework.cloud.netflix.ribbon.SpringClientFactory.getInstance(SpringClientFactory.java:108)
	at org.springframework.cloud.netflix.ribbon.SpringClientFactory.getClientConfig(SpringClientFactory.java:65)
	at org.springframework.cloud.openfeign.ribbon.LoadBalancerFeignClient.getClientConfig(LoadBalancerFeignClient.java:78)
	at org.springframework.cloud.openfeign.ribbon.LoadBalancerFeignClient.execute(LoadBalancerFeignClient.java:62)
	at feign.SynchronousMethodHandler.executeAndDecode(SynchronousMethodHandler.java:97)
	at feign.SynchronousMethodHandler.invoke(SynchronousMethodHandler.java:76)
	at feign.ReflectiveFeign$FeignInvocationHandler.invoke(ReflectiveFeign.java:103)
	at com.sun.proxy.$Proxy158.findById(Unknown Source)
	at com.ningmeng.manage_course.dao.FeignTest.testfeign(FeignTest.java:23)
	at sun.reflect.NativeMethodAccessorImpl.invoke0(Native Method)
	at sun.reflect.NativeMethodAccessorImpl.invoke(NativeMethodAccessorImpl.java:62)
	at sun.reflect.DelegatingMethodAccessorImpl.invoke(DelegatingMethodAccessorImpl.java:43)
	at java.lang.reflect.Method.invoke(Method.java:498)
	at org.junit.runners.model.FrameworkMethod$1.runReflectiveCall(FrameworkMethod.java:50)
	at org.junit.internal.runners.model.ReflectiveCallable.run(ReflectiveCallable.java:12)
	at org.junit.runners.model.FrameworkMethod.invokeExplosively(FrameworkMethod.java:47)
	at org.junit.internal.runners.statements.InvokeMethod.evaluate(InvokeMethod.java:17)
	at org.springframework.test.context.junit4.statements.RunBeforeTestExecutionCallbacks.evaluate(RunBeforeTestExecutionCallbacks.java:73)
	at org.springframework.test.context.junit4.statements.RunAfterTestExecutionCallbacks.evaluate(RunAfterTestExecutionCallbacks.java:83)
	at org.springframework.test.context.junit4.statements.RunBeforeTestMethodCallbacks.evaluate(RunBeforeTestMethodCallbacks.java:75)
	at org.springframework.test.context.junit4.statements.RunAfterTestMethodCallbacks.evaluate(RunAfterTestMethodCallbacks.java:86)
	at org.springframework.test.context.junit4.statements.SpringRepeat.evaluate(SpringRepeat.java:84)
	at org.junit.runners.ParentRunner.runLeaf(ParentRunner.java:325)
	at org.springframework.test.context.junit4.SpringJUnit4ClassRunner.runChild(SpringJUnit4ClassRunner.java:251)
	at org.springframework.test.context.junit4.SpringJUnit4ClassRunner.runChild(SpringJUnit4ClassRunner.java:97)
	at org.junit.runners.ParentRunner$3.run(ParentRunner.java:290)
	at org.junit.runners.ParentRunner$1.schedule(ParentRunner.java:71)
	at org.junit.runners.ParentRunner.runChildren(ParentRunner.java:288)
	at org.junit.runners.ParentRunner.access$000(ParentRunner.java:58)
	at org.junit.runners.ParentRunner$2.evaluate(ParentRunner.java:268)
	at org.springframework.test.context.junit4.statements.RunBeforeTestClassCallbacks.evaluate(RunBeforeTestClassCallbacks.java:61)
	at org.springframework.test.context.junit4.statements.RunAfterTestClassCallbacks.evaluate(RunAfterTestClassCallbacks.java:70)
	at org.junit.runners.ParentRunner.run(ParentRunner.java:363)
	at org.springframework.test.context.junit4.SpringJUnit4ClassRunner.run(SpringJUnit4ClassRunner.java:190)
	at org.apache.maven.surefire.junit4.JUnit4Provider.execute(JUnit4Provider.java:365)
	at org.apache.maven.surefire.junit4.JUnit4Provider.executeWithRerun(JUnit4Provider.java:273)
	at org.apache.maven.surefire.junit4.JUnit4Provider.executeTestSet(JUnit4Provider.java:238)
	at org.apache.maven.surefire.junit4.JUnit4Provider.invoke(JUnit4Provider.java:159)
	at org.apache.maven.surefire.booter.ForkedBooter.invokeProviderInSameClassLoader(ForkedBooter.java:379)
	at org.apache.maven.surefire.booter.ForkedBooter.runSuitesInProcess(ForkedBooter.java:340)
	at org.apache.maven.surefire.booter.ForkedBooter.execute(ForkedBooter.java:125)
	at org.apache.maven.surefire.booter.ForkedBooter.main(ForkedBooter.java:413)
2020-03-05 20:55:07.119 [main] WARN  c.netflix.discovery.DiscoveryClient - Using default backup registry implementation which does not do anything.
2020-03-05 20:55:07.121 [main] INFO  c.netflix.discovery.DiscoveryClient - Starting heartbeat executor: renew interval is: 30
2020-03-05 20:55:07.124 [main] INFO  c.n.discovery.InstanceInfoReplicator - InstanceInfoReplicator onDemand update allowed rate per min is 4
2020-03-05 20:55:07.130 [main] INFO  c.netflix.discovery.DiscoveryClient - Discovery Client initialized at timestamp 1583412907128 with initial instances count: 0
2020-03-05 20:55:07.141 [main] INFO  c.n.l.DynamicServerListLoadBalancer - DynamicServerListLoadBalancer for client nm-service-manage-cms initialized: DynamicServerListLoadBalancer:{NFLoadBalancer:name=nm-service-manage-cms,current list of Servers=[],Load balancer stats=Zone stats: {},Server stats: []}ServerList:org.springframework.cloud.netflix.ribbon.eureka.DomainExtractingServerList@167f9043
]]></system-out>
  </testcase>
</testsuite>