<?xml version="1.0" encoding="UTF-8"?>
<testsuite xmlns:xsi="http://www.w3.org/2001/XMLSchema-instance" xsi:noNamespaceSchemaLocation="https://maven.apache.org/surefire/maven-surefire-plugin/xsd/surefire-test-report.xsd" name="com.ningmeng.manage_course.dao.TestDao" time="100.553" tests="2" errors="2" skipped="0" failures="0">
  <properties>
[...]
</properties>
  <testcase name="testCourseMapper" classname="com.ningmeng.manage_course.dao.TestDao" time="0.002">
    <error message="Failed to load ApplicationContext" type="java.lang.IllegalStateException">java.lang.IllegalStateException: Failed to load ApplicationContext
Caused by: org.springframework.beans.factory.BeanCreationException: 
Error creating bean with name 'org.springframework.cloud.autoconfigure.RefreshAutoConfiguration$JpaInvokerConfiguration': Invocation of init method failed; nested exception is org.springframework.beans.factory.BeanCreationException: Error creating bean with name 'org.springframework.boot.autoconfigure.jdbc.DataSourceInitializerInvoker': Invocation of init method failed; nested exception is org.springframework.beans.factory.BeanCreationException: Error creating bean with name 'dataSource' defined in class path resource [com/alibaba/druid/spring/boot/autoconfigure/DruidDataSourceAutoConfigure.class]: Invocation of init method failed; nested exception is com.mysql.jdbc.exceptions.jdbc4.CommunicationsException: Communications link failure

The last packet successfully received from the server was 10,449 milliseconds ago.  The last packet sent successfully to the server was 10,368 milliseconds ago.
Caused by: org.springframework.beans.factory.BeanCreationException: 
Error creating bean with name 'org.springframework.boot.autoconfigure.jdbc.DataSourceInitializerInvoker': Invocation of init method failed; nested exception is org.springframework.beans.factory.BeanCreationException: Error creating bean with name 'dataSource' defined in class path resource [com/alibaba/druid/spring/boot/autoconfigure/DruidDataSourceAutoConfigure.class]: Invocation of init method failed; nested exception is com.mysql.jdbc.exceptions.jdbc4.CommunicationsException: Communications link failure

The last packet successfully received from the server was 10,449 milliseconds ago.  The last packet sent successfully to the server was 10,368 milliseconds ago.
Caused by: org.springframework.beans.factory.BeanCreationException: 
Error creating bean with name 'dataSource' defined in class path resource [com/alibaba/druid/spring/boot/autoconfigure/DruidDataSourceAutoConfigure.class]: Invocation of init method failed; nested exception is com.mysql.jdbc.exceptions.jdbc4.CommunicationsException: Communications link failure

The last packet successfully received from the server was 10,449 milliseconds ago.  The last packet sent successfully to the server was 10,368 milliseconds ago.
Caused by: com.mysql.jdbc.exceptions.jdbc4.CommunicationsException: 
Communications link failure

The last packet successfully received from the server was 10,449 milliseconds ago.  The last packet sent successfully to the server was 10,368 milliseconds ago.
Caused by: java.io.EOFException: Can not read response from server. Expected to read 4 bytes, read 0 bytes before connection was unexpectedly lost.
</error>
    <system-out><![CDATA[20:34:13.373 [main] DEBUG org.springframework.test.context.junit4.SpringJUnit4ClassRunner - SpringJUnit4ClassRunner constructor called with [class com.ningmeng.manage_course.dao.TestDao]
20:34:13.381 [main] DEBUG org.springframework.test.context.BootstrapUtils - Instantiating CacheAwareContextLoaderDelegate from class [org.springframework.test.context.cache.DefaultCacheAwareContextLoaderDelegate]
20:34:13.391 [main] DEBUG org.springframework.test.context.BootstrapUtils - Instantiating BootstrapContext using constructor [public org.springframework.test.context.support.DefaultBootstrapContext(java.lang.Class,org.springframework.test.context.CacheAwareContextLoaderDelegate)]
20:34:13.412 [main] DEBUG org.springframework.test.context.BootstrapUtils - Instantiating TestContextBootstrapper for test class [com.ningmeng.manage_course.dao.TestDao] from class [org.springframework.boot.test.context.SpringBootTestContextBootstrapper]
20:34:13.430 [main] INFO org.springframework.boot.test.context.SpringBootTestContextBootstrapper - Neither @ContextConfiguration nor @ContextHierarchy found for test class [com.ningmeng.manage_course.dao.TestDao], using SpringBootContextLoader
20:34:13.434 [main] DEBUG org.springframework.test.context.support.AbstractContextLoader - Did not detect default resource location for test class [com.ningmeng.manage_course.dao.TestDao]: class path resource [com/ningmeng/manage_course/dao/TestDao-context.xml] does not exist
20:34:13.435 [main] DEBUG org.springframework.test.context.support.AbstractContextLoader - Did not detect default resource location for test class [com.ningmeng.manage_course.dao.TestDao]: class path resource [com/ningmeng/manage_course/dao/TestDaoContext.groovy] does not exist
20:34:13.435 [main] INFO org.springframework.test.context.support.AbstractContextLoader - Could not detect default resource locations for test class [com.ningmeng.manage_course.dao.TestDao]: no resource found for suffixes {-context.xml, Context.groovy}.
20:34:13.437 [main] INFO org.springframework.test.context.support.AnnotationConfigContextLoaderUtils - Could not detect default configuration classes for test class [com.ningmeng.manage_course.dao.TestDao]: TestDao does not declare any static, non-private, non-final, nested classes annotated with @Configuration.
20:34:13.492 [main] DEBUG org.springframework.test.context.support.ActiveProfilesUtils - Could not find an 'annotation declaring class' for annotation type [org.springframework.test.context.ActiveProfiles] and class [com.ningmeng.manage_course.dao.TestDao]
20:34:13.503 [main] DEBUG org.springframework.core.env.StandardEnvironment - Adding PropertySource 'systemProperties' with lowest search precedence
20:34:13.504 [main] DEBUG org.springframework.core.env.StandardEnvironment - Adding PropertySource 'systemEnvironment' with lowest search precedence
20:34:13.504 [main] DEBUG org.springframework.core.env.StandardEnvironment - Initialized StandardEnvironment with PropertySources [MapPropertySource@63468833 {name='systemProperties', properties={idea.version=2017.1.2, java.runtime.name=Java(TM) SE Runtime Environment, sun.boot.library.path=C:\Program Files\Java\jdk1.8.0_91\jre\bin, java.vm.version=25.91-b14, java.vm.vendor=Oracle Corporation, java.vendor.url=http://java.oracle.com/, path.separator=;, java.vm.name=Java HotSpot(TM) 64-Bit Server VM, file.encoding.pkg=sun.io, user.country=CN, user.script=, sun.java.launcher=SUN_STANDARD, sun.os.patch.level=, java.vm.specification.name=Java Virtual Machine Specification, user.dir=E:\nginx-1.14\hdservicecode\hdservicecode\nm-service-manage-course, java.runtime.version=1.8.0_91-b14, basedir=E:\nginx-1.14\hdservicecode\hdservicecode\nm-service-manage-course, java.awt.graphicsenv=sun.awt.Win32GraphicsEnvironment, java.endorsed.dirs=C:\Program Files\Java\jdk1.8.0_91\jre\lib\endorsed, os.arch=amd64, surefire.real.class.path=C:\Users\ASUS\AppData\Local\Temp\surefire725542966294157209\surefirebooter1282864815457611342.jar, java.io.tmpdir=C:\Users\ASUS\AppData\Local\Temp\, line.separator=
, java.vm.specification.vendor=Oracle Corporation, user.variant=, os.name=Windows 10, sun.jnu.encoding=GBK, java.library.path=C:\Program Files\Java\jdk1.8.0_91\jre\bin;C:\WINDOWS\Sun\Java\bin;C:\WINDOWS\system32;C:\WINDOWS;F:\app\ASUS\product\11.2.0\dbhome_1\bin;E:\maven\bin;E:\maven\apache-maven-3.6.1\bin;C:\Program Files (x86)\Intel\iCLS Client\;C:\Program Files\Intel\iCLS Client\;C:\Windows\system32;C:\Windows;C:\Windows\System32\Wbem;C:\Windows\System32\WindowsPowerShell\v1.0\;C:\Program Files (x86)\NVIDIA Corporation\PhysX\Common;C:\Program Files (x86)\Intel\Intel(R) Management Engine Components\DAL;C:\Program Files\Intel\Intel(R) Management Engine Components\DAL;C:\Program Files (x86)\Intel\Intel(R) Management Engine Components\IPT;C:\Program Files\Intel\Intel(R) Management Engine Components\IPT;C:\Program Files\Intel\WiFi\bin\;C:\Program Files\Common Files\Intel\WirelessCommon\;C:\WINDOWS\system32;C:\WINDOWS;C:\WINDOWS\System32\Wbem;C:\WINDOWS\System32\WindowsPowerShell\v1.0\;C:\WINDOWS\System32\OpenSSH\;C:\Program Files\MySQL\MySQL Server 5.5\bin;C:\Program Files\NVIDIA Corporation\NVIDIA NvDLISR;E:\Head\;E:\vue\visual\bin;C:\WINDOWS\system32;C:\WINDOWS;C:\WINDOWS\System32\Wbem;C:\WINDOWS\System32\WindowsPowerShell\v1.0\;C:\WINDOWS\System32\OpenSSH\;E:\Git\cmd;C:\Users\ASUS\AppData\Local\Microsoft\WindowsApps;C:\Users\ASUS\AppData\Roaming\npm;E:\vue\bin;E:\vue\visual\bin;;., surefire.test.class.path=E:\nginx-1.14\hdservicecode\hdservicecode\nm-service-manage-course\target\test-classes;E:\nginx-1.14\hdservicecode\hdservicecode\nm-service-manage-course\target\classes;E:\nginx-1.14\hdservicecode\hdservicecode\nm-service-api\target\nm-service-api.jar;E:\nginx-1.14\maven_config\repository\commons-fileupload\commons-fileupload\1.3.3\commons-fileupload-1.3.3.jar;E:\nginx-1.14\maven_config\repository\io\springfox\springfox-swagger2\2.7.0\springfox-swagger2-2.7.0.jar;E:\nginx-1.14\maven_config\repository\io\swagger\swagger-annotations\1.5.13\swagger-annotations-1.5.13.jar;E:\nginx-1.14\maven_config\repository\io\swagger\swagger-models\1.5.13\swagger-models-1.5.13.jar;E:\nginx-1.14\maven_config\repository\com\fasterxml\jackson\core\jackson-annotations\2.9.0\jackson-annotations-2.9.0.jar;E:\nginx-1.14\maven_config\repository\io\springfox\springfox-spi\2.7.0\springfox-spi-2.7.0.jar;E:\nginx-1.14\maven_config\repository\io\springfox\springfox-core\2.7.0\springfox-core-2.7.0.jar;E:\nginx-1.14\maven_config\repository\io\springfox\springfox-schema\2.7.0\springfox-schema-2.7.0.jar;E:\nginx-1.14\maven_config\repository\io\springfox\springfox-swagger-common\2.7.0\springfox-swagger-common-2.7.0.jar;E:\nginx-1.14\maven_config\repository\io\springfox\springfox-spring-web\2.7.0\springfox-spring-web-2.7.0.jar;E:\nginx-1.14\maven_config\repository\org\reflections\reflections\0.9.11\reflections-0.9.11.jar;E:\nginx-1.14\maven_config\repository\com\fasterxml\classmate\1.3.4\classmate-1.3.4.jar;E:\nginx-1.14\maven_config\repository\org\springframework\plugin\spring-plugin-core\1.2.0.RELEASE\spring-plugin-core-1.2.0.RELEASE.jar;E:\nginx-1.14\maven_config\repository\org\springframework\plugin\spring-plugin-metadata\1.2.0.RELEASE\spring-plugin-metadata-1.2.0.RELEASE.jar;E:\nginx-1.14\maven_config\repository\org\mapstruct\mapstruct\1.1.0.Final\mapstruct-1.1.0.Final.jar;E:\nginx-1.14\maven_config\repository\io\springfox\springfox-swagger-ui\2.7.0\springfox-swagger-ui-2.7.0.jar;E:\nginx-1.14\hdservicecode\hdservicecode\nm-framework-model\target\nm-framework-model.jar;E:\nginx-1.14\maven_config\repository\org\projectlombok\lombok\1.16.16\lombok-1.16.16.jar;E:\nginx-1.14\maven_config\repository\org\springframework\data\spring-data-commons\2.0.6.RELEASE\spring-data-commons-2.0.6.RELEASE.jar;E:\nginx-1.14\maven_config\repository\org\springframework\data\spring-data-mongodb\2.0.6.RELEASE\spring-data-mongodb-2.0.6.RELEASE.jar;E:\nginx-1.14\maven_config\repository\org\springframework\spring-context\5.0.5.RELEASE\spring-context-5.0.5.RELEASE.jar;E:\nginx-1.14\maven_config\repository\org\springframework\spring-expression\5.0.5.RELEASE\spring-expression-5.0.5.RELEASE.jar;E:\nginx-1.14\maven_config\repository\org\mongodb\mongo-java-driver\3.6.3\mongo-java-driver-3.6.3.jar;E:\nginx-1.14\maven_config\repository\org\hibernate\hibernate-core\5.2.16.Final\hibernate-core-5.2.16.Final.jar;E:\nginx-1.14\maven_config\repository\org\jboss\logging\jboss-logging\3.3.2.Final\jboss-logging-3.3.2.Final.jar;E:\nginx-1.14\maven_config\repository\org\hibernate\javax\persistence\hibernate-jpa-2.1-api\1.0.0.Final\hibernate-jpa-2.1-api-1.0.0.Final.jar;E:\nginx-1.14\maven_config\repository\org\javassist\javassist\3.22.0-GA\javassist-3.22.0-GA.jar;E:\nginx-1.14\maven_config\repository\antlr\antlr\2.7.7\antlr-2.7.7.jar;E:\nginx-1.14\maven_config\repository\org\jboss\spec\javax\transaction\jboss-transaction-api_1.2_spec\1.0.1.Final\jboss-transaction-api_1.2_spec-1.0.1.Final.jar;E:\nginx-1.14\maven_config\repository\org\jboss\jandex\2.0.3.Final\jandex-2.0.3.Final.jar;E:\nginx-1.14\maven_config\repository\dom4j\dom4j\1.6.1\dom4j-1.6.1.jar;E:\nginx-1.14\maven_config\repository\org\hibernate\common\hibernate-commons-annotations\5.0.1.Final\hibernate-commons-annotations-5.0.1.Final.jar;E:\nginx-1.14\maven_config\repository\com\google\guava\guava\24.0-jre\guava-24.0-jre.jar;E:\nginx-1.14\maven_config\repository\com\google\code\findbugs\jsr305\1.3.9\jsr305-1.3.9.jar;E:\nginx-1.14\maven_config\repository\org\checkerframework\checker-compat-qual\2.0.0\checker-compat-qual-2.0.0.jar;E:\nginx-1.14\maven_config\repository\com\google\errorprone\error_prone_annotations\2.1.3\error_prone_annotations-2.1.3.jar;E:\nginx-1.14\maven_config\repository\com\google\j2objc\j2objc-annotations\1.1\j2objc-annotations-1.1.jar;E:\nginx-1.14\maven_config\repository\org\codehaus\mojo\animal-sniffer-annotations\1.14\animal-sniffer-annotations-1.14.jar;E:\nginx-1.14\hdservicecode\hdservicecode\nm-framework-utils\target\nm-framework-utils.jar;E:\nginx-1.14\maven_config\repository\javax\servlet\javax.servlet-api\3.1.0\javax.servlet-api-3.1.0.jar;E:\nginx-1.14\maven_config\repository\org\springframework\boot\spring-boot-starter-logging\2.0.1.RELEASE\spring-boot-starter-logging-2.0.1.RELEASE.jar;E:\nginx-1.14\maven_config\repository\ch\qos\logback\logback-classic\1.2.3\logback-classic-1.2.3.jar;E:\nginx-1.14\maven_config\repository\ch\qos\logback\logback-core\1.2.3\logback-core-1.2.3.jar;E:\nginx-1.14\maven_config\repository\org\apache\logging\log4j\log4j-to-slf4j\2.10.0\log4j-to-slf4j-2.10.0.jar;E:\nginx-1.14\maven_config\repository\org\apache\logging\log4j\log4j-api\2.10.0\log4j-api-2.10.0.jar;E:\nginx-1.14\maven_config\repository\org\slf4j\jul-to-slf4j\1.7.25\jul-to-slf4j-1.7.25.jar;E:\nginx-1.14\maven_config\repository\org\apache\httpcomponents\httpclient\4.5.5\httpclient-4.5.5.jar;E:\nginx-1.14\maven_config\repository\org\apache\httpcomponents\httpcore\4.4.9\httpcore-4.4.9.jar;E:\nginx-1.14\maven_config\repository\commons-codec\commons-codec\1.10\commons-codec-1.10.jar;E:\nginx-1.14\maven_config\repository\net\lingala\zip4j\zip4j\1.3.1\zip4j-1.3.1.jar;E:\nginx-1.14\maven_config\repository\org\springframework\security\spring-security-crypto\5.0.4.RELEASE\spring-security-crypto-5.0.4.RELEASE.jar;E:\nginx-1.14\maven_config\repository\org\springframework\security\spring-security-jwt\1.0.8.RELEASE\spring-security-jwt-1.0.8.RELEASE.jar;E:\nginx-1.14\maven_config\repository\org\bouncycastle\bcpkix-jdk15on\1.56\bcpkix-jdk15on-1.56.jar;E:\nginx-1.14\maven_config\repository\org\bouncycastle\bcprov-jdk15on\1.56\bcprov-jdk15on-1.56.jar;E:\nginx-1.14\hdservicecode\hdservicecode\nm-framework-common\target\nm-framework-common.jar;E:\nginx-1.14\maven_config\repository\org\springframework\spring-web\5.0.5.RELEASE\spring-web-5.0.5.RELEASE.jar;E:\nginx-1.14\maven_config\repository\org\springframework\cloud\spring-cloud-starter-openfeign\2.0.1.RELEASE\spring-cloud-starter-openfeign-2.0.1.RELEASE.jar;E:\nginx-1.14\maven_config\repository\org\springframework\cloud\spring-cloud-starter\2.0.1.RELEASE\spring-cloud-starter-2.0.1.RELEASE.jar;E:\nginx-1.14\maven_config\repository\org\springframework\cloud\spring-cloud-context\2.0.1.RELEASE\spring-cloud-context-2.0.1.RELEASE.jar;E:\nginx-1.14\maven_config\repository\org\springframework\security\spring-security-rsa\1.0.5.RELEASE\spring-security-rsa-1.0.5.RELEASE.jar;E:\nginx-1.14\maven_config\repository\org\springframework\cloud\spring-cloud-openfeign-core\2.0.1.RELEASE\spring-cloud-openfeign-core-2.0.1.RELEASE.jar;E:\nginx-1.14\maven_config\repository\org\springframework\cloud\spring-cloud-netflix-ribbon\2.0.1.RELEASE\spring-cloud-netflix-ribbon-2.0.1.RELEASE.jar;E:\nginx-1.14\maven_config\repository\org\springframework\cloud\spring-cloud-netflix-archaius\2.0.1.RELEASE\spring-cloud-netflix-archaius-2.0.1.RELEASE.jar;E:\nginx-1.14\maven_config\repository\org\springframework\cloud\spring-cloud-commons\2.0.1.RELEASE\spring-cloud-commons-2.0.1.RELEASE.jar;E:\nginx-1.14\maven_config\repository\io\github\openfeign\feign-core\9.5.1\feign-core-9.5.1.jar;E:\nginx-1.14\maven_config\repository\io\github\openfeign\feign-slf4j\9.5.1\feign-slf4j-9.5.1.jar;E:\nginx-1.14\maven_config\repository\io\github\openfeign\feign-hystrix\9.5.1\feign-hystrix-9.5.1.jar;E:\nginx-1.14\maven_config\repository\com\netflix\archaius\archaius-core\0.7.6\archaius-core-0.7.6.jar;E:\nginx-1.14\maven_config\repository\commons-configuration\commons-configuration\1.8\commons-configuration-1.8.jar;E:\nginx-1.14\maven_config\repository\commons-lang\commons-lang\2.6\commons-lang-2.6.jar;E:\nginx-1.14\maven_config\repository\com\netflix\hystrix\hystrix-core\1.5.12\hystrix-core-1.5.12.jar;E:\nginx-1.14\maven_config\repository\io\reactivex\rxjava\1.3.8\rxjava-1.3.8.jar;E:\nginx-1.14\maven_config\repository\org\hdrhistogram\HdrHistogram\2.1.9\HdrHistogram-2.1.9.jar;E:\nginx-1.14\maven_config\repository\io\github\openfeign\feign-java8\9.5.1\feign-java8-9.5.1.jar;E:\nginx-1.14\maven_config\repository\org\springframework\boot\spring-boot-starter-web\2.0.1.RELEASE\spring-boot-starter-web-2.0.1.RELEASE.jar;E:\nginx-1.14\maven_config\repository\org\springframework\boot\spring-boot-starter\2.0.1.RELEASE\spring-boot-starter-2.0.1.RELEASE.jar;E:\nginx-1.14\maven_config\repository\org\springframework\boot\spring-boot\2.0.1.RELEASE\spring-boot-2.0.1.RELEASE.jar;E:\nginx-1.14\maven_config\repository\javax\annotation\javax.annotation-api\1.3.2\javax.annotation-api-1.3.2.jar;E:\nginx-1.14\maven_config\repository\org\yaml\snakeyaml\1.19\snakeyaml-1.19.jar;E:\nginx-1.14\maven_config\repository\org\springframework\boot\spring-boot-starter-json\2.0.1.RELEASE\spring-boot-starter-json-2.0.1.RELEASE.jar;E:\nginx-1.14\maven_config\repository\com\fasterxml\jackson\core\jackson-databind\2.9.5\jackson-databind-2.9.5.jar;E:\nginx-1.14\maven_config\repository\com\fasterxml\jackson\core\jackson-core\2.9.5\jackson-core-2.9.5.jar;E:\nginx-1.14\maven_config\repository\com\fasterxml\jackson\datatype\jackson-datatype-jdk8\2.9.5\jackson-datatype-jdk8-2.9.5.jar;E:\nginx-1.14\maven_config\repository\com\fasterxml\jackson\datatype\jackson-datatype-jsr310\2.9.5\jackson-datatype-jsr310-2.9.5.jar;E:\nginx-1.14\maven_config\repository\com\fasterxml\jackson\module\jackson-module-parameter-names\2.9.5\jackson-module-parameter-names-2.9.5.jar;E:\nginx-1.14\maven_config\repository\org\springframework\boot\spring-boot-starter-tomcat\2.0.1.RELEASE\spring-boot-starter-tomcat-2.0.1.RELEASE.jar;E:\nginx-1.14\maven_config\repository\org\apache\tomcat\embed\tomcat-embed-core\8.5.28\tomcat-embed-core-8.5.28.jar;E:\nginx-1.14\maven_config\repository\org\apache\tomcat\embed\tomcat-embed-el\8.5.28\tomcat-embed-el-8.5.28.jar;E:\nginx-1.14\maven_config\repository\org\apache\tomcat\embed\tomcat-embed-websocket\8.5.28\tomcat-embed-websocket-8.5.28.jar;E:\nginx-1.14\maven_config\repository\org\hibernate\validator\hibernate-validator\6.0.9.Final\hibernate-validator-6.0.9.Final.jar;E:\nginx-1.14\maven_config\repository\javax\validation\validation-api\2.0.1.Final\validation-api-2.0.1.Final.jar;E:\nginx-1.14\maven_config\repository\org\springframework\spring-webmvc\5.0.5.RELEASE\spring-webmvc-5.0.5.RELEASE.jar;E:\nginx-1.14\maven_config\repository\org\springframework\spring-aop\5.0.5.RELEASE\spring-aop-5.0.5.RELEASE.jar;E:\nginx-1.14\maven_config\repository\mysql\mysql-connector-java\5.1.40\mysql-connector-java-5.1.40.jar;E:\nginx-1.14\maven_config\repository\com\alibaba\druid-spring-boot-starter\1.1.10\druid-spring-boot-starter-1.1.10.jar;E:\nginx-1.14\maven_config\repository\com\alibaba\druid\1.1.6\druid-1.1.6.jar;E:\nginx-1.14\maven_config\repository\org\slf4j\slf4j-api\1.7.25\slf4j-api-1.7.25.jar;E:\nginx-1.14\maven_config\repository\org\springframework\boot\spring-boot-autoconfigure\2.0.1.RELEASE\spring-boot-autoconfigure-2.0.1.RELEASE.jar;E:\nginx-1.14\maven_config\repository\org\mybatis\spring\boot\mybatis-spring-boot-starter\1.3.1\mybatis-spring-boot-starter-1.3.1.jar;E:\nginx-1.14\maven_config\repository\org\springframework\boot\spring-boot-starter-jdbc\2.0.1.RELEASE\spring-boot-starter-jdbc-2.0.1.RELEASE.jar;E:\nginx-1.14\maven_config\repository\com\zaxxer\HikariCP\2.7.8\HikariCP-2.7.8.jar;E:\nginx-1.14\maven_config\repository\org\mybatis\spring\boot\mybatis-spring-boot-autoconfigure\1.3.1\mybatis-spring-boot-autoconfigure-1.3.1.jar;E:\nginx-1.14\maven_config\repository\org\mybatis\mybatis\3.4.5\mybatis-3.4.5.jar;E:\nginx-1.14\maven_config\repository\org\mybatis\mybatis-spring\1.3.1\mybatis-spring-1.3.1.jar;E:\nginx-1.14\maven_config\repository\org\springframework\spring-orm\5.0.5.RELEASE\spring-orm-5.0.5.RELEASE.jar;E:\nginx-1.14\maven_config\repository\org\springframework\spring-beans\5.0.5.RELEASE\spring-beans-5.0.5.RELEASE.jar;E:\nginx-1.14\maven_config\repository\org\springframework\spring-core\5.0.5.RELEASE\spring-core-5.0.5.RELEASE.jar;E:\nginx-1.14\maven_config\repository\org\springframework\spring-jcl\5.0.5.RELEASE\spring-jcl-5.0.5.RELEASE.jar;E:\nginx-1.14\maven_config\repository\org\springframework\spring-jdbc\5.0.5.RELEASE\spring-jdbc-5.0.5.RELEASE.jar;E:\nginx-1.14\maven_config\repository\org\springframework\spring-tx\5.0.5.RELEASE\spring-tx-5.0.5.RELEASE.jar;E:\nginx-1.14\maven_config\repository\org\springframework\boot\spring-boot-starter-data-jpa\2.0.1.RELEASE\spring-boot-starter-data-jpa-2.0.1.RELEASE.jar;E:\nginx-1.14\maven_config\repository\org\springframework\boot\spring-boot-starter-aop\2.0.1.RELEASE\spring-boot-starter-aop-2.0.1.RELEASE.jar;E:\nginx-1.14\maven_config\repository\org\aspectj\aspectjweaver\1.8.13\aspectjweaver-1.8.13.jar;E:\nginx-1.14\maven_config\repository\javax\transaction\javax.transaction-api\1.2\javax.transaction-api-1.2.jar;E:\nginx-1.14\maven_config\repository\org\springframework\data\spring-data-jpa\2.0.6.RELEASE\spring-data-jpa-2.0.6.RELEASE.jar;E:\nginx-1.14\maven_config\repository\org\springframework\spring-aspects\5.0.5.RELEASE\spring-aspects-5.0.5.RELEASE.jar;E:\nginx-1.14\maven_config\repository\com\squareup\okhttp3\okhttp\3.9.1\okhttp-3.9.1.jar;E:\nginx-1.14\maven_config\repository\com\squareup\okio\okio\1.13.0\okio-1.13.0.jar;E:\nginx-1.14\maven_config\repository\com\alibaba\fastjson\1.2.30\fastjson-1.2.30.jar;E:\nginx-1.14\maven_config\repository\commons-io\commons-io\2.6\commons-io-2.6.jar;E:\nginx-1.14\maven_config\repository\org\apache\commons\commons-lang3\3.6\commons-lang3-3.6.jar;E:\nginx-1.14\maven_config\repository\org\springframework\boot\spring-boot-starter-test\2.0.1.RELEASE\spring-boot-starter-test-2.0.1.RELEASE.jar;E:\nginx-1.14\maven_config\repository\org\springframework\boot\spring-boot-test\2.0.1.RELEASE\spring-boot-test-2.0.1.RELEASE.jar;E:\nginx-1.14\maven_config\repository\org\springframework\boot\spring-boot-test-autoconfigure\2.0.1.RELEASE\spring-boot-test-autoconfigure-2.0.1.RELEASE.jar;E:\nginx-1.14\maven_config\repository\com\jayway\jsonpath\json-path\2.4.0\json-path-2.4.0.jar;E:\nginx-1.14\maven_config\repository\net\minidev\json-smart\2.3\json-smart-2.3.jar;E:\nginx-1.14\maven_config\repository\net\minidev\accessors-smart\1.2\accessors-smart-1.2.jar;E:\nginx-1.14\maven_config\repository\org\ow2\asm\asm\5.0.4\asm-5.0.4.jar;E:\nginx-1.14\maven_config\repository\junit\junit\4.12\junit-4.12.jar;E:\nginx-1.14\maven_config\repository\org\assertj\assertj-core\3.9.1\assertj-core-3.9.1.jar;E:\nginx-1.14\maven_config\repository\org\mockito\mockito-core\2.15.0\mockito-core-2.15.0.jar;E:\nginx-1.14\maven_config\repository\net\bytebuddy\byte-buddy\1.7.11\byte-buddy-1.7.11.jar;E:\nginx-1.14\maven_config\repository\net\bytebuddy\byte-buddy-agent\1.7.11\byte-buddy-agent-1.7.11.jar;E:\nginx-1.14\maven_config\repository\org\objenesis\objenesis\2.6\objenesis-2.6.jar;E:\nginx-1.14\maven_config\repository\org\hamcrest\hamcrest-core\1.3\hamcrest-core-1.3.jar;E:\nginx-1.14\maven_config\repository\org\hamcrest\hamcrest-library\1.3\hamcrest-library-1.3.jar;E:\nginx-1.14\maven_config\repository\org\skyscreamer\jsonassert\1.5.0\jsonassert-1.5.0.jar;E:\nginx-1.14\maven_config\repository\com\vaadin\external\google\android-json\0.0.20131108.vaadin1\android-json-0.0.20131108.vaadin1.jar;E:\nginx-1.14\maven_config\repository\org\springframework\spring-test\5.0.5.RELEASE\spring-test-5.0.5.RELEASE.jar;E:\nginx-1.14\maven_config\repository\org\xmlunit\xmlunit-core\2.5.1\xmlunit-core-2.5.1.jar;, java.specification.name=Java Platform API Specification, java.class.version=52.0, sun.management.compiler=HotSpot 64-Bit Tiered Compilers, maven.repo.local=E:\nginx-1.14\maven_config\repository, os.version=10.0, user.home=C:\Users\ASUS, user.timezone=Asia/Shanghai, java.awt.printerjob=sun.awt.windows.WPrinterJob, file.encoding=GBK, java.specification.version=1.8, java.class.path=E:\nginx-1.14\hdservicecode\hdservicecode\nm-service-manage-course\target\test-classes;E:\nginx-1.14\hdservicecode\hdservicecode\nm-service-manage-course\target\classes;E:\nginx-1.14\hdservicecode\hdservicecode\nm-service-api\target\nm-service-api.jar;E:\nginx-1.14\maven_config\repository\commons-fileupload\commons-fileupload\1.3.3\commons-fileupload-1.3.3.jar;E:\nginx-1.14\maven_config\repository\io\springfox\springfox-swagger2\2.7.0\springfox-swagger2-2.7.0.jar;E:\nginx-1.14\maven_config\repository\io\swagger\swagger-annotations\1.5.13\swagger-annotations-1.5.13.jar;E:\nginx-1.14\maven_config\repository\io\swagger\swagger-models\1.5.13\swagger-models-1.5.13.jar;E:\nginx-1.14\maven_config\repository\com\fasterxml\jackson\core\jackson-annotations\2.9.0\jackson-annotations-2.9.0.jar;E:\nginx-1.14\maven_config\repository\io\springfox\springfox-spi\2.7.0\springfox-spi-2.7.0.jar;E:\nginx-1.14\maven_config\repository\io\springfox\springfox-core\2.7.0\springfox-core-2.7.0.jar;E:\nginx-1.14\maven_config\repository\io\springfox\springfox-schema\2.7.0\springfox-schema-2.7.0.jar;E:\nginx-1.14\maven_config\repository\io\springfox\springfox-swagger-common\2.7.0\springfox-swagger-common-2.7.0.jar;E:\nginx-1.14\maven_config\repository\io\springfox\springfox-spring-web\2.7.0\springfox-spring-web-2.7.0.jar;E:\nginx-1.14\maven_config\repository\org\reflections\reflections\0.9.11\reflections-0.9.11.jar;E:\nginx-1.14\maven_config\repository\com\fasterxml\classmate\1.3.4\classmate-1.3.4.jar;E:\nginx-1.14\maven_config\repository\org\springframework\plugin\spring-plugin-core\1.2.0.RELEASE\spring-plugin-core-1.2.0.RELEASE.jar;E:\nginx-1.14\maven_config\repository\org\springframework\plugin\spring-plugin-metadata\1.2.0.RELEASE\spring-plugin-metadata-1.2.0.RELEASE.jar;E:\nginx-1.14\maven_config\repository\org\mapstruct\mapstruct\1.1.0.Final\mapstruct-1.1.0.Final.jar;E:\nginx-1.14\maven_config\repository\io\springfox\springfox-swagger-ui\2.7.0\springfox-swagger-ui-2.7.0.jar;E:\nginx-1.14\hdservicecode\hdservicecode\nm-framework-model\target\nm-framework-model.jar;E:\nginx-1.14\maven_config\repository\org\projectlombok\lombok\1.16.16\lombok-1.16.16.jar;E:\nginx-1.14\maven_config\repository\org\springframework\data\spring-data-commons\2.0.6.RELEASE\spring-data-commons-2.0.6.RELEASE.jar;E:\nginx-1.14\maven_config\repository\org\springframework\data\spring-data-mongodb\2.0.6.RELEASE\spring-data-mongodb-2.0.6.RELEASE.jar;E:\nginx-1.14\maven_config\repository\org\springframework\spring-context\5.0.5.RELEASE\spring-context-5.0.5.RELEASE.jar;E:\nginx-1.14\maven_config\repository\org\springframework\spring-expression\5.0.5.RELEASE\spring-expression-5.0.5.RELEASE.jar;E:\nginx-1.14\maven_config\repository\org\mongodb\mongo-java-driver\3.6.3\mongo-java-driver-3.6.3.jar;E:\nginx-1.14\maven_config\repository\org\hibernate\hibernate-core\5.2.16.Final\hibernate-core-5.2.16.Final.jar;E:\nginx-1.14\maven_config\repository\org\jboss\logging\jboss-logging\3.3.2.Final\jboss-logging-3.3.2.Final.jar;E:\nginx-1.14\maven_config\repository\org\hibernate\javax\persistence\hibernate-jpa-2.1-api\1.0.0.Final\hibernate-jpa-2.1-api-1.0.0.Final.jar;E:\nginx-1.14\maven_config\repository\org\javassist\javassist\3.22.0-GA\javassist-3.22.0-GA.jar;E:\nginx-1.14\maven_config\repository\antlr\antlr\2.7.7\antlr-2.7.7.jar;E:\nginx-1.14\maven_config\repository\org\jboss\spec\javax\transaction\jboss-transaction-api_1.2_spec\1.0.1.Final\jboss-transaction-api_1.2_spec-1.0.1.Final.jar;E:\nginx-1.14\maven_config\repository\org\jboss\jandex\2.0.3.Final\jandex-2.0.3.Final.jar;E:\nginx-1.14\maven_config\repository\dom4j\dom4j\1.6.1\dom4j-1.6.1.jar;E:\nginx-1.14\maven_config\repository\org\hibernate\common\hibernate-commons-annotations\5.0.1.Final\hibernate-commons-annotations-5.0.1.Final.jar;E:\nginx-1.14\maven_config\repository\com\google\guava\guava\24.0-jre\guava-24.0-jre.jar;E:\nginx-1.14\maven_config\repository\com\google\code\findbugs\jsr305\1.3.9\jsr305-1.3.9.jar;E:\nginx-1.14\maven_config\repository\org\checkerframework\checker-compat-qual\2.0.0\checker-compat-qual-2.0.0.jar;E:\nginx-1.14\maven_config\repository\com\google\errorprone\error_prone_annotations\2.1.3\error_prone_annotations-2.1.3.jar;E:\nginx-1.14\maven_config\repository\com\google\j2objc\j2objc-annotations\1.1\j2objc-annotations-1.1.jar;E:\nginx-1.14\maven_config\repository\org\codehaus\mojo\animal-sniffer-annotations\1.14\animal-sniffer-annotations-1.14.jar;E:\nginx-1.14\hdservicecode\hdservicecode\nm-framework-utils\target\nm-framework-utils.jar;E:\nginx-1.14\maven_config\repository\javax\servlet\javax.servlet-api\3.1.0\javax.servlet-api-3.1.0.jar;E:\nginx-1.14\maven_config\repository\org\springframework\boot\spring-boot-starter-logging\2.0.1.RELEASE\spring-boot-starter-logging-2.0.1.RELEASE.jar;E:\nginx-1.14\maven_config\repository\ch\qos\logback\logback-classic\1.2.3\logback-classic-1.2.3.jar;E:\nginx-1.14\maven_config\repository\ch\qos\logback\logback-core\1.2.3\logback-core-1.2.3.jar;E:\nginx-1.14\maven_config\repository\org\apache\logging\log4j\log4j-to-slf4j\2.10.0\log4j-to-slf4j-2.10.0.jar;E:\nginx-1.14\maven_config\repository\org\apache\logging\log4j\log4j-api\2.10.0\log4j-api-2.10.0.jar;E:\nginx-1.14\maven_config\repository\org\slf4j\jul-to-slf4j\1.7.25\jul-to-slf4j-1.7.25.jar;E:\nginx-1.14\maven_config\repository\org\apache\httpcomponents\httpclient\4.5.5\httpclient-4.5.5.jar;E:\nginx-1.14\maven_config\repository\org\apache\httpcomponents\httpcore\4.4.9\httpcore-4.4.9.jar;E:\nginx-1.14\maven_config\repository\commons-codec\commons-codec\1.10\commons-codec-1.10.jar;E:\nginx-1.14\maven_config\repository\net\lingala\zip4j\zip4j\1.3.1\zip4j-1.3.1.jar;E:\nginx-1.14\maven_config\repository\org\springframework\security\spring-security-crypto\5.0.4.RELEASE\spring-security-crypto-5.0.4.RELEASE.jar;E:\nginx-1.14\maven_config\repository\org\springframework\security\spring-security-jwt\1.0.8.RELEASE\spring-security-jwt-1.0.8.RELEASE.jar;E:\nginx-1.14\maven_config\repository\org\bouncycastle\bcpkix-jdk15on\1.56\bcpkix-jdk15on-1.56.jar;E:\nginx-1.14\maven_config\repository\org\bouncycastle\bcprov-jdk15on\1.56\bcprov-jdk15on-1.56.jar;E:\nginx-1.14\hdservicecode\hdservicecode\nm-framework-common\target\nm-framework-common.jar;E:\nginx-1.14\maven_config\repository\org\springframework\spring-web\5.0.5.RELEASE\spring-web-5.0.5.RELEASE.jar;E:\nginx-1.14\maven_config\repository\org\springframework\cloud\spring-cloud-starter-openfeign\2.0.1.RELEASE\spring-cloud-starter-openfeign-2.0.1.RELEASE.jar;E:\nginx-1.14\maven_config\repository\org\springframework\cloud\spring-cloud-starter\2.0.1.RELEASE\spring-cloud-starter-2.0.1.RELEASE.jar;E:\nginx-1.14\maven_config\repository\org\springframework\cloud\spring-cloud-context\2.0.1.RELEASE\spring-cloud-context-2.0.1.RELEASE.jar;E:\nginx-1.14\maven_config\repository\org\springframework\security\spring-security-rsa\1.0.5.RELEASE\spring-security-rsa-1.0.5.RELEASE.jar;E:\nginx-1.14\maven_config\repository\org\springframework\cloud\spring-cloud-openfeign-core\2.0.1.RELEASE\spring-cloud-openfeign-core-2.0.1.RELEASE.jar;E:\nginx-1.14\maven_config\repository\org\springframework\cloud\spring-cloud-netflix-ribbon\2.0.1.RELEASE\spring-cloud-netflix-ribbon-2.0.1.RELEASE.jar;E:\nginx-1.14\maven_config\repository\org\springframework\cloud\spring-cloud-netflix-archaius\2.0.1.RELEASE\spring-cloud-netflix-archaius-2.0.1.RELEASE.jar;E:\nginx-1.14\maven_config\repository\org\springframework\cloud\spring-cloud-commons\2.0.1.RELEASE\spring-cloud-commons-2.0.1.RELEASE.jar;E:\nginx-1.14\maven_config\repository\io\github\openfeign\feign-core\9.5.1\feign-core-9.5.1.jar;E:\nginx-1.14\maven_config\repository\io\github\openfeign\feign-slf4j\9.5.1\feign-slf4j-9.5.1.jar;E:\nginx-1.14\maven_config\repository\io\github\openfeign\feign-hystrix\9.5.1\feign-hystrix-9.5.1.jar;E:\nginx-1.14\maven_config\repository\com\netflix\archaius\archaius-core\0.7.6\archaius-core-0.7.6.jar;E:\nginx-1.14\maven_config\repository\commons-configuration\commons-configuration\1.8\commons-configuration-1.8.jar;E:\nginx-1.14\maven_config\repository\commons-lang\commons-lang\2.6\commons-lang-2.6.jar;E:\nginx-1.14\maven_config\repository\com\netflix\hystrix\hystrix-core\1.5.12\hystrix-core-1.5.12.jar;E:\nginx-1.14\maven_config\repository\io\reactivex\rxjava\1.3.8\rxjava-1.3.8.jar;E:\nginx-1.14\maven_config\repository\org\hdrhistogram\HdrHistogram\2.1.9\HdrHistogram-2.1.9.jar;E:\nginx-1.14\maven_config\repository\io\github\openfeign\feign-java8\9.5.1\feign-java8-9.5.1.jar;E:\nginx-1.14\maven_config\repository\org\springframework\boot\spring-boot-starter-web\2.0.1.RELEASE\spring-boot-starter-web-2.0.1.RELEASE.jar;E:\nginx-1.14\maven_config\repository\org\springframework\boot\spring-boot-starter\2.0.1.RELEASE\spring-boot-starter-2.0.1.RELEASE.jar;E:\nginx-1.14\maven_config\repository\org\springframework\boot\spring-boot\2.0.1.RELEASE\spring-boot-2.0.1.RELEASE.jar;E:\nginx-1.14\maven_config\repository\javax\annotation\javax.annotation-api\1.3.2\javax.annotation-api-1.3.2.jar;E:\nginx-1.14\maven_config\repository\org\yaml\snakeyaml\1.19\snakeyaml-1.19.jar;E:\nginx-1.14\maven_config\repository\org\springframework\boot\spring-boot-starter-json\2.0.1.RELEASE\spring-boot-starter-json-2.0.1.RELEASE.jar;E:\nginx-1.14\maven_config\repository\com\fasterxml\jackson\core\jackson-databind\2.9.5\jackson-databind-2.9.5.jar;E:\nginx-1.14\maven_config\repository\com\fasterxml\jackson\core\jackson-core\2.9.5\jackson-core-2.9.5.jar;E:\nginx-1.14\maven_config\repository\com\fasterxml\jackson\datatype\jackson-datatype-jdk8\2.9.5\jackson-datatype-jdk8-2.9.5.jar;E:\nginx-1.14\maven_config\repository\com\fasterxml\jackson\datatype\jackson-datatype-jsr310\2.9.5\jackson-datatype-jsr310-2.9.5.jar;E:\nginx-1.14\maven_config\repository\com\fasterxml\jackson\module\jackson-module-parameter-names\2.9.5\jackson-module-parameter-names-2.9.5.jar;E:\nginx-1.14\maven_config\repository\org\springframework\boot\spring-boot-starter-tomcat\2.0.1.RELEASE\spring-boot-starter-tomcat-2.0.1.RELEASE.jar;E:\nginx-1.14\maven_config\repository\org\apache\tomcat\embed\tomcat-embed-core\8.5.28\tomcat-embed-core-8.5.28.jar;E:\nginx-1.14\maven_config\repository\org\apache\tomcat\embed\tomcat-embed-el\8.5.28\tomcat-embed-el-8.5.28.jar;E:\nginx-1.14\maven_config\repository\org\apache\tomcat\embed\tomcat-embed-websocket\8.5.28\tomcat-embed-websocket-8.5.28.jar;E:\nginx-1.14\maven_config\repository\org\hibernate\validator\hibernate-validator\6.0.9.Final\hibernate-validator-6.0.9.Final.jar;E:\nginx-1.14\maven_config\repository\javax\validation\validation-api\2.0.1.Final\validation-api-2.0.1.Final.jar;E:\nginx-1.14\maven_config\repository\org\springframework\spring-webmvc\5.0.5.RELEASE\spring-webmvc-5.0.5.RELEASE.jar;E:\nginx-1.14\maven_config\repository\org\springframework\spring-aop\5.0.5.RELEASE\spring-aop-5.0.5.RELEASE.jar;E:\nginx-1.14\maven_config\repository\mysql\mysql-connector-java\5.1.40\mysql-connector-java-5.1.40.jar;E:\nginx-1.14\maven_config\repository\com\alibaba\druid-spring-boot-starter\1.1.10\druid-spring-boot-starter-1.1.10.jar;E:\nginx-1.14\maven_config\repository\com\alibaba\druid\1.1.6\druid-1.1.6.jar;E:\nginx-1.14\maven_config\repository\org\slf4j\slf4j-api\1.7.25\slf4j-api-1.7.25.jar;E:\nginx-1.14\maven_config\repository\org\springframework\boot\spring-boot-autoconfigure\2.0.1.RELEASE\spring-boot-autoconfigure-2.0.1.RELEASE.jar;E:\nginx-1.14\maven_config\repository\org\mybatis\spring\boot\mybatis-spring-boot-starter\1.3.1\mybatis-spring-boot-starter-1.3.1.jar;E:\nginx-1.14\maven_config\repository\org\springframework\boot\spring-boot-starter-jdbc\2.0.1.RELEASE\spring-boot-starter-jdbc-2.0.1.RELEASE.jar;E:\nginx-1.14\maven_config\repository\com\zaxxer\HikariCP\2.7.8\HikariCP-2.7.8.jar;E:\nginx-1.14\maven_config\repository\org\mybatis\spring\boot\mybatis-spring-boot-autoconfigure\1.3.1\mybatis-spring-boot-autoconfigure-1.3.1.jar;E:\nginx-1.14\maven_config\repository\org\mybatis\mybatis\3.4.5\mybatis-3.4.5.jar;E:\nginx-1.14\maven_config\repository\org\mybatis\mybatis-spring\1.3.1\mybatis-spring-1.3.1.jar;E:\nginx-1.14\maven_config\repository\org\springframework\spring-orm\5.0.5.RELEASE\spring-orm-5.0.5.RELEASE.jar;E:\nginx-1.14\maven_config\repository\org\springframework\spring-beans\5.0.5.RELEASE\spring-beans-5.0.5.RELEASE.jar;E:\nginx-1.14\maven_config\repository\org\springframework\spring-core\5.0.5.RELEASE\spring-core-5.0.5.RELEASE.jar;E:\nginx-1.14\maven_config\repository\org\springframework\spring-jcl\5.0.5.RELEASE\spring-jcl-5.0.5.RELEASE.jar;E:\nginx-1.14\maven_config\repository\org\springframework\spring-jdbc\5.0.5.RELEASE\spring-jdbc-5.0.5.RELEASE.jar;E:\nginx-1.14\maven_config\repository\org\springframework\spring-tx\5.0.5.RELEASE\spring-tx-5.0.5.RELEASE.jar;E:\nginx-1.14\maven_config\repository\org\springframework\boot\spring-boot-starter-data-jpa\2.0.1.RELEASE\spring-boot-starter-data-jpa-2.0.1.RELEASE.jar;E:\nginx-1.14\maven_config\repository\org\springframework\boot\spring-boot-starter-aop\2.0.1.RELEASE\spring-boot-starter-aop-2.0.1.RELEASE.jar;E:\nginx-1.14\maven_config\repository\org\aspectj\aspectjweaver\1.8.13\aspectjweaver-1.8.13.jar;E:\nginx-1.14\maven_config\repository\javax\transaction\javax.transaction-api\1.2\javax.transaction-api-1.2.jar;E:\nginx-1.14\maven_config\repository\org\springframework\data\spring-data-jpa\2.0.6.RELEASE\spring-data-jpa-2.0.6.RELEASE.jar;E:\nginx-1.14\maven_config\repository\org\springframework\spring-aspects\5.0.5.RELEASE\spring-aspects-5.0.5.RELEASE.jar;E:\nginx-1.14\maven_config\repository\com\squareup\okhttp3\okhttp\3.9.1\okhttp-3.9.1.jar;E:\nginx-1.14\maven_config\repository\com\squareup\okio\okio\1.13.0\okio-1.13.0.jar;E:\nginx-1.14\maven_config\repository\com\alibaba\fastjson\1.2.30\fastjson-1.2.30.jar;E:\nginx-1.14\maven_config\repository\commons-io\commons-io\2.6\commons-io-2.6.jar;E:\nginx-1.14\maven_config\repository\org\apache\commons\commons-lang3\3.6\commons-lang3-3.6.jar;E:\nginx-1.14\maven_config\repository\org\springframework\boot\spring-boot-starter-test\2.0.1.RELEASE\spring-boot-starter-test-2.0.1.RELEASE.jar;E:\nginx-1.14\maven_config\repository\org\springframework\boot\spring-boot-test\2.0.1.RELEASE\spring-boot-test-2.0.1.RELEASE.jar;E:\nginx-1.14\maven_config\repository\org\springframework\boot\spring-boot-test-autoconfigure\2.0.1.RELEASE\spring-boot-test-autoconfigure-2.0.1.RELEASE.jar;E:\nginx-1.14\maven_config\repository\com\jayway\jsonpath\json-path\2.4.0\json-path-2.4.0.jar;E:\nginx-1.14\maven_config\repository\net\minidev\json-smart\2.3\json-smart-2.3.jar;E:\nginx-1.14\maven_config\repository\net\minidev\accessors-smart\1.2\accessors-smart-1.2.jar;E:\nginx-1.14\maven_config\repository\org\ow2\asm\asm\5.0.4\asm-5.0.4.jar;E:\nginx-1.14\maven_config\repository\junit\junit\4.12\junit-4.12.jar;E:\nginx-1.14\maven_config\repository\org\assertj\assertj-core\3.9.1\assertj-core-3.9.1.jar;E:\nginx-1.14\maven_config\repository\org\mockito\mockito-core\2.15.0\mockito-core-2.15.0.jar;E:\nginx-1.14\maven_config\repository\net\bytebuddy\byte-buddy\1.7.11\byte-buddy-1.7.11.jar;E:\nginx-1.14\maven_config\repository\net\bytebuddy\byte-buddy-agent\1.7.11\byte-buddy-agent-1.7.11.jar;E:\nginx-1.14\maven_config\repository\org\objenesis\objenesis\2.6\objenesis-2.6.jar;E:\nginx-1.14\maven_config\repository\org\hamcrest\hamcrest-core\1.3\hamcrest-core-1.3.jar;E:\nginx-1.14\maven_config\repository\org\hamcrest\hamcrest-library\1.3\hamcrest-library-1.3.jar;E:\nginx-1.14\maven_config\repository\org\skyscreamer\jsonassert\1.5.0\jsonassert-1.5.0.jar;E:\nginx-1.14\maven_config\repository\com\vaadin\external\google\android-json\0.0.20131108.vaadin1\android-json-0.0.20131108.vaadin1.jar;E:\nginx-1.14\maven_config\repository\org\springframework\spring-test\5.0.5.RELEASE\spring-test-5.0.5.RELEASE.jar;E:\nginx-1.14\maven_config\repository\org\xmlunit\xmlunit-core\2.5.1\xmlunit-core-2.5.1.jar;, user.name=ASUS, java.vm.specification.version=1.8, sun.java.command=C:\Users\ASUS\AppData\Local\Temp\surefire725542966294157209\surefirebooter1282864815457611342.jar C:\Users\ASUS\AppData\Local\Temp\surefire725542966294157209 2020-02-21T20-34-08_198-jvmRun1 surefire1573191061417768122tmp surefire_07946967978831051755tmp, java.home=C:\Program Files\Java\jdk1.8.0_91\jre, sun.arch.data.model=64, user.language=zh, java.specification.vendor=Oracle Corporation, awt.toolkit=sun.awt.windows.WToolkit, java.vm.info=mixed mode, java.version=1.8.0_91, java.ext.dirs=C:\Program Files\Java\jdk1.8.0_91\jre\lib\ext;C:\WINDOWS\Sun\Java\lib\ext, sun.boot.class.path=C:\Program Files\Java\jdk1.8.0_91\jre\lib\resources.jar;C:\Program Files\Java\jdk1.8.0_91\jre\lib\rt.jar;C:\Program Files\Java\jdk1.8.0_91\jre\lib\sunrsasign.jar;C:\Program Files\Java\jdk1.8.0_91\jre\lib\jsse.jar;C:\Program Files\Java\jdk1.8.0_91\jre\lib\jce.jar;C:\Program Files\Java\jdk1.8.0_91\jre\lib\charsets.jar;C:\Program Files\Java\jdk1.8.0_91\jre\lib\jfr.jar;C:\Program Files\Java\jdk1.8.0_91\jre\classes, java.vendor=Oracle Corporation, localRepository=E:\nginx-1.14\maven_config\repository, file.separator=\, java.vendor.url.bug=http://bugreport.sun.com/bugreport/, sun.io.unicode.encoding=UnicodeLittle, sun.cpu.endian=little, sun.desktop=windows, sun.cpu.isalist=amd64}}, SystemEnvironmentPropertySource@720167805 {name='systemEnvironment', properties={PATH=F:\app\ASUS\product\11.2.0\dbhome_1\bin;E:\maven\bin;E:\maven\apache-maven-3.6.1\bin;C:\Program Files (x86)\Intel\iCLS Client\;C:\Program Files\Intel\iCLS Client\;C:\Windows\system32;C:\Windows;C:\Windows\System32\Wbem;C:\Windows\System32\WindowsPowerShell\v1.0\;C:\Program Files (x86)\NVIDIA Corporation\PhysX\Common;C:\Program Files (x86)\Intel\Intel(R) Management Engine Components\DAL;C:\Program Files\Intel\Intel(R) Management Engine Components\DAL;C:\Program Files (x86)\Intel\Intel(R) Management Engine Components\IPT;C:\Program Files\Intel\Intel(R) Management Engine Components\IPT;C:\Program Files\Intel\WiFi\bin\;C:\Program Files\Common Files\Intel\WirelessCommon\;C:\WINDOWS\system32;C:\WINDOWS;C:\WINDOWS\System32\Wbem;C:\WINDOWS\System32\WindowsPowerShell\v1.0\;C:\WINDOWS\System32\OpenSSH\;C:\Program Files\MySQL\MySQL Server 5.5\bin;C:\Program Files\NVIDIA Corporation\NVIDIA NvDLISR;E:\Head\;E:\vue\visual\bin;C:\WINDOWS\system32;C:\WINDOWS;C:\WINDOWS\System32\Wbem;C:\WINDOWS\System32\WindowsPowerShell\v1.0\;C:\WINDOWS\System32\OpenSSH\;E:\Git\cmd;C:\Users\ASUS\AppData\Local\Microsoft\WindowsApps;C:\Users\ASUS\AppData\Roaming\npm;E:\vue\bin;E:\vue\visual\bin;, USERDOMAIN_ROAMINGPROFILE=DESKTOP-LTOBJA5, LOCALAPPDATA=C:\Users\ASUS\AppData\Local, PROCESSOR_LEVEL=6, SYSTEMDRIVE=C:, COMMONPROGRAMFILES(X86)=C:\Program Files (x86)\Common Files, USERDOMAIN=DESKTOP-LTOBJA5, FPS_BROWSER_APP_PROFILE_STRING=Internet Explorer, LOGONSERVER=\\DESKTOP-LTOBJA5, JAVA_HOME=C:\Program Files\Java\jdk1.8.0_91, PROMPT=$P$G, SESSIONNAME=Console, ALLUSERSPROFILE=C:\ProgramData, PROGRAMFILES(X86)=C:\Program Files (x86), PROCESSOR_ARCHITECTURE=AMD64, DRIVERDATA=C:\Windows\System32\Drivers\DriverData, ERLANG_HOME=E:\rabbit\erl9.2, JRE_HOME=C:\Program Files\Java\jdk1.8.0_91\jre, =E:=E:\nginx-1.14\hdservicecode\hdservicecode\nm-service-manage-course, PROGRAMFILES=C:\Program Files, APPDATA=C:\Users\ASUS\AppData\Roaming, PSMODULEPATH=C:\Program Files\WindowsPowerShell\Modules;C:\WINDOWS\system32\WindowsPowerShell\v1.0\Modules, PROGRAMW6432=C:\Program Files, PROGRAMDATA=C:\ProgramData, SYSTEMROOT=C:\WINDOWS, USERNAME=ASUS, FPS_BROWSER_USER_PROFILE_STRING=Default, ONEDRIVE=C:\Users\ASUS\OneDrive, PATHEXT=.COM;.EXE;.BAT;.CMD;.VBS;.VBE;.JS;.JSE;.WSF;.WSH;.MSC, OS=Windows_NT, COMMONPROGRAMW6432=C:\Program Files\Common Files, COMPUTERNAME=DESKTOP-LTOBJA5, ONEDRIVECONSUMER=C:\Users\ASUS\OneDrive, COMMONPROGRAMFILES=C:\Program Files\Common Files, COMSPEC=C:\WINDOWS\system32\cmd.exe, PROCESSOR_REVISION=9e09, CLASSPATH=.;C:\Program Files\Java\jdk1.8.0_91\lib\dt.jar;C:\Program Files\Java\jdk1.8.0_91\lib\tools.jar;, WINDIR=C:\WINDOWS, =F:=F:\, HOMEPATH=\Users\ASUS, TEMP=C:\Users\ASUS\AppData\Local\Temp, HOMEDRIVE=C:, PROCESSOR_IDENTIFIER=Intel64 Family 6 Model 158 Stepping 9, GenuineIntel, USERPROFILE=C:\Users\ASUS, TMP=C:\Users\ASUS\AppData\Local\Temp, PUBLIC=C:\Users\Public, NUMBER_OF_PROCESSORS=8, =::=::\}}]
20:34:13.521 [main] DEBUG org.springframework.core.io.support.PathMatchingResourcePatternResolver - Resolved classpath location [com/ningmeng/manage_course/dao/] to resources [URL [file:/E:/nginx-1.14/hdservicecode/hdservicecode/nm-service-manage-course/target/test-classes/com/ningmeng/manage_course/dao/], URL [file:/E:/nginx-1.14/hdservicecode/hdservicecode/nm-service-manage-course/target/classes/com/ningmeng/manage_course/dao/]]
20:34:13.522 [main] DEBUG org.springframework.core.io.support.PathMatchingResourcePatternResolver - Looking for matching resources in directory tree [E:\nginx-1.14\hdservicecode\hdservicecode\nm-service-manage-course\target\test-classes\com\ningmeng\manage_course\dao]
20:34:13.522 [main] DEBUG org.springframework.core.io.support.PathMatchingResourcePatternResolver - Searching directory [E:\nginx-1.14\hdservicecode\hdservicecode\nm-service-manage-course\target\test-classes\com\ningmeng\manage_course\dao] for files matching pattern [E:/nginx-1.14/hdservicecode/hdservicecode/nm-service-manage-course/target/test-classes/com/ningmeng/manage_course/dao/*.class]
20:34:13.527 [main] DEBUG org.springframework.core.io.support.PathMatchingResourcePatternResolver - Looking for matching resources in directory tree [E:\nginx-1.14\hdservicecode\hdservicecode\nm-service-manage-course\target\classes\com\ningmeng\manage_course\dao]
20:34:13.528 [main] DEBUG org.springframework.core.io.support.PathMatchingResourcePatternResolver - Searching directory [E:\nginx-1.14\hdservicecode\hdservicecode\nm-service-manage-course\target\classes\com\ningmeng\manage_course\dao] for files matching pattern [E:/nginx-1.14/hdservicecode/hdservicecode/nm-service-manage-course/target/classes/com/ningmeng/manage_course/dao/*.class]
20:34:13.529 [main] DEBUG org.springframework.core.io.support.PathMatchingResourcePatternResolver - Resolved location pattern [classpath*:com/ningmeng/manage_course/dao/*.class] to resources [file [E:\nginx-1.14\hdservicecode\hdservicecode\nm-service-manage-course\target\test-classes\com\ningmeng\manage_course\dao\TestDao.class], file [E:\nginx-1.14\hdservicecode\hdservicecode\nm-service-manage-course\target\classes\com\ningmeng\manage_course\dao\CourseBaseRepository.class], file [E:\nginx-1.14\hdservicecode\hdservicecode\nm-service-manage-course\target\classes\com\ningmeng\manage_course\dao\CourseMapper.class], file [E:\nginx-1.14\hdservicecode\hdservicecode\nm-service-manage-course\target\classes\com\ningmeng\manage_course\dao\TeachplanMapper.class]]
20:34:13.565 [main] DEBUG org.springframework.core.io.support.PathMatchingResourcePatternResolver - Resolved classpath location [com/ningmeng/manage_course/] to resources [URL [file:/E:/nginx-1.14/hdservicecode/hdservicecode/nm-service-manage-course/target/test-classes/com/ningmeng/manage_course/], URL [file:/E:/nginx-1.14/hdservicecode/hdservicecode/nm-service-manage-course/target/classes/com/ningmeng/manage_course/]]
20:34:13.565 [main] DEBUG org.springframework.core.io.support.PathMatchingResourcePatternResolver - Looking for matching resources in directory tree [E:\nginx-1.14\hdservicecode\hdservicecode\nm-service-manage-course\target\test-classes\com\ningmeng\manage_course]
20:34:13.566 [main] DEBUG org.springframework.core.io.support.PathMatchingResourcePatternResolver - Searching directory [E:\nginx-1.14\hdservicecode\hdservicecode\nm-service-manage-course\target\test-classes\com\ningmeng\manage_course] for files matching pattern [E:/nginx-1.14/hdservicecode/hdservicecode/nm-service-manage-course/target/test-classes/com/ningmeng/manage_course/*.class]
20:34:13.566 [main] DEBUG org.springframework.core.io.support.PathMatchingResourcePatternResolver - Looking for matching resources in directory tree [E:\nginx-1.14\hdservicecode\hdservicecode\nm-service-manage-course\target\classes\com\ningmeng\manage_course]
20:34:13.566 [main] DEBUG org.springframework.core.io.support.PathMatchingResourcePatternResolver - Searching directory [E:\nginx-1.14\hdservicecode\hdservicecode\nm-service-manage-course\target\classes\com\ningmeng\manage_course] for files matching pattern [E:/nginx-1.14/hdservicecode/hdservicecode/nm-service-manage-course/target/classes/com/ningmeng/manage_course/*.class]
20:34:13.568 [main] DEBUG org.springframework.core.io.support.PathMatchingResourcePatternResolver - Resolved location pattern [classpath*:com/ningmeng/manage_course/*.class] to resources [file [E:\nginx-1.14\hdservicecode\hdservicecode\nm-service-manage-course\target\classes\com\ningmeng\manage_course\ManageCourseApplication.class]]
20:34:13.612 [main] DEBUG org.springframework.context.annotation.ClassPathScanningCandidateComponentProvider - Identified candidate component class: file [E:\nginx-1.14\hdservicecode\hdservicecode\nm-service-manage-course\target\classes\com\ningmeng\manage_course\ManageCourseApplication.class]
20:34:13.613 [main] INFO org.springframework.boot.test.context.SpringBootTestContextBootstrapper - Found @SpringBootConfiguration com.ningmeng.manage_course.ManageCourseApplication for test class com.ningmeng.manage_course.dao.TestDao
20:34:13.764 [main] DEBUG org.springframework.boot.test.context.SpringBootTestContextBootstrapper - @TestExecutionListeners is not present for class [com.ningmeng.manage_course.dao.TestDao]: using defaults.
20:34:13.765 [main] INFO org.springframework.boot.test.context.SpringBootTestContextBootstrapper - Loaded default TestExecutionListener class names from location [META-INF/spring.factories]: [org.springframework.boot.test.mock.mockito.MockitoTestExecutionListener, org.springframework.boot.test.mock.mockito.ResetMocksTestExecutionListener, org.springframework.boot.test.autoconfigure.restdocs.RestDocsTestExecutionListener, org.springframework.boot.test.autoconfigure.web.client.MockRestServiceServerResetTestExecutionListener, org.springframework.boot.test.autoconfigure.web.servlet.MockMvcPrintOnlyOnFailureTestExecutionListener, org.springframework.boot.test.autoconfigure.web.servlet.WebDriverTestExecutionListener, org.springframework.test.context.web.ServletTestExecutionListener, org.springframework.test.context.support.DirtiesContextBeforeModesTestExecutionListener, org.springframework.test.context.support.DependencyInjectionTestExecutionListener, org.springframework.test.context.support.DirtiesContextTestExecutionListener, org.springframework.test.context.transaction.TransactionalTestExecutionListener, org.springframework.test.context.jdbc.SqlScriptsTestExecutionListener]
20:34:13.810 [main] INFO org.springframework.boot.test.context.SpringBootTestContextBootstrapper - Using TestExecutionListeners: [org.springframework.test.context.web.ServletTestExecutionListener@2177849e, org.springframework.test.context.support.DirtiesContextBeforeModesTestExecutionListener@40cb8df7, org.springframework.boot.test.mock.mockito.MockitoTestExecutionListener@13b13b5d, org.springframework.boot.test.autoconfigure.SpringBootDependencyInjectionTestExecutionListener@2892dae4, org.springframework.test.context.support.DirtiesContextTestExecutionListener@355ce81c, org.springframework.test.context.transaction.TransactionalTestExecutionListener@29647f75, org.springframework.test.context.jdbc.SqlScriptsTestExecutionListener@3315d2d7, org.springframework.boot.test.mock.mockito.ResetMocksTestExecutionListener@d6e7bab, org.springframework.boot.test.autoconfigure.restdocs.RestDocsTestExecutionListener@5fa07e12, org.springframework.boot.test.autoconfigure.web.client.MockRestServiceServerResetTestExecutionListener@55b53d44, org.springframework.boot.test.autoconfigure.web.servlet.MockMvcPrintOnlyOnFailureTestExecutionListener@482bce4f, org.springframework.boot.test.autoconfigure.web.servlet.WebDriverTestExecutionListener@366647c2]
20:34:13.815 [main] DEBUG org.springframework.test.annotation.ProfileValueUtils - Retrieved @ProfileValueSourceConfiguration [null] for test class [com.ningmeng.manage_course.dao.TestDao]
20:34:13.817 [main] DEBUG org.springframework.test.annotation.ProfileValueUtils - Retrieved ProfileValueSource type [class org.springframework.test.annotation.SystemProfileValueSource] for class [com.ningmeng.manage_course.dao.TestDao]
20:34:13.820 [main] DEBUG org.springframework.test.annotation.ProfileValueUtils - Retrieved @ProfileValueSourceConfiguration [null] for test class [com.ningmeng.manage_course.dao.TestDao]
20:34:13.820 [main] DEBUG org.springframework.test.annotation.ProfileValueUtils - Retrieved ProfileValueSource type [class org.springframework.test.annotation.SystemProfileValueSource] for class [com.ningmeng.manage_course.dao.TestDao]
20:34:13.823 [main] DEBUG org.springframework.test.annotation.ProfileValueUtils - Retrieved @ProfileValueSourceConfiguration [null] for test class [com.ningmeng.manage_course.dao.TestDao]
20:34:13.823 [main] DEBUG org.springframework.test.annotation.ProfileValueUtils - Retrieved ProfileValueSource type [class org.springframework.test.annotation.SystemProfileValueSource] for class [com.ningmeng.manage_course.dao.TestDao]
20:34:13.829 [main] DEBUG org.springframework.test.context.support.AbstractDirtiesContextTestExecutionListener - Before test class: context [DefaultTestContext@747edf66 testClass = TestDao, testInstance = [null], testMethod = [null], testException = [null], mergedContextConfiguration = [WebMergedContextConfiguration@3d1cfad4 testClass = TestDao, locations = '{}', classes = '{class com.ningmeng.manage_course.ManageCourseApplication}', contextInitializerClasses = '[]', activeProfiles = '{}', propertySourceLocations = '{}', propertySourceProperties = '{org.springframework.boot.test.context.SpringBootTestContextBootstrapper=true}', contextCustomizers = set[org.springframework.boot.test.context.filter.ExcludeFilterContextCustomizer@58fdd99, org.springframework.boot.test.json.DuplicateJsonObjectContextCustomizerFactory$DuplicateJsonObjectContextCustomizer@70b0b186, org.springframework.boot.test.mock.mockito.MockitoContextCustomizer@0, org.springframework.boot.test.web.client.TestRestTemplateContextCustomizer@1b68b9a4, org.springframework.boot.test.autoconfigure.properties.PropertyMappingContextCustomizer@0, org.springframework.boot.test.autoconfigure.web.servlet.WebDriverContextCustomizerFactory$Customizer@7f9fcf7f], resourceBasePath = 'src/main/webapp', contextLoader = 'org.springframework.boot.test.context.SpringBootContextLoader', parent = [null]], attributes = map['org.springframework.test.context.web.ServletTestExecutionListener.activateListener' -> true]], class annotated with @DirtiesContext [false] with mode [null].
20:34:13.830 [main] DEBUG org.springframework.test.annotation.ProfileValueUtils - Retrieved @ProfileValueSourceConfiguration [null] for test class [com.ningmeng.manage_course.dao.TestDao]
20:34:13.830 [main] DEBUG org.springframework.test.annotation.ProfileValueUtils - Retrieved ProfileValueSource type [class org.springframework.test.annotation.SystemProfileValueSource] for class [com.ningmeng.manage_course.dao.TestDao]
20:34:13.872 [main] DEBUG org.springframework.core.env.StandardEnvironment - Adding PropertySource 'systemProperties' with lowest search precedence
20:34:13.872 [main] DEBUG org.springframework.core.env.StandardEnvironment - Adding PropertySource 'systemEnvironment' with lowest search precedence
20:34:13.873 [main] DEBUG org.springframework.core.env.StandardEnvironment - Initialized StandardEnvironment with PropertySources [MapPropertySource@454305524 {name='systemProperties', properties={idea.version=2017.1.2, java.runtime.name=Java(TM) SE Runtime Environment, sun.boot.library.path=C:\Program Files\Java\jdk1.8.0_91\jre\bin, java.vm.version=25.91-b14, java.vm.vendor=Oracle Corporation, java.vendor.url=http://java.oracle.com/, path.separator=;, java.vm.name=Java HotSpot(TM) 64-Bit Server VM, file.encoding.pkg=sun.io, user.country=CN, user.script=, sun.java.launcher=SUN_STANDARD, sun.os.patch.level=, java.vm.specification.name=Java Virtual Machine Specification, user.dir=E:\nginx-1.14\hdservicecode\hdservicecode\nm-service-manage-course, java.runtime.version=1.8.0_91-b14, basedir=E:\nginx-1.14\hdservicecode\hdservicecode\nm-service-manage-course, java.awt.graphicsenv=sun.awt.Win32GraphicsEnvironment, java.endorsed.dirs=C:\Program Files\Java\jdk1.8.0_91\jre\lib\endorsed, os.arch=amd64, surefire.real.class.path=C:\Users\ASUS\AppData\Local\Temp\surefire725542966294157209\surefirebooter1282864815457611342.jar, java.io.tmpdir=C:\Users\ASUS\AppData\Local\Temp\, line.separator=
, java.vm.specification.vendor=Oracle Corporation, user.variant=, os.name=Windows 10, sun.jnu.encoding=GBK, java.library.path=C:\Program Files\Java\jdk1.8.0_91\jre\bin;C:\WINDOWS\Sun\Java\bin;C:\WINDOWS\system32;C:\WINDOWS;F:\app\ASUS\product\11.2.0\dbhome_1\bin;E:\maven\bin;E:\maven\apache-maven-3.6.1\bin;C:\Program Files (x86)\Intel\iCLS Client\;C:\Program Files\Intel\iCLS Client\;C:\Windows\system32;C:\Windows;C:\Windows\System32\Wbem;C:\Windows\System32\WindowsPowerShell\v1.0\;C:\Program Files (x86)\NVIDIA Corporation\PhysX\Common;C:\Program Files (x86)\Intel\Intel(R) Management Engine Components\DAL;C:\Program Files\Intel\Intel(R) Management Engine Components\DAL;C:\Program Files (x86)\Intel\Intel(R) Management Engine Components\IPT;C:\Program Files\Intel\Intel(R) Management Engine Components\IPT;C:\Program Files\Intel\WiFi\bin\;C:\Program Files\Common Files\Intel\WirelessCommon\;C:\WINDOWS\system32;C:\WINDOWS;C:\WINDOWS\System32\Wbem;C:\WINDOWS\System32\WindowsPowerShell\v1.0\;C:\WINDOWS\System32\OpenSSH\;C:\Program Files\MySQL\MySQL Server 5.5\bin;C:\Program Files\NVIDIA Corporation\NVIDIA NvDLISR;E:\Head\;E:\vue\visual\bin;C:\WINDOWS\system32;C:\WINDOWS;C:\WINDOWS\System32\Wbem;C:\WINDOWS\System32\WindowsPowerShell\v1.0\;C:\WINDOWS\System32\OpenSSH\;E:\Git\cmd;C:\Users\ASUS\AppData\Local\Microsoft\WindowsApps;C:\Users\ASUS\AppData\Roaming\npm;E:\vue\bin;E:\vue\visual\bin;;., surefire.test.class.path=E:\nginx-1.14\hdservicecode\hdservicecode\nm-service-manage-course\target\test-classes;E:\nginx-1.14\hdservicecode\hdservicecode\nm-service-manage-course\target\classes;E:\nginx-1.14\hdservicecode\hdservicecode\nm-service-api\target\nm-service-api.jar;E:\nginx-1.14\maven_config\repository\commons-fileupload\commons-fileupload\1.3.3\commons-fileupload-1.3.3.jar;E:\nginx-1.14\maven_config\repository\io\springfox\springfox-swagger2\2.7.0\springfox-swagger2-2.7.0.jar;E:\nginx-1.14\maven_config\repository\io\swagger\swagger-annotations\1.5.13\swagger-annotations-1.5.13.jar;E:\nginx-1.14\maven_config\repository\io\swagger\swagger-models\1.5.13\swagger-models-1.5.13.jar;E:\nginx-1.14\maven_config\repository\com\fasterxml\jackson\core\jackson-annotations\2.9.0\jackson-annotations-2.9.0.jar;E:\nginx-1.14\maven_config\repository\io\springfox\springfox-spi\2.7.0\springfox-spi-2.7.0.jar;E:\nginx-1.14\maven_config\repository\io\springfox\springfox-core\2.7.0\springfox-core-2.7.0.jar;E:\nginx-1.14\maven_config\repository\io\springfox\springfox-schema\2.7.0\springfox-schema-2.7.0.jar;E:\nginx-1.14\maven_config\repository\io\springfox\springfox-swagger-common\2.7.0\springfox-swagger-common-2.7.0.jar;E:\nginx-1.14\maven_config\repository\io\springfox\springfox-spring-web\2.7.0\springfox-spring-web-2.7.0.jar;E:\nginx-1.14\maven_config\repository\org\reflections\reflections\0.9.11\reflections-0.9.11.jar;E:\nginx-1.14\maven_config\repository\com\fasterxml\classmate\1.3.4\classmate-1.3.4.jar;E:\nginx-1.14\maven_config\repository\org\springframework\plugin\spring-plugin-core\1.2.0.RELEASE\spring-plugin-core-1.2.0.RELEASE.jar;E:\nginx-1.14\maven_config\repository\org\springframework\plugin\spring-plugin-metadata\1.2.0.RELEASE\spring-plugin-metadata-1.2.0.RELEASE.jar;E:\nginx-1.14\maven_config\repository\org\mapstruct\mapstruct\1.1.0.Final\mapstruct-1.1.0.Final.jar;E:\nginx-1.14\maven_config\repository\io\springfox\springfox-swagger-ui\2.7.0\springfox-swagger-ui-2.7.0.jar;E:\nginx-1.14\hdservicecode\hdservicecode\nm-framework-model\target\nm-framework-model.jar;E:\nginx-1.14\maven_config\repository\org\projectlombok\lombok\1.16.16\lombok-1.16.16.jar;E:\nginx-1.14\maven_config\repository\org\springframework\data\spring-data-commons\2.0.6.RELEASE\spring-data-commons-2.0.6.RELEASE.jar;E:\nginx-1.14\maven_config\repository\org\springframework\data\spring-data-mongodb\2.0.6.RELEASE\spring-data-mongodb-2.0.6.RELEASE.jar;E:\nginx-1.14\maven_config\repository\org\springframework\spring-context\5.0.5.RELEASE\spring-context-5.0.5.RELEASE.jar;E:\nginx-1.14\maven_config\repository\org\springframework\spring-expression\5.0.5.RELEASE\spring-expression-5.0.5.RELEASE.jar;E:\nginx-1.14\maven_config\repository\org\mongodb\mongo-java-driver\3.6.3\mongo-java-driver-3.6.3.jar;E:\nginx-1.14\maven_config\repository\org\hibernate\hibernate-core\5.2.16.Final\hibernate-core-5.2.16.Final.jar;E:\nginx-1.14\maven_config\repository\org\jboss\logging\jboss-logging\3.3.2.Final\jboss-logging-3.3.2.Final.jar;E:\nginx-1.14\maven_config\repository\org\hibernate\javax\persistence\hibernate-jpa-2.1-api\1.0.0.Final\hibernate-jpa-2.1-api-1.0.0.Final.jar;E:\nginx-1.14\maven_config\repository\org\javassist\javassist\3.22.0-GA\javassist-3.22.0-GA.jar;E:\nginx-1.14\maven_config\repository\antlr\antlr\2.7.7\antlr-2.7.7.jar;E:\nginx-1.14\maven_config\repository\org\jboss\spec\javax\transaction\jboss-transaction-api_1.2_spec\1.0.1.Final\jboss-transaction-api_1.2_spec-1.0.1.Final.jar;E:\nginx-1.14\maven_config\repository\org\jboss\jandex\2.0.3.Final\jandex-2.0.3.Final.jar;E:\nginx-1.14\maven_config\repository\dom4j\dom4j\1.6.1\dom4j-1.6.1.jar;E:\nginx-1.14\maven_config\repository\org\hibernate\common\hibernate-commons-annotations\5.0.1.Final\hibernate-commons-annotations-5.0.1.Final.jar;E:\nginx-1.14\maven_config\repository\com\google\guava\guava\24.0-jre\guava-24.0-jre.jar;E:\nginx-1.14\maven_config\repository\com\google\code\findbugs\jsr305\1.3.9\jsr305-1.3.9.jar;E:\nginx-1.14\maven_config\repository\org\checkerframework\checker-compat-qual\2.0.0\checker-compat-qual-2.0.0.jar;E:\nginx-1.14\maven_config\repository\com\google\errorprone\error_prone_annotations\2.1.3\error_prone_annotations-2.1.3.jar;E:\nginx-1.14\maven_config\repository\com\google\j2objc\j2objc-annotations\1.1\j2objc-annotations-1.1.jar;E:\nginx-1.14\maven_config\repository\org\codehaus\mojo\animal-sniffer-annotations\1.14\animal-sniffer-annotations-1.14.jar;E:\nginx-1.14\hdservicecode\hdservicecode\nm-framework-utils\target\nm-framework-utils.jar;E:\nginx-1.14\maven_config\repository\javax\servlet\javax.servlet-api\3.1.0\javax.servlet-api-3.1.0.jar;E:\nginx-1.14\maven_config\repository\org\springframework\boot\spring-boot-starter-logging\2.0.1.RELEASE\spring-boot-starter-logging-2.0.1.RELEASE.jar;E:\nginx-1.14\maven_config\repository\ch\qos\logback\logback-classic\1.2.3\logback-classic-1.2.3.jar;E:\nginx-1.14\maven_config\repository\ch\qos\logback\logback-core\1.2.3\logback-core-1.2.3.jar;E:\nginx-1.14\maven_config\repository\org\apache\logging\log4j\log4j-to-slf4j\2.10.0\log4j-to-slf4j-2.10.0.jar;E:\nginx-1.14\maven_config\repository\org\apache\logging\log4j\log4j-api\2.10.0\log4j-api-2.10.0.jar;E:\nginx-1.14\maven_config\repository\org\slf4j\jul-to-slf4j\1.7.25\jul-to-slf4j-1.7.25.jar;E:\nginx-1.14\maven_config\repository\org\apache\httpcomponents\httpclient\4.5.5\httpclient-4.5.5.jar;E:\nginx-1.14\maven_config\repository\org\apache\httpcomponents\httpcore\4.4.9\httpcore-4.4.9.jar;E:\nginx-1.14\maven_config\repository\commons-codec\commons-codec\1.10\commons-codec-1.10.jar;E:\nginx-1.14\maven_config\repository\net\lingala\zip4j\zip4j\1.3.1\zip4j-1.3.1.jar;E:\nginx-1.14\maven_config\repository\org\springframework\security\spring-security-crypto\5.0.4.RELEASE\spring-security-crypto-5.0.4.RELEASE.jar;E:\nginx-1.14\maven_config\repository\org\springframework\security\spring-security-jwt\1.0.8.RELEASE\spring-security-jwt-1.0.8.RELEASE.jar;E:\nginx-1.14\maven_config\repository\org\bouncycastle\bcpkix-jdk15on\1.56\bcpkix-jdk15on-1.56.jar;E:\nginx-1.14\maven_config\repository\org\bouncycastle\bcprov-jdk15on\1.56\bcprov-jdk15on-1.56.jar;E:\nginx-1.14\hdservicecode\hdservicecode\nm-framework-common\target\nm-framework-common.jar;E:\nginx-1.14\maven_config\repository\org\springframework\spring-web\5.0.5.RELEASE\spring-web-5.0.5.RELEASE.jar;E:\nginx-1.14\maven_config\repository\org\springframework\cloud\spring-cloud-starter-openfeign\2.0.1.RELEASE\spring-cloud-starter-openfeign-2.0.1.RELEASE.jar;E:\nginx-1.14\maven_config\repository\org\springframework\cloud\spring-cloud-starter\2.0.1.RELEASE\spring-cloud-starter-2.0.1.RELEASE.jar;E:\nginx-1.14\maven_config\repository\org\springframework\cloud\spring-cloud-context\2.0.1.RELEASE\spring-cloud-context-2.0.1.RELEASE.jar;E:\nginx-1.14\maven_config\repository\org\springframework\security\spring-security-rsa\1.0.5.RELEASE\spring-security-rsa-1.0.5.RELEASE.jar;E:\nginx-1.14\maven_config\repository\org\springframework\cloud\spring-cloud-openfeign-core\2.0.1.RELEASE\spring-cloud-openfeign-core-2.0.1.RELEASE.jar;E:\nginx-1.14\maven_config\repository\org\springframework\cloud\spring-cloud-netflix-ribbon\2.0.1.RELEASE\spring-cloud-netflix-ribbon-2.0.1.RELEASE.jar;E:\nginx-1.14\maven_config\repository\org\springframework\cloud\spring-cloud-netflix-archaius\2.0.1.RELEASE\spring-cloud-netflix-archaius-2.0.1.RELEASE.jar;E:\nginx-1.14\maven_config\repository\org\springframework\cloud\spring-cloud-commons\2.0.1.RELEASE\spring-cloud-commons-2.0.1.RELEASE.jar;E:\nginx-1.14\maven_config\repository\io\github\openfeign\feign-core\9.5.1\feign-core-9.5.1.jar;E:\nginx-1.14\maven_config\repository\io\github\openfeign\feign-slf4j\9.5.1\feign-slf4j-9.5.1.jar;E:\nginx-1.14\maven_config\repository\io\github\openfeign\feign-hystrix\9.5.1\feign-hystrix-9.5.1.jar;E:\nginx-1.14\maven_config\repository\com\netflix\archaius\archaius-core\0.7.6\archaius-core-0.7.6.jar;E:\nginx-1.14\maven_config\repository\commons-configuration\commons-configuration\1.8\commons-configuration-1.8.jar;E:\nginx-1.14\maven_config\repository\commons-lang\commons-lang\2.6\commons-lang-2.6.jar;E:\nginx-1.14\maven_config\repository\com\netflix\hystrix\hystrix-core\1.5.12\hystrix-core-1.5.12.jar;E:\nginx-1.14\maven_config\repository\io\reactivex\rxjava\1.3.8\rxjava-1.3.8.jar;E:\nginx-1.14\maven_config\repository\org\hdrhistogram\HdrHistogram\2.1.9\HdrHistogram-2.1.9.jar;E:\nginx-1.14\maven_config\repository\io\github\openfeign\feign-java8\9.5.1\feign-java8-9.5.1.jar;E:\nginx-1.14\maven_config\repository\org\springframework\boot\spring-boot-starter-web\2.0.1.RELEASE\spring-boot-starter-web-2.0.1.RELEASE.jar;E:\nginx-1.14\maven_config\repository\org\springframework\boot\spring-boot-starter\2.0.1.RELEASE\spring-boot-starter-2.0.1.RELEASE.jar;E:\nginx-1.14\maven_config\repository\org\springframework\boot\spring-boot\2.0.1.RELEASE\spring-boot-2.0.1.RELEASE.jar;E:\nginx-1.14\maven_config\repository\javax\annotation\javax.annotation-api\1.3.2\javax.annotation-api-1.3.2.jar;E:\nginx-1.14\maven_config\repository\org\yaml\snakeyaml\1.19\snakeyaml-1.19.jar;E:\nginx-1.14\maven_config\repository\org\springframework\boot\spring-boot-starter-json\2.0.1.RELEASE\spring-boot-starter-json-2.0.1.RELEASE.jar;E:\nginx-1.14\maven_config\repository\com\fasterxml\jackson\core\jackson-databind\2.9.5\jackson-databind-2.9.5.jar;E:\nginx-1.14\maven_config\repository\com\fasterxml\jackson\core\jackson-core\2.9.5\jackson-core-2.9.5.jar;E:\nginx-1.14\maven_config\repository\com\fasterxml\jackson\datatype\jackson-datatype-jdk8\2.9.5\jackson-datatype-jdk8-2.9.5.jar;E:\nginx-1.14\maven_config\repository\com\fasterxml\jackson\datatype\jackson-datatype-jsr310\2.9.5\jackson-datatype-jsr310-2.9.5.jar;E:\nginx-1.14\maven_config\repository\com\fasterxml\jackson\module\jackson-module-parameter-names\2.9.5\jackson-module-parameter-names-2.9.5.jar;E:\nginx-1.14\maven_config\repository\org\springframework\boot\spring-boot-starter-tomcat\2.0.1.RELEASE\spring-boot-starter-tomcat-2.0.1.RELEASE.jar;E:\nginx-1.14\maven_config\repository\org\apache\tomcat\embed\tomcat-embed-core\8.5.28\tomcat-embed-core-8.5.28.jar;E:\nginx-1.14\maven_config\repository\org\apache\tomcat\embed\tomcat-embed-el\8.5.28\tomcat-embed-el-8.5.28.jar;E:\nginx-1.14\maven_config\repository\org\apache\tomcat\embed\tomcat-embed-websocket\8.5.28\tomcat-embed-websocket-8.5.28.jar;E:\nginx-1.14\maven_config\repository\org\hibernate\validator\hibernate-validator\6.0.9.Final\hibernate-validator-6.0.9.Final.jar;E:\nginx-1.14\maven_config\repository\javax\validation\validation-api\2.0.1.Final\validation-api-2.0.1.Final.jar;E:\nginx-1.14\maven_config\repository\org\springframework\spring-webmvc\5.0.5.RELEASE\spring-webmvc-5.0.5.RELEASE.jar;E:\nginx-1.14\maven_config\repository\org\springframework\spring-aop\5.0.5.RELEASE\spring-aop-5.0.5.RELEASE.jar;E:\nginx-1.14\maven_config\repository\mysql\mysql-connector-java\5.1.40\mysql-connector-java-5.1.40.jar;E:\nginx-1.14\maven_config\repository\com\alibaba\druid-spring-boot-starter\1.1.10\druid-spring-boot-starter-1.1.10.jar;E:\nginx-1.14\maven_config\repository\com\alibaba\druid\1.1.6\druid-1.1.6.jar;E:\nginx-1.14\maven_config\repository\org\slf4j\slf4j-api\1.7.25\slf4j-api-1.7.25.jar;E:\nginx-1.14\maven_config\repository\org\springframework\boot\spring-boot-autoconfigure\2.0.1.RELEASE\spring-boot-autoconfigure-2.0.1.RELEASE.jar;E:\nginx-1.14\maven_config\repository\org\mybatis\spring\boot\mybatis-spring-boot-starter\1.3.1\mybatis-spring-boot-starter-1.3.1.jar;E:\nginx-1.14\maven_config\repository\org\springframework\boot\spring-boot-starter-jdbc\2.0.1.RELEASE\spring-boot-starter-jdbc-2.0.1.RELEASE.jar;E:\nginx-1.14\maven_config\repository\com\zaxxer\HikariCP\2.7.8\HikariCP-2.7.8.jar;E:\nginx-1.14\maven_config\repository\org\mybatis\spring\boot\mybatis-spring-boot-autoconfigure\1.3.1\mybatis-spring-boot-autoconfigure-1.3.1.jar;E:\nginx-1.14\maven_config\repository\org\mybatis\mybatis\3.4.5\mybatis-3.4.5.jar;E:\nginx-1.14\maven_config\repository\org\mybatis\mybatis-spring\1.3.1\mybatis-spring-1.3.1.jar;E:\nginx-1.14\maven_config\repository\org\springframework\spring-orm\5.0.5.RELEASE\spring-orm-5.0.5.RELEASE.jar;E:\nginx-1.14\maven_config\repository\org\springframework\spring-beans\5.0.5.RELEASE\spring-beans-5.0.5.RELEASE.jar;E:\nginx-1.14\maven_config\repository\org\springframework\spring-core\5.0.5.RELEASE\spring-core-5.0.5.RELEASE.jar;E:\nginx-1.14\maven_config\repository\org\springframework\spring-jcl\5.0.5.RELEASE\spring-jcl-5.0.5.RELEASE.jar;E:\nginx-1.14\maven_config\repository\org\springframework\spring-jdbc\5.0.5.RELEASE\spring-jdbc-5.0.5.RELEASE.jar;E:\nginx-1.14\maven_config\repository\org\springframework\spring-tx\5.0.5.RELEASE\spring-tx-5.0.5.RELEASE.jar;E:\nginx-1.14\maven_config\repository\org\springframework\boot\spring-boot-starter-data-jpa\2.0.1.RELEASE\spring-boot-starter-data-jpa-2.0.1.RELEASE.jar;E:\nginx-1.14\maven_config\repository\org\springframework\boot\spring-boot-starter-aop\2.0.1.RELEASE\spring-boot-starter-aop-2.0.1.RELEASE.jar;E:\nginx-1.14\maven_config\repository\org\aspectj\aspectjweaver\1.8.13\aspectjweaver-1.8.13.jar;E:\nginx-1.14\maven_config\repository\javax\transaction\javax.transaction-api\1.2\javax.transaction-api-1.2.jar;E:\nginx-1.14\maven_config\repository\org\springframework\data\spring-data-jpa\2.0.6.RELEASE\spring-data-jpa-2.0.6.RELEASE.jar;E:\nginx-1.14\maven_config\repository\org\springframework\spring-aspects\5.0.5.RELEASE\spring-aspects-5.0.5.RELEASE.jar;E:\nginx-1.14\maven_config\repository\com\squareup\okhttp3\okhttp\3.9.1\okhttp-3.9.1.jar;E:\nginx-1.14\maven_config\repository\com\squareup\okio\okio\1.13.0\okio-1.13.0.jar;E:\nginx-1.14\maven_config\repository\com\alibaba\fastjson\1.2.30\fastjson-1.2.30.jar;E:\nginx-1.14\maven_config\repository\commons-io\commons-io\2.6\commons-io-2.6.jar;E:\nginx-1.14\maven_config\repository\org\apache\commons\commons-lang3\3.6\commons-lang3-3.6.jar;E:\nginx-1.14\maven_config\repository\org\springframework\boot\spring-boot-starter-test\2.0.1.RELEASE\spring-boot-starter-test-2.0.1.RELEASE.jar;E:\nginx-1.14\maven_config\repository\org\springframework\boot\spring-boot-test\2.0.1.RELEASE\spring-boot-test-2.0.1.RELEASE.jar;E:\nginx-1.14\maven_config\repository\org\springframework\boot\spring-boot-test-autoconfigure\2.0.1.RELEASE\spring-boot-test-autoconfigure-2.0.1.RELEASE.jar;E:\nginx-1.14\maven_config\repository\com\jayway\jsonpath\json-path\2.4.0\json-path-2.4.0.jar;E:\nginx-1.14\maven_config\repository\net\minidev\json-smart\2.3\json-smart-2.3.jar;E:\nginx-1.14\maven_config\repository\net\minidev\accessors-smart\1.2\accessors-smart-1.2.jar;E:\nginx-1.14\maven_config\repository\org\ow2\asm\asm\5.0.4\asm-5.0.4.jar;E:\nginx-1.14\maven_config\repository\junit\junit\4.12\junit-4.12.jar;E:\nginx-1.14\maven_config\repository\org\assertj\assertj-core\3.9.1\assertj-core-3.9.1.jar;E:\nginx-1.14\maven_config\repository\org\mockito\mockito-core\2.15.0\mockito-core-2.15.0.jar;E:\nginx-1.14\maven_config\repository\net\bytebuddy\byte-buddy\1.7.11\byte-buddy-1.7.11.jar;E:\nginx-1.14\maven_config\repository\net\bytebuddy\byte-buddy-agent\1.7.11\byte-buddy-agent-1.7.11.jar;E:\nginx-1.14\maven_config\repository\org\objenesis\objenesis\2.6\objenesis-2.6.jar;E:\nginx-1.14\maven_config\repository\org\hamcrest\hamcrest-core\1.3\hamcrest-core-1.3.jar;E:\nginx-1.14\maven_config\repository\org\hamcrest\hamcrest-library\1.3\hamcrest-library-1.3.jar;E:\nginx-1.14\maven_config\repository\org\skyscreamer\jsonassert\1.5.0\jsonassert-1.5.0.jar;E:\nginx-1.14\maven_config\repository\com\vaadin\external\google\android-json\0.0.20131108.vaadin1\android-json-0.0.20131108.vaadin1.jar;E:\nginx-1.14\maven_config\repository\org\springframework\spring-test\5.0.5.RELEASE\spring-test-5.0.5.RELEASE.jar;E:\nginx-1.14\maven_config\repository\org\xmlunit\xmlunit-core\2.5.1\xmlunit-core-2.5.1.jar;, java.specification.name=Java Platform API Specification, java.class.version=52.0, sun.management.compiler=HotSpot 64-Bit Tiered Compilers, maven.repo.local=E:\nginx-1.14\maven_config\repository, os.version=10.0, user.home=C:\Users\ASUS, user.timezone=Asia/Shanghai, java.awt.printerjob=sun.awt.windows.WPrinterJob, file.encoding=GBK, java.specification.version=1.8, java.class.path=E:\nginx-1.14\hdservicecode\hdservicecode\nm-service-manage-course\target\test-classes;E:\nginx-1.14\hdservicecode\hdservicecode\nm-service-manage-course\target\classes;E:\nginx-1.14\hdservicecode\hdservicecode\nm-service-api\target\nm-service-api.jar;E:\nginx-1.14\maven_config\repository\commons-fileupload\commons-fileupload\1.3.3\commons-fileupload-1.3.3.jar;E:\nginx-1.14\maven_config\repository\io\springfox\springfox-swagger2\2.7.0\springfox-swagger2-2.7.0.jar;E:\nginx-1.14\maven_config\repository\io\swagger\swagger-annotations\1.5.13\swagger-annotations-1.5.13.jar;E:\nginx-1.14\maven_config\repository\io\swagger\swagger-models\1.5.13\swagger-models-1.5.13.jar;E:\nginx-1.14\maven_config\repository\com\fasterxml\jackson\core\jackson-annotations\2.9.0\jackson-annotations-2.9.0.jar;E:\nginx-1.14\maven_config\repository\io\springfox\springfox-spi\2.7.0\springfox-spi-2.7.0.jar;E:\nginx-1.14\maven_config\repository\io\springfox\springfox-core\2.7.0\springfox-core-2.7.0.jar;E:\nginx-1.14\maven_config\repository\io\springfox\springfox-schema\2.7.0\springfox-schema-2.7.0.jar;E:\nginx-1.14\maven_config\repository\io\springfox\springfox-swagger-common\2.7.0\springfox-swagger-common-2.7.0.jar;E:\nginx-1.14\maven_config\repository\io\springfox\springfox-spring-web\2.7.0\springfox-spring-web-2.7.0.jar;E:\nginx-1.14\maven_config\repository\org\reflections\reflections\0.9.11\reflections-0.9.11.jar;E:\nginx-1.14\maven_config\repository\com\fasterxml\classmate\1.3.4\classmate-1.3.4.jar;E:\nginx-1.14\maven_config\repository\org\springframework\plugin\spring-plugin-core\1.2.0.RELEASE\spring-plugin-core-1.2.0.RELEASE.jar;E:\nginx-1.14\maven_config\repository\org\springframework\plugin\spring-plugin-metadata\1.2.0.RELEASE\spring-plugin-metadata-1.2.0.RELEASE.jar;E:\nginx-1.14\maven_config\repository\org\mapstruct\mapstruct\1.1.0.Final\mapstruct-1.1.0.Final.jar;E:\nginx-1.14\maven_config\repository\io\springfox\springfox-swagger-ui\2.7.0\springfox-swagger-ui-2.7.0.jar;E:\nginx-1.14\hdservicecode\hdservicecode\nm-framework-model\target\nm-framework-model.jar;E:\nginx-1.14\maven_config\repository\org\projectlombok\lombok\1.16.16\lombok-1.16.16.jar;E:\nginx-1.14\maven_config\repository\org\springframework\data\spring-data-commons\2.0.6.RELEASE\spring-data-commons-2.0.6.RELEASE.jar;E:\nginx-1.14\maven_config\repository\org\springframework\data\spring-data-mongodb\2.0.6.RELEASE\spring-data-mongodb-2.0.6.RELEASE.jar;E:\nginx-1.14\maven_config\repository\org\springframework\spring-context\5.0.5.RELEASE\spring-context-5.0.5.RELEASE.jar;E:\nginx-1.14\maven_config\repository\org\springframework\spring-expression\5.0.5.RELEASE\spring-expression-5.0.5.RELEASE.jar;E:\nginx-1.14\maven_config\repository\org\mongodb\mongo-java-driver\3.6.3\mongo-java-driver-3.6.3.jar;E:\nginx-1.14\maven_config\repository\org\hibernate\hibernate-core\5.2.16.Final\hibernate-core-5.2.16.Final.jar;E:\nginx-1.14\maven_config\repository\org\jboss\logging\jboss-logging\3.3.2.Final\jboss-logging-3.3.2.Final.jar;E:\nginx-1.14\maven_config\repository\org\hibernate\javax\persistence\hibernate-jpa-2.1-api\1.0.0.Final\hibernate-jpa-2.1-api-1.0.0.Final.jar;E:\nginx-1.14\maven_config\repository\org\javassist\javassist\3.22.0-GA\javassist-3.22.0-GA.jar;E:\nginx-1.14\maven_config\repository\antlr\antlr\2.7.7\antlr-2.7.7.jar;E:\nginx-1.14\maven_config\repository\org\jboss\spec\javax\transaction\jboss-transaction-api_1.2_spec\1.0.1.Final\jboss-transaction-api_1.2_spec-1.0.1.Final.jar;E:\nginx-1.14\maven_config\repository\org\jboss\jandex\2.0.3.Final\jandex-2.0.3.Final.jar;E:\nginx-1.14\maven_config\repository\dom4j\dom4j\1.6.1\dom4j-1.6.1.jar;E:\nginx-1.14\maven_config\repository\org\hibernate\common\hibernate-commons-annotations\5.0.1.Final\hibernate-commons-annotations-5.0.1.Final.jar;E:\nginx-1.14\maven_config\repository\com\google\guava\guava\24.0-jre\guava-24.0-jre.jar;E:\nginx-1.14\maven_config\repository\com\google\code\findbugs\jsr305\1.3.9\jsr305-1.3.9.jar;E:\nginx-1.14\maven_config\repository\org\checkerframework\checker-compat-qual\2.0.0\checker-compat-qual-2.0.0.jar;E:\nginx-1.14\maven_config\repository\com\google\errorprone\error_prone_annotations\2.1.3\error_prone_annotations-2.1.3.jar;E:\nginx-1.14\maven_config\repository\com\google\j2objc\j2objc-annotations\1.1\j2objc-annotations-1.1.jar;E:\nginx-1.14\maven_config\repository\org\codehaus\mojo\animal-sniffer-annotations\1.14\animal-sniffer-annotations-1.14.jar;E:\nginx-1.14\hdservicecode\hdservicecode\nm-framework-utils\target\nm-framework-utils.jar;E:\nginx-1.14\maven_config\repository\javax\servlet\javax
[...]
	at org.springframework.beans.factory.support.AbstractBeanFactory.getBean(AbstractBeanFactory.java:199)
	at org.springframework.beans.factory.config.DependencyDescriptor.resolveCandidate(DependencyDescriptor.java:251)
	at org.springframework.beans.factory.support.DefaultListableBeanFactory.doResolveDependency(DefaultListableBeanFactory.java:1138)
	at org.springframework.beans.factory.support.DefaultListableBeanFactory.resolveDependency(DefaultListableBeanFactory.java:1065)
	at org.springframework.beans.factory.annotation.AutowiredAnnotationBeanPostProcessor$AutowiredFieldElement.inject(AutowiredAnnotationBeanPostProcessor.java:584)
	... 58 common frames omitted
Caused by: java.lang.IllegalArgumentException: org.apache.ibatis.builder.BuilderException: Error parsing Mapper XML. Cause: org.apache.ibatis.builder.BuilderException: Error resolving class. Cause: org.apache.ibatis.type.TypeException: Could not resolve type alias 'com.xuecheng.framework.domain.course.ext.TeachplanNode'.  Cause: java.lang.ClassNotFoundException: Cannot find class: com.xuecheng.framework.domain.course.ext.TeachplanNode
	at org.mybatis.spring.mapper.MapperFactoryBean.checkDaoConfig(MapperFactoryBean.java:83)
	at org.springframework.dao.support.DaoSupport.afterPropertiesSet(DaoSupport.java:44)
	at org.springframework.beans.factory.support.AbstractAutowireCapableBeanFactory.invokeInitMethods(AbstractAutowireCapableBeanFactory.java:1761)
	at org.springframework.beans.factory.support.AbstractAutowireCapableBeanFactory.initializeBean(AbstractAutowireCapableBeanFactory.java:1698)
	... 68 common frames omitted
Caused by: org.apache.ibatis.builder.BuilderException: Error parsing Mapper XML. Cause: org.apache.ibatis.builder.BuilderException: Error resolving class. Cause: org.apache.ibatis.type.TypeException: Could not resolve type alias 'com.xuecheng.framework.domain.course.ext.TeachplanNode'.  Cause: java.lang.ClassNotFoundException: Cannot find class: com.xuecheng.framework.domain.course.ext.TeachplanNode
	at org.apache.ibatis.builder.xml.XMLMapperBuilder.configurationElement(XMLMapperBuilder.java:120)
	at org.apache.ibatis.builder.xml.XMLMapperBuilder.parse(XMLMapperBuilder.java:92)
	at org.apache.ibatis.builder.annotation.MapperAnnotationBuilder.loadXmlResource(MapperAnnotationBuilder.java:173)
	at org.apache.ibatis.builder.annotation.MapperAnnotationBuilder.parse(MapperAnnotationBuilder.java:124)
	at org.apache.ibatis.binding.MapperRegistry.addMapper(MapperRegistry.java:72)
	at org.apache.ibatis.session.Configuration.addMapper(Configuration.java:741)
	at org.mybatis.spring.mapper.MapperFactoryBean.checkDaoConfig(MapperFactoryBean.java:80)
	... 71 common frames omitted
Caused by: org.apache.ibatis.builder.BuilderException: Error resolving class. Cause: org.apache.ibatis.type.TypeException: Could not resolve type alias 'com.xuecheng.framework.domain.course.ext.TeachplanNode'.  Cause: java.lang.ClassNotFoundException: Cannot find class: com.xuecheng.framework.domain.course.ext.TeachplanNode
	at org.apache.ibatis.builder.BaseBuilder.resolveClass(BaseBuilder.java:118)
	at org.apache.ibatis.builder.xml.XMLMapperBuilder.resultMapElement(XMLMapperBuilder.java:265)
	at org.apache.ibatis.builder.xml.XMLMapperBuilder.resultMapElement(XMLMapperBuilder.java:252)
	at org.apache.ibatis.builder.xml.XMLMapperBuilder.resultMapElements(XMLMapperBuilder.java:244)
	at org.apache.ibatis.builder.xml.XMLMapperBuilder.configurationElement(XMLMapperBuilder.java:116)
	... 77 common frames omitted
Caused by: org.apache.ibatis.type.TypeException: Could not resolve type alias 'com.xuecheng.framework.domain.course.ext.TeachplanNode'.  Cause: java.lang.ClassNotFoundException: Cannot find class: com.xuecheng.framework.domain.course.ext.TeachplanNode
	at org.apache.ibatis.type.TypeAliasRegistry.resolveAlias(TypeAliasRegistry.java:120)
	at org.apache.ibatis.builder.BaseBuilder.resolveAlias(BaseBuilder.java:149)
	at org.apache.ibatis.builder.BaseBuilder.resolveClass(BaseBuilder.java:116)
	... 81 common frames omitted
Caused by: java.lang.ClassNotFoundException: Cannot find class: com.xuecheng.framework.domain.course.ext.TeachplanNode
	at org.apache.ibatis.io.ClassLoaderWrapper.classForName(ClassLoaderWrapper.java:200)
	at org.apache.ibatis.io.ClassLoaderWrapper.classForName(ClassLoaderWrapper.java:89)
	at org.apache.ibatis.io.Resources.classForName(Resources.java:261)
	at org.apache.ibatis.type.TypeAliasRegistry.resolveAlias(TypeAliasRegistry.java:116)
	... 83 common frames omitted
2020-02-21 20:35:53.326 [main] ERROR o.s.test.context.TestContextManager - Caught exception while allowing TestExecutionListener [org.springframework.test.context.web.ServletTestExecutionListener@2177849e] to prepare test instance [com.ningmeng.manage_course.dao.TestDao@237aa0c7]
java.lang.IllegalStateException: Failed to load ApplicationContext
	at org.springframework.test.context.cache.DefaultCacheAwareContextLoaderDelegate.loadContext(DefaultCacheAwareContextLoaderDelegate.java:125)
	at org.springframework.test.context.support.DefaultTestContext.getApplicationContext(DefaultTestContext.java:108)
	at org.springframework.test.context.web.ServletTestExecutionListener.setUpRequestContextIfNecessary(ServletTestExecutionListener.java:190)
	at org.springframework.test.context.web.ServletTestExecutionListener.prepareTestInstance(ServletTestExecutionListener.java:132)
	at org.springframework.test.context.TestContextManager.prepareTestInstance(TestContextManager.java:246)
	at org.springframework.test.context.junit4.SpringJUnit4ClassRunner.createTest(SpringJUnit4ClassRunner.java:227)
	at org.springframework.test.context.junit4.SpringJUnit4ClassRunner$1.runReflectiveCall(SpringJUnit4ClassRunner.java:289)
	at org.junit.internal.runners.model.ReflectiveCallable.run(ReflectiveCallable.java:12)
	at org.springframework.test.context.junit4.SpringJUnit4ClassRunner.methodBlock(SpringJUnit4ClassRunner.java:291)
	at org.springframework.test.context.junit4.SpringJUnit4ClassRunner.runChild(SpringJUnit4ClassRunner.java:246)
	at org.springframework.test.context.junit4.SpringJUnit4ClassRunner.runChild(SpringJUnit4ClassRunner.java:97)
	at org.junit.runners.ParentRunner$3.run(ParentRunner.java:290)
	at org.junit.runners.ParentRunner$1.schedule(ParentRunner.java:71)
	at org.junit.runners.ParentRunner.runChildren(ParentRunner.java:288)
	at org.junit.runners.ParentRunner.access$000(ParentRunner.java:58)
	at org.junit.runners.ParentRunner$2.evaluate(ParentRunner.java:268)
	at org.springframework.test.context.junit4.statements.RunBeforeTestClassCallbacks.evaluate(RunBeforeTestClassCallbacks.java:61)
	at org.springframework.test.context.junit4.statements.RunAfterTestClassCallbacks.evaluate(RunAfterTestClassCallbacks.java:70)
	at org.junit.runners.ParentRunner.run(ParentRunner.java:363)
	at org.springframework.test.context.junit4.SpringJUnit4ClassRunner.run(SpringJUnit4ClassRunner.java:190)
	at org.apache.maven.surefire.junit4.JUnit4Provider.execute(JUnit4Provider.java:365)
	at org.apache.maven.surefire.junit4.JUnit4Provider.executeWithRerun(JUnit4Provider.java:273)
	at org.apache.maven.surefire.junit4.JUnit4Provider.executeTestSet(JUnit4Provider.java:238)
	at org.apache.maven.surefire.junit4.JUnit4Provider.invoke(JUnit4Provider.java:159)
	at org.apache.maven.surefire.booter.ForkedBooter.invokeProviderInSameClassLoader(ForkedBooter.java:379)
	at org.apache.maven.surefire.booter.ForkedBooter.runSuitesInProcess(ForkedBooter.java:340)
	at org.apache.maven.surefire.booter.ForkedBooter.execute(ForkedBooter.java:125)
	at org.apache.maven.surefire.booter.ForkedBooter.main(ForkedBooter.java:413)
Caused by: org.springframework.beans.factory.UnsatisfiedDependencyException: Error creating bean with name 'courseController': Unsatisfied dependency expressed through field 'courseService'; nested exception is org.springframework.beans.factory.UnsatisfiedDependencyException: Error creating bean with name 'courseService': Unsatisfied dependency expressed through field 'teachplanMapper'; nested exception is org.springframework.beans.factory.BeanCreationException: Error creating bean with name 'teachplanMapper' defined in file [E:\nginx-1.14\hdservicecode\hdservicecode\nm-service-manage-course\target\classes\com\ningmeng\manage_course\dao\TeachplanMapper.class]: Invocation of init method failed; nested exception is java.lang.IllegalArgumentException: org.apache.ibatis.builder.BuilderException: Error parsing Mapper XML. Cause: org.apache.ibatis.builder.BuilderException: Error resolving class. Cause: org.apache.ibatis.type.TypeException: Could not resolve type alias 'com.xuecheng.framework.domain.course.ext.TeachplanNode'.  Cause: java.lang.ClassNotFoundException: Cannot find class: com.xuecheng.framework.domain.course.ext.TeachplanNode
	at org.springframework.beans.factory.annotation.AutowiredAnnotationBeanPostProcessor$AutowiredFieldElement.inject(AutowiredAnnotationBeanPostProcessor.java:587)
	at org.springframework.beans.factory.annotation.InjectionMetadata.inject(InjectionMetadata.java:91)
	at org.springframework.beans.factory.annotation.AutowiredAnnotationBeanPostProcessor.postProcessPropertyValues(AutowiredAnnotationBeanPostProcessor.java:373)
	at org.springframework.beans.factory.support.AbstractAutowireCapableBeanFactory.populateBean(AbstractAutowireCapableBeanFactory.java:1344)
	at org.springframework.beans.factory.support.AbstractAutowireCapableBeanFactory.doCreateBean(AbstractAutowireCapableBeanFactory.java:578)
	at org.springframework.beans.factory.support.AbstractAutowireCapableBeanFactory.createBean(AbstractAutowireCapableBeanFactory.java:501)
	at org.springframework.beans.factory.support.AbstractBeanFactory.lambda$doGetBean$0(AbstractBeanFactory.java:317)
	at org.springframework.beans.factory.support.DefaultSingletonBeanRegistry.getSingleton(DefaultSingletonBeanRegistry.java:228)
	at org.springframework.beans.factory.support.AbstractBeanFactory.doGetBean(AbstractBeanFactory.java:315)
	at org.springframework.beans.factory.support.AbstractBeanFactory.getBean(AbstractBeanFactory.java:199)
	at org.springframework.beans.factory.support.DefaultListableBeanFactory.preInstantiateSingletons(DefaultListableBeanFactory.java:760)
	at org.springframework.context.support.AbstractApplicationContext.finishBeanFactoryInitialization(AbstractApplicationContext.java:869)
	at org.springframework.context.support.AbstractApplicationContext.refresh(AbstractApplicationContext.java:550)
	at org.springframework.boot.SpringApplication.refresh(SpringApplication.java:759)
	at org.springframework.boot.SpringApplication.refreshContext(SpringApplication.java:395)
	at org.springframework.boot.SpringApplication.run(SpringApplication.java:327)
	at org.springframework.boot.test.context.SpringBootContextLoader.loadContext(SpringBootContextLoader.java:138)
	at org.springframework.test.context.cache.DefaultCacheAwareContextLoaderDelegate.loadContextInternal(DefaultCacheAwareContextLoaderDelegate.java:99)
	at org.springframework.test.context.cache.DefaultCacheAwareContextLoaderDelegate.loadContext(DefaultCacheAwareContextLoaderDelegate.java:117)
	... 27 common frames omitted
Caused by: org.springframework.beans.factory.UnsatisfiedDependencyException: Error creating bean with name 'courseService': Unsatisfied dependency expressed through field 'teachplanMapper'; nested exception is org.springframework.beans.factory.BeanCreationException: Error creating bean with name 'teachplanMapper' defined in file [E:\nginx-1.14\hdservicecode\hdservicecode\nm-service-manage-course\target\classes\com\ningmeng\manage_course\dao\TeachplanMapper.class]: Invocation of init method failed; nested exception is java.lang.IllegalArgumentException: org.apache.ibatis.builder.BuilderException: Error parsing Mapper XML. Cause: org.apache.ibatis.builder.BuilderException: Error resolving class. Cause: org.apache.ibatis.type.TypeException: Could not resolve type alias 'com.xuecheng.framework.domain.course.ext.TeachplanNode'.  Cause: java.lang.ClassNotFoundException: Cannot find class: com.xuecheng.framework.domain.course.ext.TeachplanNode
	at org.springframework.beans.factory.annotation.AutowiredAnnotationBeanPostProcessor$AutowiredFieldElement.inject(AutowiredAnnotationBeanPostProcessor.java:587)
	at org.springframework.beans.factory.annotation.InjectionMetadata.inject(InjectionMetadata.java:91)
	at org.springframework.beans.factory.annotation.AutowiredAnnotationBeanPostProcessor.postProcessPropertyValues(AutowiredAnnotationBeanPostProcessor.java:373)
	at org.springframework.beans.factory.support.AbstractAutowireCapableBeanFactory.populateBean(AbstractAutowireCapableBeanFactory.java:1344)
	at org.springframework.beans.factory.support.AbstractAutowireCapableBeanFactory.doCreateBean(AbstractAutowireCapableBeanFactory.java:578)
	at org.springframework.beans.factory.support.AbstractAutowireCapableBeanFactory.createBean(AbstractAutowireCapableBeanFactory.java:501)
	at org.springframework.beans.factory.support.AbstractBeanFactory.lambda$doGetBean$0(AbstractBeanFactory.java:317)
	at org.springframework.beans.factory.support.DefaultSingletonBeanRegistry.getSingleton(DefaultSingletonBeanRegistry.java:228)
	at org.springframework.beans.factory.support.AbstractBeanFactory.doGetBean(AbstractBeanFactory.java:315)
	at org.springframework.beans.factory.support.AbstractBeanFactory.getBean(AbstractBeanFactory.java:199)
	at org.springframework.beans.factory.config.DependencyDescriptor.resolveCandidate(DependencyDescriptor.java:251)
	at org.springframework.beans.factory.support.DefaultListableBeanFactory.doResolveDependency(DefaultListableBeanFactory.java:1138)
	at org.springframework.beans.factory.support.DefaultListableBeanFactory.resolveDependency(DefaultListableBeanFactory.java:1065)
	at org.springframework.beans.factory.annotation.AutowiredAnnotationBeanPostProcessor$AutowiredFieldElement.inject(AutowiredAnnotationBeanPostProcessor.java:584)
	... 45 common frames omitted
Caused by: org.springframework.beans.factory.BeanCreationException: Error creating bean with name 'teachplanMapper' defined in file [E:\nginx-1.14\hdservicecode\hdservicecode\nm-service-manage-course\target\classes\com\ningmeng\manage_course\dao\TeachplanMapper.class]: Invocation of init method failed; nested exception is java.lang.IllegalArgumentException: org.apache.ibatis.builder.BuilderException: Error parsing Mapper XML. Cause: org.apache.ibatis.builder.BuilderException: Error resolving class. Cause: org.apache.ibatis.type.TypeException: Could not resolve type alias 'com.xuecheng.framework.domain.course.ext.TeachplanNode'.  Cause: java.lang.ClassNotFoundException: Cannot find class: com.xuecheng.framework.domain.course.ext.TeachplanNode
	at org.springframework.beans.factory.support.AbstractAutowireCapableBeanFactory.initializeBean(AbstractAutowireCapableBeanFactory.java:1702)
	at org.springframework.beans.factory.support.AbstractAutowireCapableBeanFactory.doCreateBean(AbstractAutowireCapableBeanFactory.java:579)
	at org.springframework.beans.factory.support.AbstractAutowireCapableBeanFactory.createBean(AbstractAutowireCapableBeanFactory.java:501)
	at org.springframework.beans.factory.support.AbstractBeanFactory.lambda$doGetBean$0(AbstractBeanFactory.java:317)
	at org.springframework.beans.factory.support.DefaultSingletonBeanRegistry.getSingleton(DefaultSingletonBeanRegistry.java:228)
	at org.springframework.beans.factory.support.AbstractBeanFactory.doGetBean(AbstractBeanFactory.java:315)
	at org.springframework.beans.factory.support.AbstractBeanFactory.getBean(AbstractBeanFactory.java:199)
	at org.springframework.beans.factory.config.DependencyDescriptor.resolveCandidate(DependencyDescriptor.java:251)
	at org.springframework.beans.factory.support.DefaultListableBeanFactory.doResolveDependency(DefaultListableBeanFactory.java:1138)
	at org.springframework.beans.factory.support.DefaultListableBeanFactory.resolveDependency(DefaultListableBeanFactory.java:1065)
	at org.springframework.beans.factory.annotation.AutowiredAnnotationBeanPostProcessor$AutowiredFieldElement.inject(AutowiredAnnotationBeanPostProcessor.java:584)
	... 58 common frames omitted
Caused by: java.lang.IllegalArgumentException: org.apache.ibatis.builder.BuilderException: Error parsing Mapper XML. Cause: org.apache.ibatis.builder.BuilderException: Error resolving class. Cause: org.apache.ibatis.type.TypeException: Could not resolve type alias 'com.xuecheng.framework.domain.course.ext.TeachplanNode'.  Cause: java.lang.ClassNotFoundException: Cannot find class: com.xuecheng.framework.domain.course.ext.TeachplanNode
	at org.mybatis.spring.mapper.MapperFactoryBean.checkDaoConfig(MapperFactoryBean.java:83)
	at org.springframework.dao.support.DaoSupport.afterPropertiesSet(DaoSupport.java:44)
	at org.springframework.beans.factory.support.AbstractAutowireCapableBeanFactory.invokeInitMethods(AbstractAutowireCapableBeanFactory.java:1761)
	at org.springframework.beans.factory.support.AbstractAutowireCapableBeanFactory.initializeBean(AbstractAutowireCapableBeanFactory.java:1698)
	... 68 common frames omitted
Caused by: org.apache.ibatis.builder.BuilderException: Error parsing Mapper XML. Cause: org.apache.ibatis.builder.BuilderException: Error resolving class. Cause: org.apache.ibatis.type.TypeException: Could not resolve type alias 'com.xuecheng.framework.domain.course.ext.TeachplanNode'.  Cause: java.lang.ClassNotFoundException: Cannot find class: com.xuecheng.framework.domain.course.ext.TeachplanNode
	at org.apache.ibatis.builder.xml.XMLMapperBuilder.configurationElement(XMLMapperBuilder.java:120)
	at org.apache.ibatis.builder.xml.XMLMapperBuilder.parse(XMLMapperBuilder.java:92)
	at org.apache.ibatis.builder.annotation.MapperAnnotationBuilder.loadXmlResource(MapperAnnotationBuilder.java:173)
	at org.apache.ibatis.builder.annotation.MapperAnnotationBuilder.parse(MapperAnnotationBuilder.java:124)
	at org.apache.ibatis.binding.MapperRegistry.addMapper(MapperRegistry.java:72)
	at org.apache.ibatis.session.Configuration.addMapper(Configuration.java:741)
	at org.mybatis.spring.mapper.MapperFactoryBean.checkDaoConfig(MapperFactoryBean.java:80)
	... 71 common frames omitted
Caused by: org.apache.ibatis.builder.BuilderException: Error resolving class. Cause: org.apache.ibatis.type.TypeException: Could not resolve type alias 'com.xuecheng.framework.domain.course.ext.TeachplanNode'.  Cause: java.lang.ClassNotFoundException: Cannot find class: com.xuecheng.framework.domain.course.ext.TeachplanNode
	at org.apache.ibatis.builder.BaseBuilder.resolveClass(BaseBuilder.java:118)
	at org.apache.ibatis.builder.xml.XMLMapperBuilder.resultMapElement(XMLMapperBuilder.java:265)
	at org.apache.ibatis.builder.xml.XMLMapperBuilder.resultMapElement(XMLMapperBuilder.java:252)
	at org.apache.ibatis.builder.xml.XMLMapperBuilder.resultMapElements(XMLMapperBuilder.java:244)
	at org.apache.ibatis.builder.xml.XMLMapperBuilder.configurationElement(XMLMapperBuilder.java:116)
	... 77 common frames omitted
Caused by: org.apache.ibatis.type.TypeException: Could not resolve type alias 'com.xuecheng.framework.domain.course.ext.TeachplanNode'.  Cause: java.lang.ClassNotFoundException: Cannot find class: com.xuecheng.framework.domain.course.ext.TeachplanNode
	at org.apache.ibatis.type.TypeAliasRegistry.resolveAlias(TypeAliasRegistry.java:120)
	at org.apache.ibatis.builder.BaseBuilder.resolveAlias(BaseBuilder.java:149)
	at org.apache.ibatis.builder.BaseBuilder.resolveClass(BaseBuilder.java:116)
	... 81 common frames omitted
Caused by: java.lang.ClassNotFoundException: Cannot find class: com.xuecheng.framework.domain.course.ext.TeachplanNode
	at org.apache.ibatis.io.ClassLoaderWrapper.classForName(ClassLoaderWrapper.java:200)
	at org.apache.ibatis.io.ClassLoaderWrapper.classForName(ClassLoaderWrapper.java:89)
	at org.apache.ibatis.io.Resources.classForName(Resources.java:261)
	at org.apache.ibatis.type.TypeAliasRegistry.resolveAlias(TypeAliasRegistry.java:116)
	... 83 common frames omitted
]]></system-out>
  </testcase>
</testsuite>