<?xml version="1.0" encoding="UTF-8"?>
<testsuite xmlns:xsi="http://www.w3.org/2001/XMLSchema-instance" xsi:noNamespaceSchemaLocation="https://maven.apache.org/surefire/maven-surefire-plugin/xsd/surefire-test-report.xsd" name="com.ningmeng.mange_cms.CmsPageRepositoryTest" time="0.597" tests="1" errors="1" skipped="0" failures="0">
  <properties>
[...]
</properties>
  <testcase name="initializationError" classname="com.ningmeng.mange_cms.CmsPageRepositoryTest" time="0.001">
    <error message="Unable to find a @SpringBootConfiguration, you need to use @ContextConfiguration or @SpringBootTest(classes=...) with your test" type="java.lang.IllegalStateException">java.lang.IllegalStateException: Unable to find a @SpringBootConfiguration, you need to use @ContextConfiguration or @SpringBootTest(classes=...) with your test
</error>
    <system-out><![CDATA[10:07:34.611 [main] DEBUG org.springframework.test.context.junit4.SpringJUnit4ClassRunner - SpringJUnit4ClassRunner constructor called with [class com.ningmeng.mange_cms.CmsPageRepositoryTest]
10:07:34.621 [main] DEBUG org.springframework.test.context.BootstrapUtils - Instantiating CacheAwareContextLoaderDelegate from class [org.springframework.test.context.cache.DefaultCacheAwareContextLoaderDelegate]
10:07:34.635 [main] DEBUG org.springframework.test.context.BootstrapUtils - Instantiating BootstrapContext using constructor [public org.springframework.test.context.support.DefaultBootstrapContext(java.lang.Class,org.springframework.test.context.CacheAwareContextLoaderDelegate)]
10:07:34.664 [main] DEBUG org.springframework.test.context.BootstrapUtils - Instantiating TestContextBootstrapper for test class [com.ningmeng.mange_cms.CmsPageRepositoryTest] from class [org.springframework.boot.test.context.SpringBootTestContextBootstrapper]
10:07:34.680 [main] INFO org.springframework.boot.test.context.SpringBootTestContextBootstrapper - Neither @ContextConfiguration nor @ContextHierarchy found for test class [com.ningmeng.mange_cms.CmsPageRepositoryTest], using SpringBootContextLoader
10:07:34.684 [main] DEBUG org.springframework.test.context.support.AbstractContextLoader - Did not detect default resource location for test class [com.ningmeng.mange_cms.CmsPageRepositoryTest]: class path resource [com/ningmeng/mange_cms/CmsPageRepositoryTest-context.xml] does not exist
10:07:34.685 [main] DEBUG org.springframework.test.context.support.AbstractContextLoader - Did not detect default resource location for test class [com.ningmeng.mange_cms.CmsPageRepositoryTest]: class path resource [com/ningmeng/mange_cms/CmsPageRepositoryTestContext.groovy] does not exist
10:07:34.685 [main] INFO org.springframework.test.context.support.AbstractContextLoader - Could not detect default resource locations for test class [com.ningmeng.mange_cms.CmsPageRepositoryTest]: no resource found for suffixes {-context.xml, Context.groovy}.
10:07:34.686 [main] INFO org.springframework.test.context.support.AnnotationConfigContextLoaderUtils - Could not detect default configuration classes for test class [com.ningmeng.mange_cms.CmsPageRepositoryTest]: CmsPageRepositoryTest does not declare any static, non-private, non-final, nested classes annotated with @Configuration.
10:07:34.742 [main] DEBUG org.springframework.test.context.support.ActiveProfilesUtils - Could not find an 'annotation declaring class' for annotation type [org.springframework.test.context.ActiveProfiles] and class [com.ningmeng.mange_cms.CmsPageRepositoryTest]
10:07:34.752 [main] DEBUG org.springframework.core.env.StandardEnvironment - Adding PropertySource 'systemProperties' with lowest search precedence
10:07:34.752 [main] DEBUG org.springframework.core.env.StandardEnvironment - Adding PropertySource 'systemEnvironment' with lowest search precedence
10:07:34.752 [main] DEBUG org.springframework.core.env.StandardEnvironment - Initialized StandardEnvironment with PropertySources [MapPropertySource@64133603 {name='systemProperties', properties={idea.version=2017.1.2, java.runtime.name=Java(TM) SE Runtime Environment, sun.boot.library.path=C:\Program Files\Java\jdk1.8.0_91\jre\bin, java.vm.version=25.91-b14, java.vm.vendor=Oracle Corporation, java.vendor.url=http://java.oracle.com/, path.separator=;, java.vm.name=Java HotSpot(TM) 64-Bit Server VM, file.encoding.pkg=sun.io, user.country=CN, user.script=, sun.java.launcher=SUN_STANDARD, sun.os.patch.level=, java.vm.specification.name=Java Virtual Machine Specification, user.dir=E:\nginx-1.14\hdservicecode\hdservicecode\nm-service-manage-cms, java.runtime.version=1.8.0_91-b14, basedir=E:\nginx-1.14\hdservicecode\hdservicecode\nm-service-manage-cms, java.awt.graphicsenv=sun.awt.Win32GraphicsEnvironment, java.endorsed.dirs=C:\Program Files\Java\jdk1.8.0_91\jre\lib\endorsed, os.arch=amd64, surefire.real.class.path=C:\Users\ASUS\AppData\Local\Temp\surefire5955030459622056228\surefirebooter1246613038385473175.jar, java.io.tmpdir=C:\Users\ASUS\AppData\Local\Temp\, line.separator=
, java.vm.specification.vendor=Oracle Corporation, user.variant=, os.name=Windows 10, sun.jnu.encoding=GBK, java.library.path=C:\Program Files\Java\jdk1.8.0_91\jre\bin;C:\WINDOWS\Sun\Java\bin;C:\WINDOWS\system32;C:\WINDOWS;F:\app\ASUS\product\11.2.0\dbhome_1\bin;E:\maven\bin;E:\maven\apache-maven-3.6.1\bin;C:\Program Files (x86)\Intel\iCLS Client\;C:\Program Files\Intel\iCLS Client\;C:\Windows\system32;C:\Windows;C:\Windows\System32\Wbem;C:\Windows\System32\WindowsPowerShell\v1.0\;C:\Program Files (x86)\NVIDIA Corporation\PhysX\Common;C:\Program Files (x86)\Intel\Intel(R) Management Engine Components\DAL;C:\Program Files\Intel\Intel(R) Management Engine Components\DAL;C:\Program Files (x86)\Intel\Intel(R) Management Engine Components\IPT;C:\Program Files\Intel\Intel(R) Management Engine Components\IPT;C:\Program Files\Intel\WiFi\bin\;C:\Program Files\Common Files\Intel\WirelessCommon\;C:\WINDOWS\system32;C:\WINDOWS;C:\WINDOWS\System32\Wbem;C:\WINDOWS\System32\WindowsPowerShell\v1.0\;C:\WINDOWS\System32\OpenSSH\;C:\Program Files\MySQL\MySQL Server 5.5\bin;C:\Program Files\NVIDIA Corporation\NVIDIA NvDLISR;E:\Head\;E:\vue\visual\bin;C:\WINDOWS\system32;C:\WINDOWS;C:\WINDOWS\System32\Wbem;C:\WINDOWS\System32\WindowsPowerShell\v1.0\;C:\WINDOWS\System32\OpenSSH\;E:\Git\cmd;C:\Users\ASUS\AppData\Local\Microsoft\WindowsApps;C:\Users\ASUS\AppData\Roaming\npm;E:\vue\bin;E:\vue\visual\bin;;., surefire.test.class.path=E:\nginx-1.14\hdservicecode\hdservicecode\nm-service-manage-cms\target\test-classes;E:\nginx-1.14\hdservicecode\hdservicecode\nm-service-manage-cms\target\classes;E:\nginx-1.14\hdservicecode\hdservicecode\nm-service-api\target\nm-service-api.jar;E:\nginx-1.14\maven_config\repository\commons-fileupload\commons-fileupload\1.3.3\commons-fileupload-1.3.3.jar;E:\nginx-1.14\maven_config\repository\io\springfox\springfox-swagger2\2.7.0\springfox-swagger2-2.7.0.jar;E:\nginx-1.14\maven_config\repository\io\swagger\swagger-annotations\1.5.13\swagger-annotations-1.5.13.jar;E:\nginx-1.14\maven_config\repository\io\swagger\swagger-models\1.5.13\swagger-models-1.5.13.jar;E:\nginx-1.14\maven_config\repository\com\fasterxml\jackson\core\jackson-annotations\2.9.0\jackson-annotations-2.9.0.jar;E:\nginx-1.14\maven_config\repository\io\springfox\springfox-spi\2.7.0\springfox-spi-2.7.0.jar;E:\nginx-1.14\maven_config\repository\io\springfox\springfox-core\2.7.0\springfox-core-2.7.0.jar;E:\nginx-1.14\maven_config\repository\io\springfox\springfox-schema\2.7.0\springfox-schema-2.7.0.jar;E:\nginx-1.14\maven_config\repository\io\springfox\springfox-swagger-common\2.7.0\springfox-swagger-common-2.7.0.jar;E:\nginx-1.14\maven_config\repository\io\springfox\springfox-spring-web\2.7.0\springfox-spring-web-2.7.0.jar;E:\nginx-1.14\maven_config\repository\org\reflections\reflections\0.9.11\reflections-0.9.11.jar;E:\nginx-1.14\maven_config\repository\com\fasterxml\classmate\1.3.4\classmate-1.3.4.jar;E:\nginx-1.14\maven_config\repository\org\slf4j\slf4j-api\1.7.25\slf4j-api-1.7.25.jar;E:\nginx-1.14\maven_config\repository\org\springframework\plugin\spring-plugin-core\1.2.0.RELEASE\spring-plugin-core-1.2.0.RELEASE.jar;E:\nginx-1.14\maven_config\repository\org\springframework\plugin\spring-plugin-metadata\1.2.0.RELEASE\spring-plugin-metadata-1.2.0.RELEASE.jar;E:\nginx-1.14\maven_config\repository\org\mapstruct\mapstruct\1.1.0.Final\mapstruct-1.1.0.Final.jar;E:\nginx-1.14\maven_config\repository\io\springfox\springfox-swagger-ui\2.7.0\springfox-swagger-ui-2.7.0.jar;E:\nginx-1.14\maven_config\repository\com\alibaba\fastjson\1.2.30\fastjson-1.2.30.jar;E:\nginx-1.14\maven_config\repository\commons-io\commons-io\2.6\commons-io-2.6.jar;E:\nginx-1.14\maven_config\repository\org\apache\commons\commons-lang3\3.6\commons-lang3-3.6.jar;E:\nginx-1.14\hdservicecode\hdservicecode\nm-framework-model\target\nm-framework-model.jar;E:\nginx-1.14\maven_config\repository\org\projectlombok\lombok\1.16.16\lombok-1.16.16.jar;E:\nginx-1.14\maven_config\repository\org\springframework\data\spring-data-commons\2.0.6.RELEASE\spring-data-commons-2.0.6.RELEASE.jar;E:\nginx-1.14\maven_config\repository\org\springframework\spring-beans\5.0.5.RELEASE\spring-beans-5.0.5.RELEASE.jar;E:\nginx-1.14\maven_config\repository\org\springframework\data\spring-data-mongodb\2.0.6.RELEASE\spring-data-mongodb-2.0.6.RELEASE.jar;E:\nginx-1.14\maven_config\repository\org\springframework\spring-tx\5.0.5.RELEASE\spring-tx-5.0.5.RELEASE.jar;E:\nginx-1.14\maven_config\repository\org\springframework\spring-context\5.0.5.RELEASE\spring-context-5.0.5.RELEASE.jar;E:\nginx-1.14\maven_config\repository\org\springframework\spring-expression\5.0.5.RELEASE\spring-expression-5.0.5.RELEASE.jar;E:\nginx-1.14\maven_config\repository\org\mongodb\mongo-java-driver\3.6.3\mongo-java-driver-3.6.3.jar;E:\nginx-1.14\maven_config\repository\org\hibernate\hibernate-core\5.2.16.Final\hibernate-core-5.2.16.Final.jar;E:\nginx-1.14\maven_config\repository\org\jboss\logging\jboss-logging\3.3.2.Final\jboss-logging-3.3.2.Final.jar;E:\nginx-1.14\maven_config\repository\org\hibernate\javax\persistence\hibernate-jpa-2.1-api\1.0.0.Final\hibernate-jpa-2.1-api-1.0.0.Final.jar;E:\nginx-1.14\maven_config\repository\org\javassist\javassist\3.22.0-GA\javassist-3.22.0-GA.jar;E:\nginx-1.14\maven_config\repository\antlr\antlr\2.7.7\antlr-2.7.7.jar;E:\nginx-1.14\maven_config\repository\org\jboss\spec\javax\transaction\jboss-transaction-api_1.2_spec\1.0.1.Final\jboss-transaction-api_1.2_spec-1.0.1.Final.jar;E:\nginx-1.14\maven_config\repository\org\jboss\jandex\2.0.3.Final\jandex-2.0.3.Final.jar;E:\nginx-1.14\maven_config\repository\dom4j\dom4j\1.6.1\dom4j-1.6.1.jar;E:\nginx-1.14\maven_config\repository\org\hibernate\common\hibernate-commons-annotations\5.0.1.Final\hibernate-commons-annotations-5.0.1.Final.jar;E:\nginx-1.14\maven_config\repository\com\google\guava\guava\24.0-jre\guava-24.0-jre.jar;E:\nginx-1.14\maven_config\repository\com\google\code\findbugs\jsr305\1.3.9\jsr305-1.3.9.jar;E:\nginx-1.14\maven_config\repository\org\checkerframework\checker-compat-qual\2.0.0\checker-compat-qual-2.0.0.jar;E:\nginx-1.14\maven_config\repository\com\google\errorprone\error_prone_annotations\2.1.3\error_prone_annotations-2.1.3.jar;E:\nginx-1.14\maven_config\repository\com\google\j2objc\j2objc-annotations\1.1\j2objc-annotations-1.1.jar;E:\nginx-1.14\maven_config\repository\org\codehaus\mojo\animal-sniffer-annotations\1.14\animal-sniffer-annotations-1.14.jar;E:\nginx-1.14\hdservicecode\hdservicecode\nm-framework-utils\target\nm-framework-utils.jar;E:\nginx-1.14\maven_config\repository\javax\servlet\javax.servlet-api\3.1.0\javax.servlet-api-3.1.0.jar;E:\nginx-1.14\maven_config\repository\org\springframework\boot\spring-boot-starter-logging\2.0.1.RELEASE\spring-boot-starter-logging-2.0.1.RELEASE.jar;E:\nginx-1.14\maven_config\repository\ch\qos\logback\logback-classic\1.2.3\logback-classic-1.2.3.jar;E:\nginx-1.14\maven_config\repository\ch\qos\logback\logback-core\1.2.3\logback-core-1.2.3.jar;E:\nginx-1.14\maven_config\repository\org\apache\logging\log4j\log4j-to-slf4j\2.10.0\log4j-to-slf4j-2.10.0.jar;E:\nginx-1.14\maven_config\repository\org\apache\logging\log4j\log4j-api\2.10.0\log4j-api-2.10.0.jar;E:\nginx-1.14\maven_config\repository\org\slf4j\jul-to-slf4j\1.7.25\jul-to-slf4j-1.7.25.jar;E:\nginx-1.14\maven_config\repository\org\apache\httpcomponents\httpclient\4.5.5\httpclient-4.5.5.jar;E:\nginx-1.14\maven_config\repository\org\apache\httpcomponents\httpcore\4.4.9\httpcore-4.4.9.jar;E:\nginx-1.14\maven_config\repository\commons-codec\commons-codec\1.10\commons-codec-1.10.jar;E:\nginx-1.14\maven_config\repository\net\lingala\zip4j\zip4j\1.3.1\zip4j-1.3.1.jar;E:\nginx-1.14\maven_config\repository\org\springframework\security\spring-security-crypto\5.0.4.RELEASE\spring-security-crypto-5.0.4.RELEASE.jar;E:\nginx-1.14\maven_config\repository\org\springframework\security\spring-security-jwt\1.0.8.RELEASE\spring-security-jwt-1.0.8.RELEASE.jar;E:\nginx-1.14\maven_config\repository\org\bouncycastle\bcpkix-jdk15on\1.56\bcpkix-jdk15on-1.56.jar;E:\nginx-1.14\maven_config\repository\org\bouncycastle\bcprov-jdk15on\1.56\bcprov-jdk15on-1.56.jar;E:\nginx-1.14\hdservicecode\hdservicecode\nm-framework-common\target\nm-framework-common.jar;E:\nginx-1.14\maven_config\repository\org\springframework\spring-web\5.0.5.RELEASE\spring-web-5.0.5.RELEASE.jar;E:\nginx-1.14\maven_config\repository\org\springframework\cloud\spring-cloud-starter-openfeign\2.0.1.RELEASE\spring-cloud-starter-openfeign-2.0.1.RELEASE.jar;E:\nginx-1.14\maven_config\repository\org\springframework\cloud\spring-cloud-starter\2.0.1.RELEASE\spring-cloud-starter-2.0.1.RELEASE.jar;E:\nginx-1.14\maven_config\repository\org\springframework\cloud\spring-cloud-context\2.0.1.RELEASE\spring-cloud-context-2.0.1.RELEASE.jar;E:\nginx-1.14\maven_config\repository\org\springframework\security\spring-security-rsa\1.0.5.RELEASE\spring-security-rsa-1.0.5.RELEASE.jar;E:\nginx-1.14\maven_config\repository\org\springframework\cloud\spring-cloud-openfeign-core\2.0.1.RELEASE\spring-cloud-openfeign-core-2.0.1.RELEASE.jar;E:\nginx-1.14\maven_config\repository\org\springframework\cloud\spring-cloud-netflix-ribbon\2.0.1.RELEASE\spring-cloud-netflix-ribbon-2.0.1.RELEASE.jar;E:\nginx-1.14\maven_config\repository\org\springframework\cloud\spring-cloud-netflix-archaius\2.0.1.RELEASE\spring-cloud-netflix-archaius-2.0.1.RELEASE.jar;E:\nginx-1.14\maven_config\repository\org\springframework\boot\spring-boot-starter-aop\2.0.1.RELEASE\spring-boot-starter-aop-2.0.1.RELEASE.jar;E:\nginx-1.14\maven_config\repository\org\aspectj\aspectjweaver\1.8.13\aspectjweaver-1.8.13.jar;E:\nginx-1.14\maven_config\repository\org\springframework\cloud\spring-cloud-commons\2.0.1.RELEASE\spring-cloud-commons-2.0.1.RELEASE.jar;E:\nginx-1.14\maven_config\repository\io\github\openfeign\feign-core\9.5.1\feign-core-9.5.1.jar;E:\nginx-1.14\maven_config\repository\io\github\openfeign\feign-slf4j\9.5.1\feign-slf4j-9.5.1.jar;E:\nginx-1.14\maven_config\repository\io\github\openfeign\feign-hystrix\9.5.1\feign-hystrix-9.5.1.jar;E:\nginx-1.14\maven_config\repository\com\netflix\archaius\archaius-core\0.7.6\archaius-core-0.7.6.jar;E:\nginx-1.14\maven_config\repository\commons-configuration\commons-configuration\1.8\commons-configuration-1.8.jar;E:\nginx-1.14\maven_config\repository\commons-lang\commons-lang\2.6\commons-lang-2.6.jar;E:\nginx-1.14\maven_config\repository\com\netflix\hystrix\hystrix-core\1.5.12\hystrix-core-1.5.12.jar;E:\nginx-1.14\maven_config\repository\io\reactivex\rxjava\1.3.8\rxjava-1.3.8.jar;E:\nginx-1.14\maven_config\repository\org\hdrhistogram\HdrHistogram\2.1.9\HdrHistogram-2.1.9.jar;E:\nginx-1.14\maven_config\repository\io\github\openfeign\feign-java8\9.5.1\feign-java8-9.5.1.jar;E:\nginx-1.14\maven_config\repository\org\springframework\boot\spring-boot-starter-web\2.0.1.RELEASE\spring-boot-starter-web-2.0.1.RELEASE.jar;E:\nginx-1.14\maven_config\repository\org\springframework\boot\spring-boot-starter\2.0.1.RELEASE\spring-boot-starter-2.0.1.RELEASE.jar;E:\nginx-1.14\maven_config\repository\org\springframework\boot\spring-boot\2.0.1.RELEASE\spring-boot-2.0.1.RELEASE.jar;E:\nginx-1.14\maven_config\repository\org\springframework\boot\spring-boot-autoconfigure\2.0.1.RELEASE\spring-boot-autoconfigure-2.0.1.RELEASE.jar;E:\nginx-1.14\maven_config\repository\javax\annotation\javax.annotation-api\1.3.2\javax.annotation-api-1.3.2.jar;E:\nginx-1.14\maven_config\repository\org\yaml\snakeyaml\1.19\snakeyaml-1.19.jar;E:\nginx-1.14\maven_config\repository\org\springframework\boot\spring-boot-starter-json\2.0.1.RELEASE\spring-boot-starter-json-2.0.1.RELEASE.jar;E:\nginx-1.14\maven_config\repository\com\fasterxml\jackson\core\jackson-databind\2.9.5\jackson-databind-2.9.5.jar;E:\nginx-1.14\maven_config\repository\com\fasterxml\jackson\core\jackson-core\2.9.5\jackson-core-2.9.5.jar;E:\nginx-1.14\maven_config\repository\com\fasterxml\jackson\datatype\jackson-datatype-jdk8\2.9.5\jackson-datatype-jdk8-2.9.5.jar;E:\nginx-1.14\maven_config\repository\com\fasterxml\jackson\datatype\jackson-datatype-jsr310\2.9.5\jackson-datatype-jsr310-2.9.5.jar;E:\nginx-1.14\maven_config\repository\com\fasterxml\jackson\module\jackson-module-parameter-names\2.9.5\jackson-module-parameter-names-2.9.5.jar;E:\nginx-1.14\maven_config\repository\org\springframework\boot\spring-boot-starter-tomcat\2.0.1.RELEASE\spring-boot-starter-tomcat-2.0.1.RELEASE.jar;E:\nginx-1.14\maven_config\repository\org\apache\tomcat\embed\tomcat-embed-core\8.5.28\tomcat-embed-core-8.5.28.jar;E:\nginx-1.14\maven_config\repository\org\apache\tomcat\embed\tomcat-embed-el\8.5.28\tomcat-embed-el-8.5.28.jar;E:\nginx-1.14\maven_config\repository\org\apache\tomcat\embed\tomcat-embed-websocket\8.5.28\tomcat-embed-websocket-8.5.28.jar;E:\nginx-1.14\maven_config\repository\org\hibernate\validator\hibernate-validator\6.0.9.Final\hibernate-validator-6.0.9.Final.jar;E:\nginx-1.14\maven_config\repository\javax\validation\validation-api\2.0.1.Final\validation-api-2.0.1.Final.jar;E:\nginx-1.14\maven_config\repository\org\springframework\spring-webmvc\5.0.5.RELEASE\spring-webmvc-5.0.5.RELEASE.jar;E:\nginx-1.14\maven_config\repository\org\springframework\spring-aop\5.0.5.RELEASE\spring-aop-5.0.5.RELEASE.jar;E:\nginx-1.14\maven_config\repository\org\springframework\boot\spring-boot-starter-freemarker\2.0.1.RELEASE\spring-boot-starter-freemarker-2.0.1.RELEASE.jar;E:\nginx-1.14\maven_config\repository\org\freemarker\freemarker\2.3.28\freemarker-2.3.28.jar;E:\nginx-1.14\maven_config\repository\org\springframework\spring-context-support\5.0.5.RELEASE\spring-context-support-5.0.5.RELEASE.jar;E:\nginx-1.14\maven_config\repository\org\springframework\boot\spring-boot-starter-data-mongodb\2.0.1.RELEASE\spring-boot-starter-data-mongodb-2.0.1.RELEASE.jar;E:\nginx-1.14\maven_config\repository\org\mongodb\mongodb-driver\3.6.3\mongodb-driver-3.6.3.jar;E:\nginx-1.14\maven_config\repository\org\mongodb\bson\3.6.3\bson-3.6.3.jar;E:\nginx-1.14\maven_config\repository\org\mongodb\mongodb-driver-core\3.6.3\mongodb-driver-core-3.6.3.jar;E:\nginx-1.14\maven_config\repository\org\springframework\boot\spring-boot-starter-amqp\2.0.1.RELEASE\spring-boot-starter-amqp-2.0.1.RELEASE.jar;E:\nginx-1.14\maven_config\repository\org\springframework\spring-messaging\5.0.5.RELEASE\spring-messaging-5.0.5.RELEASE.jar;E:\nginx-1.14\maven_config\repository\org\springframework\amqp\spring-rabbit\2.0.3.RELEASE\spring-rabbit-2.0.3.RELEASE.jar;E:\nginx-1.14\maven_config\repository\org\springframework\amqp\spring-amqp\2.0.3.RELEASE\spring-amqp-2.0.3.RELEASE.jar;E:\nginx-1.14\maven_config\repository\com\rabbitmq\amqp-client\5.1.2\amqp-client-5.1.2.jar;E:\nginx-1.14\maven_config\repository\com\rabbitmq\http-client\2.0.1.RELEASE\http-client-2.0.1.RELEASE.jar;E:\nginx-1.14\maven_config\repository\org\springframework\spring-webflux\5.0.5.RELEASE\spring-webflux-5.0.5.RELEASE.jar;E:\nginx-1.14\maven_config\repository\io\projectreactor\reactor-core\3.1.6.RELEASE\reactor-core-3.1.6.RELEASE.jar;E:\nginx-1.14\maven_config\repository\org\reactivestreams\reactive-streams\1.0.2\reactive-streams-1.0.2.jar;E:\nginx-1.14\maven_config\repository\io\projectreactor\ipc\reactor-netty\0.7.6.RELEASE\reactor-netty-0.7.6.RELEASE.jar;E:\nginx-1.14\maven_config\repository\io\netty\netty-codec-http\4.1.23.Final\netty-codec-http-4.1.23.Final.jar;E:\nginx-1.14\maven_config\repository\io\netty\netty-codec\4.1.23.Final\netty-codec-4.1.23.Final.jar;E:\nginx-1.14\maven_config\repository\io\netty\netty-handler\4.1.23.Final\netty-handler-4.1.23.Final.jar;E:\nginx-1.14\maven_config\repository\io\netty\netty-buffer\4.1.23.Final\netty-buffer-4.1.23.Final.jar;E:\nginx-1.14\maven_config\repository\io\netty\netty-transport\4.1.23.Final\netty-transport-4.1.23.Final.jar;E:\nginx-1.14\maven_config\repository\io\netty\netty-resolver\4.1.23.Final\netty-resolver-4.1.23.Final.jar;E:\nginx-1.14\maven_config\repository\io\netty\netty-handler-proxy\4.1.23.Final\netty-handler-proxy-4.1.23.Final.jar;E:\nginx-1.14\maven_config\repository\io\netty\netty-codec-socks\4.1.23.Final\netty-codec-socks-4.1.23.Final.jar;E:\nginx-1.14\maven_config\repository\io\netty\netty-transport-native-epoll\4.1.23.Final\netty-transport-native-epoll-4.1.23.Final.jar;E:\nginx-1.14\maven_config\repository\io\netty\netty-common\4.1.23.Final\netty-common-4.1.23.Final.jar;E:\nginx-1.14\maven_config\repository\io\netty\netty-transport-native-unix-common\4.1.23.Final\netty-transport-native-unix-common-4.1.23.Final.jar;E:\nginx-1.14\maven_config\repository\org\springframework\retry\spring-retry\1.2.2.RELEASE\spring-retry-1.2.2.RELEASE.jar;E:\nginx-1.14\maven_config\repository\com\squareup\okhttp3\okhttp\3.9.1\okhttp-3.9.1.jar;E:\nginx-1.14\maven_config\repository\com\squareup\okio\okio\1.13.0\okio-1.13.0.jar;E:\nginx-1.14\maven_config\repository\org\springframework\boot\spring-boot-starter-test\2.0.1.RELEASE\spring-boot-starter-test-2.0.1.RELEASE.jar;E:\nginx-1.14\maven_config\repository\org\springframework\boot\spring-boot-test\2.0.1.RELEASE\spring-boot-test-2.0.1.RELEASE.jar;E:\nginx-1.14\maven_config\repository\org\springframework\boot\spring-boot-test-autoconfigure\2.0.1.RELEASE\spring-boot-test-autoconfigure-2.0.1.RELEASE.jar;E:\nginx-1.14\maven_config\repository\com\jayway\jsonpath\json-path\2.4.0\json-path-2.4.0.jar;E:\nginx-1.14\maven_config\repository\net\minidev\json-smart\2.3\json-smart-2.3.jar;E:\nginx-1.14\maven_config\repository\net\minidev\accessors-smart\1.2\accessors-smart-1.2.jar;E:\nginx-1.14\maven_config\repository\org\ow2\asm\asm\5.0.4\asm-5.0.4.jar;E:\nginx-1.14\maven_config\repository\junit\junit\4.12\junit-4.12.jar;E:\nginx-1.14\maven_config\repository\org\assertj\assertj-core\3.9.1\assertj-core-3.9.1.jar;E:\nginx-1.14\maven_config\repository\org\mockito\mockito-core\2.15.0\mockito-core-2.15.0.jar;E:\nginx-1.14\maven_config\repository\net\bytebuddy\byte-buddy\1.7.11\byte-buddy-1.7.11.jar;E:\nginx-1.14\maven_config\repository\net\bytebuddy\byte-buddy-agent\1.7.11\byte-buddy-agent-1.7.11.jar;E:\nginx-1.14\maven_config\repository\org\objenesis\objenesis\2.6\objenesis-2.6.jar;E:\nginx-1.14\maven_config\repository\org\hamcrest\hamcrest-core\1.3\hamcrest-core-1.3.jar;E:\nginx-1.14\maven_config\repository\org\hamcrest\hamcrest-library\1.3\hamcrest-library-1.3.jar;E:\nginx-1.14\maven_config\repository\org\skyscreamer\jsonassert\1.5.0\jsonassert-1.5.0.jar;E:\nginx-1.14\maven_config\repository\com\vaadin\external\google\android-json\0.0.20131108.vaadin1\android-json-0.0.20131108.vaadin1.jar;E:\nginx-1.14\maven_config\repository\org\springframework\spring-core\5.0.5.RELEASE\spring-core-5.0.5.RELEASE.jar;E:\nginx-1.14\maven_config\repository\org\springframework\spring-jcl\5.0.5.RELEASE\spring-jcl-5.0.5.RELEASE.jar;E:\nginx-1.14\maven_config\repository\org\springframework\spring-test\5.0.5.RELEASE\spring-test-5.0.5.RELEASE.jar;E:\nginx-1.14\maven_config\repository\org\xmlunit\xmlunit-core\2.5.1\xmlunit-core-2.5.1.jar;, java.specification.name=Java Platform API Specification, java.class.version=52.0, sun.management.compiler=HotSpot 64-Bit Tiered Compilers, maven.repo.local=E:\nginx-1.14\maven_config\repository, os.version=10.0, user.home=C:\Users\ASUS, user.timezone=Asia/Shanghai, java.awt.printerjob=sun.awt.windows.WPrinterJob, file.encoding=GBK, java.specification.version=1.8, java.class.path=E:\nginx-1.14\hdservicecode\hdservicecode\nm-service-manage-cms\target\test-classes;E:\nginx-1.14\hdservicecode\hdservicecode\nm-service-manage-cms\target\classes;E:\nginx-1.14\hdservicecode\hdservicecode\nm-service-api\target\nm-service-api.jar;E:\nginx-1.14\maven_config\repository\commons-fileupload\commons-fileupload\1.3.3\commons-fileupload-1.3.3.jar;E:\nginx-1.14\maven_config\repository\io\springfox\springfox-swagger2\2.7.0\springfox-swagger2-2.7.0.jar;E:\nginx-1.14\maven_config\repository\io\swagger\swagger-annotations\1.5.13\swagger-annotations-1.5.13.jar;E:\nginx-1.14\maven_config\repository\io\swagger\swagger-models\1.5.13\swagger-models-1.5.13.jar;E:\nginx-1.14\maven_config\repository\com\fasterxml\jackson\core\jackson-annotations\2.9.0\jackson-annotations-2.9.0.jar;E:\nginx-1.14\maven_config\repository\io\springfox\springfox-spi\2.7.0\springfox-spi-2.7.0.jar;E:\nginx-1.14\maven_config\repository\io\springfox\springfox-core\2.7.0\springfox-core-2.7.0.jar;E:\nginx-1.14\maven_config\repository\io\springfox\springfox-schema\2.7.0\springfox-schema-2.7.0.jar;E:\nginx-1.14\maven_config\repository\io\springfox\springfox-swagger-common\2.7.0\springfox-swagger-common-2.7.0.jar;E:\nginx-1.14\maven_config\repository\io\springfox\springfox-spring-web\2.7.0\springfox-spring-web-2.7.0.jar;E:\nginx-1.14\maven_config\repository\org\reflections\reflections\0.9.11\reflections-0.9.11.jar;E:\nginx-1.14\maven_config\repository\com\fasterxml\classmate\1.3.4\classmate-1.3.4.jar;E:\nginx-1.14\maven_config\repository\org\slf4j\slf4j-api\1.7.25\slf4j-api-1.7.25.jar;E:\nginx-1.14\maven_config\repository\org\springframework\plugin\spring-plugin-core\1.2.0.RELEASE\spring-plugin-core-1.2.0.RELEASE.jar;E:\nginx-1.14\maven_config\repository\org\springframework\plugin\spring-plugin-metadata\1.2.0.RELEASE\spring-plugin-metadata-1.2.0.RELEASE.jar;E:\nginx-1.14\maven_config\repository\org\mapstruct\mapstruct\1.1.0.Final\mapstruct-1.1.0.Final.jar;E:\nginx-1.14\maven_config\repository\io\springfox\springfox-swagger-ui\2.7.0\springfox-swagger-ui-2.7.0.jar;E:\nginx-1.14\maven_config\repository\com\alibaba\fastjson\1.2.30\fastjson-1.2.30.jar;E:\nginx-1.14\maven_config\repository\commons-io\commons-io\2.6\commons-io-2.6.jar;E:\nginx-1.14\maven_config\repository\org\apache\commons\commons-lang3\3.6\commons-lang3-3.6.jar;E:\nginx-1.14\hdservicecode\hdservicecode\nm-framework-model\target\nm-framework-model.jar;E:\nginx-1.14\maven_config\repository\org\projectlombok\lombok\1.16.16\lombok-1.16.16.jar;E:\nginx-1.14\maven_config\repository\org\springframework\data\spring-data-commons\2.0.6.RELEASE\spring-data-commons-2.0.6.RELEASE.jar;E:\nginx-1.14\maven_config\repository\org\springframework\spring-beans\5.0.5.RELEASE\spring-beans-5.0.5.RELEASE.jar;E:\nginx-1.14\maven_config\repository\org\springframework\data\spring-data-mongodb\2.0.6.RELEASE\spring-data-mongodb-2.0.6.RELEASE.jar;E:\nginx-1.14\maven_config\repository\org\springframework\spring-tx\5.0.5.RELEASE\spring-tx-5.0.5.RELEASE.jar;E:\nginx-1.14\maven_config\repository\org\springframework\spring-context\5.0.5.RELEASE\spring-context-5.0.5.RELEASE.jar;E:\nginx-1.14\maven_config\repository\org\springframework\spring-expression\5.0.5.RELEASE\spring-expression-5.0.5.RELEASE.jar;E:\nginx-1.14\maven_config\repository\org\mongodb\mongo-java-driver\3.6.3\mongo-java-driver-3.6.3.jar;E:\nginx-1.14\maven_config\repository\org\hibernate\hibernate-core\5.2.16.Final\hibernate-core-5.2.16.Final.jar;E:\nginx-1.14\maven_config\repository\org\jboss\logging\jboss-logging\3.3.2.Final\jboss-logging-3.3.2.Final.jar;E:\nginx-1.14\maven_config\repository\org\hibernate\javax\persistence\hibernate-jpa-2.1-api\1.0.0.Final\hibernate-jpa-2.1-api-1.0.0.Final.jar;E:\nginx-1.14\maven_config\repository\org\javassist\javassist\3.22.0-GA\javassist-3.22.0-GA.jar;E:\nginx-1.14\maven_config\repository\antlr\antlr\2.7.7\antlr-2.7.7.jar;E:\nginx-1.14\maven_config\repository\org\jboss\spec\javax\transaction\jboss-transaction-api_1.2_spec\1.0.1.Final\jboss-transaction-api_1.2_spec-1.0.1.Final.jar;E:\nginx-1.14\maven_config\repository\org\jboss\jandex\2.0.3.Final\jandex-2.0.3.Final.jar;E:\nginx-1.14\maven_config\repository\dom4j\dom4j\1.6.1\dom4j-1.6.1.jar;E:\nginx-1.14\maven_config\repository\org\hibernate\common\hibernate-commons-annotations\5.0.1.Final\hibernate-commons-annotations-5.0.1.Final.jar;E:\nginx-1.14\maven_config\repository\com\google\guava\guava\24.0-jre\guava-24.0-jre.jar;E:\nginx-1.14\maven_config\repository\com\google\code\findbugs\jsr305\1.3.9\jsr305-1.3.9.jar;E:\nginx-1.14\maven_config\repository\org\checkerframework\checker-compat-qual\2.0.0\checker-compat-qual-2.0.0.jar;E:\nginx-1.14\maven_config\repository\com\google\errorprone\error_prone_annotations\2.1.3\error_prone_annotations-2.1.3.jar;E:\nginx-1.14\maven_config\repository\com\google\j2objc\j2objc-annotations\1.1\j2objc-annotations-1.1.jar;E:\nginx-1.14\maven_config\repository\org\codehaus\mojo\animal-sniffer-annotations\1.14\animal-sniffer-annotations-1.14.jar;E:\nginx-1.14\hdservicecode\hdservicecode\nm-framework-utils\target\nm-framework-utils.jar;E:\nginx-1.14\maven_config\repository\javax\servlet\javax.servlet-api\3.1.0\javax.servlet-api-3.1.0.jar;E:\nginx-1.14\maven_config\repository\org\springframework\boot\spring-boot-starter-logging\2.0.1.RELEASE\spring-boot-starter-logging-2.0.1.RELEASE.jar;E:\nginx-1.14\maven_config\repository\ch\qos\logback\logback-classic\1.2.3\logback-classic-1.2.3.jar;E:\nginx-1.14\maven_config\repository\ch\qos\logback\logback-core\1.2.3\logback-core-1.2.3.jar;E:\nginx-1.14\maven_config\repository\org\apache\logging\log4j\log4j-to-slf4j\2.10.0\log4j-to-slf4j-2.10.0.jar;E:\nginx-1.14\maven_config\repository\org\apache\logging\log4j\log4j-api\2.10.0\log4j-api-2.10.0.jar;E:\nginx-1.14\maven_config\repository\org\slf4j\jul-to-slf4j\1.7.25\jul-to-slf4j-1.7.25.jar;E:\nginx-1.14\maven_config\repository\org\apache\httpcomponents\httpclient\4.5.5\httpclient-4.5.5.jar;E:\nginx-1.14\maven_config\repository\org\apache\httpcomponents\httpcore\4.4.9\httpcore-4.4.9.jar;E:\nginx-1.14\maven_config\repository\commons-codec\commons-codec\1.10\commons-codec-1.10.jar;E:\nginx-1.14\maven_config\repository\net\lingala\zip4j\zip4j\1.3.1\zip4j-1.3.1.jar;E:\nginx-1.14\maven_config\repository\org\springframework\security\spring-security-crypto\5.0.4.RELEASE\spring-security-crypto-5.0.4.RELEASE.jar;E:\nginx-1.14\maven_config\repository\org\springframework\security\spring-security-jwt\1.0.8.RELEASE\spring-security-jwt-1.0.8.RELEASE.jar;E:\nginx-1.14\maven_config\repository\org\bouncycastle\bcpkix-jdk15on\1.56\bcpkix-jdk15on-1.56.jar;E:\nginx-1.14\maven_config\repository\org\bouncycastle\bcprov-jdk15on\1.56\bcprov-jdk15on-1.56.jar;E:\nginx-1.14\hdservicecode\hdservicecode\nm-framework-common\target\nm-framework-common.jar;E:\nginx-1.14\maven_config\repository\org\springframework\spring-web\5.0.5.RELEASE\spring-web-5.0.5.RELEASE.jar;E:\nginx-1.14\maven_config\repository\org\springframework\cloud\spring-cloud-starter-openfeign\2.0.1.RELEASE\spring-cloud-starter-openfeign-2.0.1.RELEASE.jar;E:\nginx-1.14\maven_config\repository\org\springframework\cloud\spring-cloud-starter\2.0.1.RELEASE\spring-cloud-starter-2.0.1.RELEASE.jar;E:\nginx-1.14\maven_config\repository\org\springframework\cloud\spring-cloud-context\2.0.1.RELEASE\spring-cloud-context-2.0.1.RELEASE.jar;E:\nginx-1.14\maven_config\repository\org\springframework\security\spring-security-rsa\1.0.5.RELEASE\spring-security-rsa-1.0.5.RELEASE.jar;E:\nginx-1.14\maven_config\repository\org\springframework\cloud\spring-cloud-openfeign-core\2.0.1.RELEASE\spring-cloud-openfeign-core-2.0.1.RELEASE.jar;E:\nginx-1.14\maven_config\repository\org\springframework\cloud\spring-cloud-netflix-ribbon\2.0.1.RELEASE\spring-cloud-netflix-ribbon-2.0.1.RELEASE.jar;E:\nginx-1.14\maven_config\repository\org\springframework\cloud\spring-cloud-netflix-archaius\2.0.1.RELEASE\spring-cloud-netflix-archaius-2.0.1.RELEASE.jar;E:\nginx-1.14\maven_config\repository\org\springframework\boot\spring-boot-starter-aop\2.0.1.RELEASE\spring-boot-starter-aop-2.0.1.RELEASE.jar;E:\nginx-1.14\maven_config\repository\org\aspectj\aspectjweaver\1.8.13\aspectjweaver-1.8.13.jar;E:\nginx-1.14\maven_config\repository\org\springframework\cloud\spring-cloud-commons\2.0.1.RELEASE\spring-cloud-commons-2.0.1.RELEASE.jar;E:\nginx-1.14\maven_config\repository\io\github\openfeign\feign-core\9.5.1\feign-core-9.5.1.jar;E:\nginx-1.14\maven_config\repository\io\github\openfeign\feign-slf4j\9.5.1\feign-slf4j-9.5.1.jar;E:\nginx-1.14\maven_config\repository\io\github\openfeign\feign-hystrix\9.5.1\feign-hystrix-9.5.1.jar;E:\nginx-1.14\maven_config\repository\com\netflix\archaius\archaius-core\0.7.6\archaius-core-0.7.6.jar;E:\nginx-1.14\maven_config\repository\commons-configuration\commons-configuration\1.8\commons-configuration-1.8.jar;E:\nginx-1.14\maven_config\repository\commons-lang\commons-lang\2.6\commons-lang-2.6.jar;E:\nginx-1.14\maven_config\repository\com\netflix\hystrix\hystrix-core\1.5.12\hystrix-core-1.5.12.jar;E:\nginx-1.14\maven_config\repository\io\reactivex\rxjava\1.3.8\rxjava-1.3.8.jar;E:\nginx-1.14\maven_config\repository\org\hdrhistogram\HdrHistogram\2.1.9\HdrHistogram-2.1.9.jar;E:\nginx-1.14\maven_config\repository\io\github\openfeign\feign-java8\9.5.1\feign-java8-9.5.1.jar;E:\nginx-1.14\maven_config\repository\org\springframework\boot\spring-boot-starter-web\2.0.1.RELEASE\spring-boot-starter-web-2.0.1.RELEASE.jar;E:\nginx-1.14\maven_config\repository\org\springframework\boot\spring-boot-starter\2.0.1.RELEASE\spring-boot-starter-2.0.1.RELEASE.jar;E:\nginx-1.14\maven_config\repository\org\springframework\boot\spring-boot\2.0.1.RELEASE\spring-boot-2.0.1.RELEASE.jar;E:\nginx-1.14\maven_config\repository\org\springframework\boot\spring-boot-autoconfigure\2.0.1.RELEASE\spring-boot-autoconfigure-2.0.1.RELEASE.jar;E:\nginx-1.14\maven_config\repository\javax\annotation\javax.annotation-api\1.3.2\javax.annotation-api-1.3.2.jar;E:\nginx-1.14\maven_config\repository\org\yaml\snakeyaml\1.19\snakeyaml-1.19.jar;E:\nginx-1.14\maven_config\repository\org\springframework\boot\spring-boot-starter-json\2.0.1.RELEASE\spring-boot-starter-json-2.0.1.RELEASE.jar;E:\nginx-1.14\maven_config\repository\com\fasterxml\jackson\core\jackson-databind\2.9.5\jackson-databind-2.9.5.jar;E:\nginx-1.14\maven_config\repository\com\fasterxml\jackson\core\jackson-core\2.9.5\jackson-core-2.9.5.jar;E:\nginx-1.14\maven_config\repository\com\fasterxml\jackson\datatype\jackson-datatype-jdk8\2.9.5\jackson-datatype-jdk8-2.9.5.jar;E:\nginx-1.14\maven_config\repository\com\fasterxml\jackson\datatype\jackson-datatype-jsr310\2.9.5\jackson-datatype-jsr310-2.9.5.jar;E:\nginx-1.14\maven_config\repository\com\fasterxml\jackson\module\jackson-module-parameter-names\2.9.5\jackson-module-parameter-names-2.9.5.jar;E:\nginx-1.14\maven_config\repository\org\springframework\boot\spring-boot-starter-tomcat\2.0.1.RELEASE\spring-boot-starter-tomcat-2.0.1.RELEASE.jar;E:\nginx-1.14\maven_config\repository\org\apache\tomcat\embed\tomcat-embed-core\8.5.28\tomcat-embed-core-8.5.28.jar;E:\nginx-1.14\maven_config\repository\org\apache\tomcat\embed\tomcat-embed-el\8.5.28\tomcat-embed-el-8.5.28.jar;E:\nginx-1.14\maven_config\repository\org\apache\tomcat\embed\tomcat-embed-websocket\8.5.28\tomcat-embed-websocket-8.5.28.jar;E:\nginx-1.14\maven_config\repository\org\hibernate\validator\hibernate-validator\6.0.9.Final\hibernate-validator-6.0.9.Final.jar;E:\nginx-1.14\maven_config\repository\javax\validation\validation-api\2.0.1.Final\validation-api-2.0.1.Final.jar;E:\nginx-1.14\maven_config\repository\org\springframework\spring-webmvc\5.0.5.RELEASE\spring-webmvc-5.0.5.RELEASE.jar;E:\nginx-1.14\maven_config\repository\org\springframework\spring-aop\5.0.5.RELEASE\spring-aop-5.0.5.RELEASE.jar;E:\nginx-1.14\maven_config\repository\org\springframework\boot\spring-boot-starter-freemarker\2.0.1.RELEASE\spring-boot-starter-freemarker-2.0.1.RELEASE.jar;E:\nginx-1.14\maven_config\repository\org\freemarker\freemarker\2.3.28\freemarker-2.3.28.jar;E:\nginx-1.14\maven_config\repository\org\springframework\spring-context-support\5.0.5.RELEASE\spring-context-support-5.0.5.RELEASE.jar;E:\nginx-1.14\maven_config\repository\org\springframework\boot\spring-boot-starter-data-mongodb\2.0.1.RELEASE\spring-boot-starter-data-mongodb-2.0.1.RELEASE.jar;E:\nginx-1.14\maven_config\repository\org\mongodb\mongodb-driver\3.6.3\mongodb-driver-3.6.3.jar;E:\nginx-1.14\maven_config\repository\org\mongodb\bson\3.6.3\bson-3.6.3.jar;E:\nginx-1.14\maven_config\repository\org\mongodb\mongodb-driver-core\3.6.3\mongodb-driver-core-3.6.3.jar;E:\nginx-1.14\maven_config\repository\org\springframework\boot\spring-boot-starter-amqp\2.0.1.RELEASE\spring-boot-starter-amqp-2.0.1.RELEASE.jar;E:\nginx-1.14\maven_config\repository\org\springframework\spring-messaging\5.0.5.RELEASE\spring-messaging-5.0.5.RELEASE.jar;E:\nginx-1.14\maven_config\repository\org\springframework\amqp\spring-rabbit\2.0.3.RELEASE\spring-rabbit-2.0.3.RELEASE.jar;E:\nginx-1.14\maven_config\repository\org\springframework\amqp\spring-amqp\2.0.3.RELEASE\spring-amqp-2.0.3.RELEASE.jar;E:\nginx-1.14\maven_config\repository\com\rabbitmq\amqp-client\5.1.2\amqp-client-5.1.2.jar;E:\nginx-1.14\maven_config\repository\com\rabbitmq\http-client\2.0.1.RELEASE\http-client-2.0.1.RELEASE.jar;E:\nginx-1.14\maven_config\repository\org\springframework\spring-webflux\5.0.5.RELEASE\spring-webflux-5.0.5.RELEASE.jar;E:\nginx-1.14\maven_config\repository\io\projectreactor\reactor-core\3.1.6.RELEASE\reactor-core-3.1.6.RELEASE.jar;E:\nginx-1.14\maven_config\repository\org\reactivestreams\reactive-streams\1.0.2\reactive-streams-1.0.2.jar;E:\nginx-1.14\maven_config\repository\io\projectreactor\ipc\reactor-netty\0.7.6.RELEASE\reactor-netty-0.7.6.RELEASE.jar;E:\nginx-1.14\maven_config\repository\io\netty\netty-codec-http\4.1.23.Final\netty-codec-http-4.1.23.Final.jar;E:\nginx-1.14\maven_config\repository\io\netty\netty-codec\4.1.23.Final\netty-codec-4.1.23.Final.jar;E:\nginx-1.14\maven_config\repository\io\netty\netty-handler\4.1.23.Final\netty-handler-4.1.23.Final.jar;E:\nginx-1.14\maven_config\repository\io\netty\netty-buffer\4.1.23.Final\netty-buffer-4.1.23.Final.jar;E:\nginx-1.14\maven_config\repository\io\netty\netty-transport\4.1.23.Final\netty-transport-4.1.23.Final.jar;E:\nginx-1.14\maven_config\repository\io\netty\netty-resolver\4.1.23.Final\netty-resolver-4.1.23.Final.jar;E:\nginx-1.14\maven_config\repository\io\netty\netty-handler-proxy\4.1.23.Final\netty-handler-proxy-4.1.23.Final.jar;E:\nginx-1.14\maven_config\repository\io\netty\netty-codec-socks\4.1.23.Final\netty-codec-socks-4.1.23.Final.jar;E:\nginx-1.14\maven_config\repository\io\netty\netty-transport-native-epoll\4.1.23.Final\netty-transport-native-epoll-4.1.23.Final.jar;E:\nginx-1.14\maven_config\repository\io\netty\netty-common\4.1.23.Final\netty-common-4.1.23.Final.jar;E:\nginx-1.14\maven_config\repository\io\netty\netty-transport-native-unix-common\4.1.23.Final\netty-transport-native-unix-common-4.1.23.Final.jar;E:\nginx-1.14\maven_config\repository\org\springframework\retry\spring-retry\1.2.2.RELEASE\spring-retry-1.2.2.RELEASE.jar;E:\nginx-1.14\maven_config\repository\com\squareup\okhttp3\okhttp\3.9.1\okhttp-3.9.1.jar;E:\nginx-1.14\maven_config\repository\com\squareup\okio\okio\1.13.0\okio-1.13.0.jar;E:\nginx-1.14\maven_config\repository\org\springframework\boot\spring-boot-starter-test\2.0.1.RELEASE\spring-boot-starter-test-2.0.1.RELEASE.jar;E:\nginx-1.14\maven_config\repository\org\springframework\boot\spring-boot-test\2.0.1.RELEASE\spring-boot-test-2.0.1.RELEASE.jar;E:\nginx-1.14\maven_config\repository\org\springframework\boot\spring-boot-test-autoconfigure\2.0.1.RELEASE\spring-boot-test-autoconfigure-2.0.1.RELEASE.jar;E:\nginx-1.14\maven_config\repository\com\jayway\jsonpath\json-path\2.4.0\json-path-2.4.0.jar;E:\nginx-1.14\maven_config\repository\net\minidev\json-smart\2.3\json-smart-2.3.jar;E:\nginx-1.14\maven_config\repository\net\minidev\accessors-smart\1.2\accessors-smart-1.2.jar;E:\nginx-1.14\maven_config\repository\org\ow2\asm\asm\5.0.4\asm-5.0.4.jar;E:\nginx-1.14\maven_config\repository\junit\junit\4.12\junit-4.12.jar;E:\nginx-1.14\maven_config\repository\org\assertj\assertj-core\3.9.1\assertj-core-3.9.1.jar;E:\nginx-1.14\maven_config\repository\org\mockito\mockito-core\2.15.0\mockito-core-2.15.0.jar;E:\nginx-1.14\maven_config\repository\net\bytebuddy\byte-buddy\1.7.11\byte-buddy-1.7.11.jar;E:\nginx-1.14\maven_config\repository\net\bytebuddy\byte-buddy-agent\1.7.11\byte-buddy-agent-1.7.11.jar;E:\nginx-1.14\maven_config\repository\org\objenesis\objenesis\2.6\objenesis-2.6.jar;E:\nginx-1.14\maven_config\repository\org\hamcrest\hamcrest-core\1.3\hamcrest-core-1.3.jar;E:\nginx-1.14\maven_config\repository\org\hamcrest\hamcrest-library\1.3\hamcrest-library-1.3.jar;E:\nginx-1.14\maven_config\repository\org\skyscreamer\jsonassert\1.5.0\jsonassert-1.5.0.jar;E:\nginx-1.14\maven_config\repository\com\vaadin\external\google\android-json\0.0.20131108.vaadin1\android-json-0.0.20131108.vaadin1.jar;E:\nginx-1.14\maven_config\repository\org\springframework\spring-core\5.0.5.RELEASE\spring-core-5.0.5.RELEASE.jar;E:\nginx-1.14\maven_config\repository\org\springframework\spring-jcl\5.0.5.RELEASE\spring-jcl-5.0.5.RELEASE.jar;E:\nginx-1.14\maven_config\repository\org\springframework\spring-test\5.0.5.RELEASE\spring-test-5.0.5.RELEASE.jar;E:\nginx-1.14\maven_config\repository\org\xmlunit\xmlunit-core\2.5.1\xmlunit-core-2.5.1.jar;, user.name=ASUS, java.vm.specification.version=1.8, sun.java.command=C:\Users\ASUS\AppData\Local\Temp\surefire5955030459622056228\surefirebooter1246613038385473175.jar C:\Users\ASUS\AppData\Local\Temp\surefire5955030459622056228 2020-02-17T10-07-28_549-jvmRun1 surefire48415901992034364tmp surefire_05710262141061068380tmp, java.home=C:\Program Files\Java\jdk1.8.0_91\jre, sun.arch.data.model=64, user.language=zh, java.specification.vendor=Oracle Corporation, awt.toolkit=sun.awt.windows.WToolkit, java.vm.info=mixed mode, java.version=1.8.0_91, java.ext.dirs=C:\Program Files\Java\jdk1.8.0_91\jre\lib\ext;C:\WINDOWS\Sun\Java\lib\ext, sun.boot.class.path=C:\Program Files\Java\jdk1.8.0_91\jre\lib\resources.jar;C:\Program Files\Java\jdk1.8.0_91\jre\lib\rt.jar;C:\Program Files\Java\jdk1.8.0_91\jre\lib\sunrsasign.jar;C:\Program Files\Java\jdk1.8.0_91\jre\lib\jsse.jar;C:\Program Files\Java\jdk1.8.0_91\jre\lib\jce.jar;C:\Program Files\Java\jdk1.8.0_91\jre\lib\charsets.jar;C:\Program Files\Java\jdk1.8.0_91\jre\lib\jfr.jar;C:\Program Files\Java\jdk1.8.0_91\jre\classes, java.vendor=Oracle Corporation, localRepository=E:\nginx-1.14\maven_config\repository, file.separator=\, java.vendor.url.bug=http://bugreport.sun.com/bugreport/, sun.io.unicode.encoding=UnicodeLittle, sun.cpu.endian=little, sun.desktop=windows, sun.cpu.isalist=amd64}}, SystemEnvironmentPropertySource@1436901839 {name='systemEnvironment', properties={PATH=F:\app\ASUS\product\11.2.0\dbhome_1\bin;E:\maven\bin;E:\maven\apache-maven-3.6.1\bin;C:\Program Files (x86)\Intel\iCLS Client\;C:\Program Files\Intel\iCLS Client\;C:\Windows\system32;C:\Windows;C:\Windows\System32\Wbem;C:\Windows\System32\WindowsPowerShell\v1.0\;C:\Program Files (x86)\NVIDIA Corporation\PhysX\Common;C:\Program Files (x86)\Intel\Intel(R) Management Engine Components\DAL;C:\Program Files\Intel\Intel(R) Management Engine Components\DAL;C:\Program Files (x86)\Intel\Intel(R) Management Engine Components\IPT;C:\Program Files\Intel\Intel(R) Management Engine Components\IPT;C:\Program Files\Intel\WiFi\bin\;C:\Program Files\Common Files\Intel\WirelessCommon\;C:\WINDOWS\system32;C:\WINDOWS;C:\WINDOWS\System32\Wbem;C:\WINDOWS\System32\WindowsPowerShell\v1.0\;C:\WINDOWS\System32\OpenSSH\;C:\Program Files\MySQL\MySQL Server 5.5\bin;C:\Program Files\NVIDIA Corporation\NVIDIA NvDLISR;E:\Head\;E:\vue\visual\bin;C:\WINDOWS\system32;C:\WINDOWS;C:\WINDOWS\System32\Wbem;C:\WINDOWS\System32\WindowsPowerShell\v1.0\;C:\WINDOWS\System32\OpenSSH\;E:\Git\cmd;C:\Users\ASUS\AppData\Local\Microsoft\WindowsApps;C:\Users\ASUS\AppData\Roaming\npm;E:\vue\bin;E:\vue\visual\bin;, USERDOMAIN_ROAMINGPROFILE=DESKTOP-LTOBJA5, LOCALAPPDATA=C:\Users\ASUS\AppData\Local, PROCESSOR_LEVEL=6, SYSTEMDRIVE=C:, COMMONPROGRAMFILES(X86)=C:\Program Files (x86)\Common Files, USERDOMAIN=DESKTOP-LTOBJA5, FPS_BROWSER_APP_PROFILE_STRING=Internet Explorer, LOGONSERVER=\\DESKTOP-LTOBJA5, JAVA_HOME=C:\Program Files\Java\jdk1.8.0_91, PROMPT=$P$G, SESSIONNAME=Console, ALLUSERSPROFILE=C:\ProgramData, PROGRAMFILES(X86)=C:\Program Files (x86), PROCESSOR_ARCHITECTURE=AMD64, DRIVERDATA=C:\Windows\System32\Drivers\DriverData, ERLANG_HOME=E:\rabbit\erl9.2, JRE_HOME=C:\Program Files\Java\jdk1.8.0_91\jre, =E:=E:\nginx-1.14\hdservicecode\hdservicecode\nm-service-manage-cms, PROGRAMFILES=C:\Program Files, APPDATA=C:\Users\ASUS\AppData\Roaming, PSMODULEPATH=C:\Program Files\WindowsPowerShell\Modules;C:\WINDOWS\system32\WindowsPowerShell\v1.0\Modules, PROGRAMW6432=C:\Program Files, PROGRAMDATA=C:\ProgramData, SYSTEMROOT=C:\WINDOWS, USERNAME=ASUS, FPS_BROWSER_USER_PROFILE_STRING=Default, ONEDRIVE=C:\Users\ASUS\OneDrive, PATHEXT=.COM;.EXE;.BAT;.CMD;.VBS;.VBE;.JS;.JSE;.WSF;.WSH;.MSC, OS=Windows_NT, COMMONPROGRAMW6432=C:\Program Files\Common Files, COMPUTERNAME=DESKTOP-LTOBJA5, ONEDRIVECONSUMER=C:\Users\ASUS\OneDrive, COMMONPROGRAMFILES=C:\Program Files\Common Files, COMSPEC=C:\WINDOWS\system32\cmd.exe, PROCESSOR_REVISION=9e09, CLASSPATH=.;C:\Program Files\Java\jdk1.8.0_91\lib\dt.jar;C:\Program Files\Java\jdk1.8.0_91\lib\tools.jar;, WINDIR=C:\WINDOWS, HOMEPATH=\Users\ASUS, TEMP=C:\Users\ASUS\AppData\Local\Temp, HOMEDRIVE=C:, PROCESSOR_IDENTIFIER=Intel64 Family 6 Model 158 Stepping 9, GenuineIntel, USERPROFILE=C:\Users\ASUS, TMP=C:\Users\ASUS\AppData\Local\Temp, PUBLIC=C:\Users\Public, NUMBER_OF_PROCESSORS=8, =::=::\}}]
10:07:34.774 [main] DEBUG org.springframework.core.io.support.PathMatchingResourcePatternResolver - Resolved classpath location [com/ningmeng/mange_cms/] to resources [URL [file:/E:/nginx-1.14/hdservicecode/hdservicecode/nm-service-manage-cms/target/test-classes/com/ningmeng/mange_cms/]]
10:07:34.775 [main] DEBUG org.springframework.core.io.support.PathMatchingResourcePatternResolver - Looking for matching resources in directory tree [E:\nginx-1.14\hdservicecode\hdservicecode\nm-service-manage-cms\target\test-classes\com\ningmeng\mange_cms]
10:07:34.775 [main] DEBUG org.springframework.core.io.support.PathMatchingResourcePatternResolver - Searching directory [E:\nginx-1.14\hdservicecode\hdservicecode\nm-service-manage-cms\target\test-classes\com\ningmeng\mange_cms] for files matching pattern [E:/nginx-1.14/hdservicecode/hdservicecode/nm-service-manage-cms/target/test-classes/com/ningmeng/mange_cms/*.class]
10:07:34.778 [main] DEBUG org.springframework.core.io.support.PathMatchingResourcePatternResolver - Resolved location pattern [classpath*:com/ningmeng/mange_cms/*.class] to resources [file [E:\nginx-1.14\hdservicecode\hdservicecode\nm-service-manage-cms\target\test-classes\com\ningmeng\mange_cms\CmsPageRepositoryTest.class]]
10:07:34.813 [main] DEBUG org.springframework.core.io.support.PathMatchingResourcePatternResolver - Resolved classpath location [com/ningmeng/] to resources [URL [file:/E:/nginx-1.14/hdservicecode/hdservicecode/nm-service-manage-cms/target/test-classes/com/ningmeng/], URL [file:/E:/nginx-1.14/hdservicecode/hdservicecode/nm-service-manage-cms/target/classes/com/ningmeng/], URL [jar:file:/E:/nginx-1.14/hdservicecode/hdservicecode/nm-service-api/target/nm-service-api.jar!/com/ningmeng/], URL [jar:file:/E:/nginx-1.14/hdservicecode/hdservicecode/nm-framework-model/target/nm-framework-model.jar!/com/ningmeng/], URL [jar:file:/E:/nginx-1.14/hdservicecode/hdservicecode/nm-framework-utils/target/nm-framework-utils.jar!/com/ningmeng/], URL [jar:file:/E:/nginx-1.14/hdservicecode/hdservicecode/nm-framework-common/target/nm-framework-common.jar!/com/ningmeng/]]
10:07:34.814 [main] DEBUG org.springframework.core.io.support.PathMatchingResourcePatternResolver - Looking for matching resources in directory tree [E:\nginx-1.14\hdservicecode\hdservicecode\nm-service-manage-cms\target\test-classes\com\ningmeng]
10:07:34.814 [main] DEBUG org.springframework.core.io.support.PathMatchingResourcePatternResolver - Searching directory [E:\nginx-1.14\hdservicecode\hdservicecode\nm-service-manage-cms\target\test-classes\com\ningmeng] for files matching pattern [E:/nginx-1.14/hdservicecode/hdservicecode/nm-service-manage-cms/target/test-classes/com/ningmeng/*.class]
10:07:34.815 [main] DEBUG org.springframework.core.io.support.PathMatchingResourcePatternResolver - Looking for matching resources in directory tree [E:\nginx-1.14\hdservicecode\hdservicecode\nm-service-manage-cms\target\classes\com\ningmeng]
10:07:34.815 [main] DEBUG org.springframework.core.io.support.PathMatchingResourcePatternResolver - Searching directory [E:\nginx-1.14\hdservicecode\hdservicecode\nm-service-manage-cms\target\classes\com\ningmeng] for files matching pattern [E:/nginx-1.14/hdservicecode/hdservicecode/nm-service-manage-cms/target/classes/com/ningmeng/*.class]
10:07:34.816 [main] DEBUG org.springframework.core.io.support.PathMatchingResourcePatternResolver - Looking for matching resources in jar file [file:/E:/nginx-1.14/hdservicecode/hdservicecode/nm-service-api/target/nm-service-api.jar]
10:07:34.816 [main] DEBUG org.springframework.core.io.support.PathMatchingResourcePatternResolver - Looking for matching resources in jar file [file:/E:/nginx-1.14/hdservicecode/hdservicecode/nm-framework-model/target/nm-framework-model.jar]
10:07:34.820 [main] DEBUG org.springframework.core.io.support.PathMatchingResourcePatternResolver - Looking for matching resources in jar file [file:/E:/nginx-1.14/hdservicecode/hdservicecode/nm-framework-utils/target/nm-framework-utils.jar]
10:07:34.821 [main] DEBUG org.springframework.core.io.support.PathMatchingResourcePatternResolver - Looking for matching resources in jar file [file:/E:/nginx-1.14/hdservicecode/hdservicecode/nm-framework-common/target/nm-framework-common.jar]
10:07:34.821 [main] DEBUG org.springframework.core.io.support.PathMatchingResourcePatternResolver - Resolved location pattern [classpath*:com/ningmeng/*.class] to resources []
10:07:34.824 [main] DEBUG org.springframework.core.io.support.PathMatchingResourcePatternResolver - Resolved classpath location [com/] to resources [URL [file:/E:/nginx-1.14/hdservicecode/hdservicecode/nm-service-manage-cms/target/test-classes/com/], URL [file:/E:/nginx-1.14/hdservicecode/hdservicecode/nm-service-manage-cms/target/classes/com/], URL [jar:file:/E:/nginx-1.14/hdservicecode/hdservicecode/nm-service-api/target/nm-service-api.jar!/com/], URL [jar:file:/E:/nginx-1.14/maven_config/repository/com/fasterxml/jackson/core/jackson-annotations/2.9.0/jackson-annotations-2.9.0.jar!/com/], URL [jar:file:/E:/nginx-1.14/maven_config/repository/com/fasterxml/classmate/1.3.4/classmate-1.3.4.jar!/com/], URL [jar:file:/E:/nginx-1.14/maven_config/repository/com/alibaba/fastjson/1.2.30/fastjson-1.2.30.jar!/com/], URL [jar:file:/E:/nginx-1.14/hdservicecode/hdservicecode/nm-framework-model/target/nm-framework-model.jar!/com/], URL [jar:file:/E:/nginx-1.14/maven_config/repository/org/projectlombok/lombok/1.16.16/lombok-1.16.16.jar!/com/], URL [jar:file:/E:/nginx-1.14/maven_config/repository/org/mongodb/mongo-java-driver/3.6.3/mongo-java-driver-3.6.3.jar!/com/], URL [jar:file:/E:/nginx-1.14/maven_config/repository/com/google/guava/guava/24.0-jre/guava-24.0-jre.jar!/com/], URL [jar:file:/E:/nginx-1.14/maven_config/repository/com/google/errorprone/error_prone_annotations/2.1.3/error_prone_annotations-2.1.3.jar!/com/], URL [jar:file:/E:/nginx-1.14/maven_config/repository/com/google/j2objc/j2objc-annotations/1.1/j2objc-annotations-1.1.jar!/com/], URL [jar:file:/E:/nginx-1.14/hdservicecode/hdservicecode/nm-framework-utils/target/nm-framework-utils.jar!/com/], URL [jar:file:/E:/nginx-1.14/hdservicecode/hdservicecode/nm-framework-common/target/nm-framework-common.jar!/com/], URL [jar:file:/E:/nginx-1.14/maven_config/repository/com/netflix/archaius/archaius-core/0.7.6/archaius-core-0.7.6.jar!/com/], URL [jar:file:/E:/nginx-1.14/maven_config/repository/com/netflix/hystrix/hystrix-core/1.5.12/hystrix-core-1.5.12.jar!/com/], URL [jar:file:/E:/nginx-1.14/maven_config/repository/com/fasterxml/jackson/core/jackson-databind/2.9.5/jackson-databind-2.9.5.jar!/com/], URL [jar:file:/E:/nginx-1.14/maven_config/repository/com/fasterxml/jackson/core/jackson-core/2.9.5/jackson-core-2.9.5.jar!/com/], URL [jar:file:/E:/nginx-1.14/maven_config/repository/com/fasterxml/jackson/datatype/jackson-datatype-jdk8/2.9.5/jackson-datatype-jdk8-2.9.5.jar!/com/], URL [jar:file:/E:/nginx-1.14/maven_config/repository/com/fasterxml/jackson/datatype/jackson-datatype-jsr310/2.9.5/jackson-datatype-jsr310-2.9.5.jar!/com/], URL [jar:file:/E:/nginx-1.14/maven_config/repository/com/fasterxml/jackson/module/jackson-module-parameter-names/2.9.5/jackson-module-parameter-names-2.9.5.jar!/com/], URL [jar:file:/E:/nginx-1.14/maven_config/repository/org/mongodb/mongodb-driver/3.6.3/mongodb-driver-3.6.3.jar!/com/], URL [jar:file:/E:/nginx-1.14/maven_config/repository/org/mongodb/mongodb-driver-core/3.6.3/mongodb-driver-core-3.6.3.jar!/com/], URL [jar:file:/E:/nginx-1.14/maven_config/repository/com/rabbitmq/amqp-client/5.1.2/amqp-client-5.1.2.jar!/com/], URL [jar:file:/E:/nginx-1.14/maven_config/repository/com/rabbitmq/http-client/2.0.1.RELEASE/http-client-2.0.1.RELEASE.jar!/com/], URL [jar:file:/E:/nginx-1.14/maven_config/repository/com/jayway/jsonpath/json-path/2.4.0/json-path-2.4.0.jar!/com/]]
10:07:34.825 [main] DEBUG org.springframework.core.io.support.PathMatchingResourcePatternResolver - Looking for matching resources in directory tree [E:\nginx-1.14\hdservicecode\hdservicecode\nm-service-manage-cms\target\test-classes\com]
10:07:34.825 [main] DEBUG org.springframework.core.io.support.PathMatchingResourcePatternResolver - Searching directory [E:\nginx-1.14\hdservicecode\hdservicecode\nm-service-manage-cms\target\test-classes\com] for files matching pattern [E:/nginx-1.14/hdservicecode/hdservicecode/nm-service-manage-cms/target/test-classes/com/*.class]
10:07:34.826 [main] DEBUG org.springframework.core.io.support.PathMatchingResourcePatternResolver - Looking for matching resources in directory tree [E:\nginx-1.14\hdservicecode\hdservicecode\nm-service-manage-cms\target\classes\com]
10:07:34.827 [main] DEBUG org.springframework.core.io.support.PathMatchingResourcePatternResolver - Searching directory [E:\nginx-1.14\hdservicecode\hdservicecode\nm-service-manage-cms\target\classes\com] for files matching pattern [E:/nginx-1.14/hdservicecode/hdservicecode/nm-service-manage-cms/target/classes/com/*.class]
10:07:34.828 [main] DEBUG org.springframework.core.io.support.PathMatchingResourcePatternResolver - Looking for matching resources in jar file [file:/E:/nginx-1.14/hdservicecode/hdservicecode/nm-service-api/target/nm-service-api.jar]
10:07:34.828 [main] DEBUG org.springframework.core.io.support.PathMatchingResourcePatternResolver - Looking for matching resources in jar file [file:/E:/nginx-1.14/maven_config/repository/com/fasterxml/jackson/core/jackson-annotations/2.9.0/jackson-annotations-2.9.0.jar]
10:07:34.830 [main] DEBUG org.springframework.core.io.support.PathMatchingResourcePatternResolver - Looking for matching resources in jar file [file:/E:/nginx-1.14/maven_config/repository/com/fasterxml/classmate/1.3.4/classmate-1.3.4.jar]
10:07:34.832 [main] DEBUG org.springframework.core.io.support.PathMatchingResourcePatternResolver - Looking for matching resources in jar file [file:/E:/nginx-1.14/maven_config/repository/com/alibaba/fastjson/1.2.30/fastjson-1.2.30.jar]
10:07:34.840 [main] DEBUG org.springframework.core.io.support.PathMatchingResourcePatternResolver - Looking for matching resources in jar file [file:/E:/nginx-1.14/hdservicecode/hdservicecode/nm-framework-model/target/nm-framework-model.jar]
10:07:34.842 [main] DEBUG org.springframework.core.io.support.PathMatchingResourcePatternResolver - Looking for matching resources in jar file [file:/E:/nginx-1.14/maven_config/repository/org/projectlombok/lombok/1.16.16/lombok-1.16.16.jar]
10:07:34.843 [main] DEBUG org.springframework.core.io.support.PathMatchingResourcePatternResolver - Looking for matching resources in jar file [file:/E:/nginx-1.14/maven_config/repository/org/mongodb/mongo-java-driver/3.6.3/mongo-java-driver-3.6.3.jar]
10:07:34.850 [main] DEBUG org.springframework.core.io.support.PathMatchingResourcePatternResolver - Looking for matching resources in jar file [file:/E:/nginx-1.14/maven_config/repository/com/google/guava/guava/24.0-jre/guava-24.0-jre.jar]
10:07:34.865 [main] DEBUG org.springframework.core.io.support.PathMatchingResourcePatternResolver - Looking for matching resources in jar file [file:/E:/nginx-1.14/maven_config/repository/com/google/errorprone/error_prone_annotations/2.1.3/error_prone_annotations-2.1.3.jar]
10:07:34.866 [main] DEBUG org.springframework.core.io.support.PathMatchingResourcePatternResolver - Looking for matching resources in jar file [file:/E:/nginx-1.14/maven_config/repository/com/google/j2objc/j2objc-annotations/1.1/j2objc-annotations-1.1.jar]
10:07:34.866 [main] DEBUG org.springframework.core.io.support.PathMatchingResourcePatternResolver - Looking for matching resources in jar file [file:/E:/nginx-1.14/hdservicecode/hdservicecode/nm-framework-utils/target/nm-framework-utils.jar]
10:07:34.867 [main] DEBUG org.springframework.core.io.support.PathMatchingResourcePatternResolver - Looking for matching resources in jar file [file:/E:/nginx-1.14/hdservicecode/hdservicecode/nm-framework-common/target/nm-framework-common.jar]
10:07:34.867 [main] DEBUG org.springframework.core.io.support.PathMatchingResourcePatternResolver - Looking for matching resources in jar file [file:/E:/nginx-1.14/maven_config/repository/com/netflix/archaius/archaius-core/0.7.6/archaius-core-0.7.6.jar]
10:07:34.868 [main] DEBUG org.springframework.core.io.support.PathMatchingResourcePatternResolver - Looking for matching resources in jar file [file:/E:/nginx-1.14/maven_config/repository/com/netflix/hystrix/hystrix-core/1.5.12/hystrix-core-1.5.12.jar]
10:07:34.871 [main] DEBUG org.springframework.core.io.support.PathMatchingResourcePatternResolver - Looking for matching resources in jar file [file:/E:/nginx-1.14/maven_config/repository/com/fasterxml/jackson/core/jackson-databind/2.9.5/jackson-databind-2.9.5.jar]
10:07:34.874 [main] DEBUG org.springframework.core.io.support.PathMatchingResourcePatternResolver - Looking for matching resources in jar file [file:/E:/nginx-1.14/maven_config/repository/com/fasterxml/jackson/core/jackson-core/2.9.5/jackson-core-2.9.5.jar]
10:07:34.875 [main] DEBUG org.springframework.core.io.support.PathMatchingResourcePatternResolver - Looking for matching resources in jar file [file:/E:/nginx-1.14/maven_config/repository/com/fasterxml/jackson/datatype/jackson-datatype-jdk8/2.9.5/jackson-datatype-jdk8-2.9.5.jar]
10:07:34.876 [main] DEBUG org.springframework.core.io.support.PathMatchingResourcePatternResolver - Looking for matching resources in jar file [file:/E:/nginx-1.14/maven_config/repository/com/fasterxml/jackson/datatype/jackson-datatype-jsr310/2.9.5/jackson-datatype-jsr310-2.9.5.jar]
10:07:34.876 [main] DEBUG org.springframework.core.io.support.PathMatchingResourcePatternResolver - Looking for matching resources in jar file [file:/E:/nginx-1.14/maven_config/repository/com/fasterxml/jackson/module/jackson-module-parameter-names/2.9.5/jackson-module-parameter-names-2.9.5.jar]
10:07:34.877 [main] DEBUG org.springframework.core.io.support.PathMatchingResourcePatternResolver - Looking for matching resources in jar file [file:/E:/nginx-1.14/maven_config/repository/org/mongodb/mongodb-driver/3.6.3/mongodb-driver-3.6.3.jar]
10:07:34.879 [main] DEBUG org.springframework.core.io.support.PathMatchingResourcePatternResolver - Looking for matching resources in jar file [file:/E:/nginx-1.14/maven_config/repository/org/mongodb/mongodb-driver-core/3.6.3/mongodb-driver-core-3.6.3.jar]
10:07:34.886 [main] DEBUG org.springframework.core.io.support.PathMatchingResourcePatternResolver - Looking for matching resources in jar file [file:/E:/nginx-1.14/maven_config/repository/com/rabbitmq/amqp-client/5.1.2/amqp-client-5.1.2.jar]
10:07:34.889 [main] DEBUG org.springframework.core.io.support.PathMatchingResourcePatternResolver - Looking for matching resources in jar file [file:/E:/nginx-1.14/maven_config/repository/com/rabbitmq/http-client/2.0.1.RELEASE/http-client-2.0.1.RELEASE.jar]
10:07:34.890 [main] DEBUG org.springframework.core.io.support.PathMatchingResourcePatternResolver - Looking for matching resources in jar file [file:/E:/nginx-1.14/maven_config/repository/com/jayway/jsonpath/json-path/2.4.0/json-path-2.4.0.jar]
10:07:34.892 [main] DEBUG org.springframework.core.io.support.PathMatchingResourcePatternResolver - Resolved location pattern [classpath*:com/*.class] to resources []
]]></system-out>
  </testcase>
</testsuite>